Loading user config located at: '/home/anyone/miniforge3/envs/env_isaaclab/lib/python3.11/site-packages/isaacsim/kit/data/Kit/Isaac-Sim/5.1/user.config.json'
[Info] [carb] Logging to file: /home/anyone/miniforge3/envs/env_isaaclab/lib/python3.11/site-packages/isaacsim/kit/logs/Kit/Isaac-Sim/5.1/kit_20260502_003316.log
2026-05-01T12:33:16Z [73ms] [Warning] [omni.usd_config.extension] Enable omni.materialx.libs extension to use MaterialX
2026-05-01T12:33:16Z [239ms] [Warning] [omni.platforminfo.plugin] failed to open the default display.  Can't verify X Server version.
2026-05-01T12:33:16Z [395ms] [Warning] [carb] Acquiring non optional plugin interface which is not listed as dependency: [omni::physx::IPhysxBenchmarks v1.0] (plugin: <default plugin>), by client: omni.physics.physx.plugin. Add it to CARB_PLUGIN_IMPL_DEPS() macro of a client.
2026-05-01T12:33:16Z [402ms] [Warning] [omni.isaac.dynamic_control] omni.isaac.dynamic_control is deprecated as of Isaac Sim 4.5. No action is needed from end-users.
2026-05-01T12:33:18Z [2,510ms] [Warning] [carb.cudainterop.plugin] CUDA_VISIBLE_DEVICES environment variable is set.
2026-05-01T12:33:18Z [2,510ms] [Warning] [carb.cudainterop.plugin] Note CUDA device enumeration and Omniverse device enumeration are different.
2026-05-01T12:33:18Z [2,510ms] [Warning] [carb.cudainterop.plugin] Setting CUDA_VISIBLE_DEVICES can lead to undesired behavior or crashes.
2026-05-01T12:33:19Z [2,943ms] [Warning] [gpu.foundation.plugin] Skipping NVIDIA GPU due CUDA being in bad state: NVIDIA GeForce RTX 5060 Ti
2026-05-01T12:33:19Z [2,943ms] [Warning] [gpu.foundation.plugin] Please restart your system if CUDA is known to work in your system.
2026-05-01T12:33:19Z [2,944ms] [Warning] [gpu.foundation.plugin] Skipping NVIDIA GPU due CUDA being in bad state: NVIDIA GeForce RTX 5060 Ti
2026-05-01T12:33:19Z [2,944ms] [Warning] [gpu.foundation.plugin] Please restart your system if CUDA is known to work in your system.

|---------------------------------------------------------------------------------------------|
| Driver Version: 580.126.09    | Graphics API: Vulkan
|=============================================================================================|
| GPU | Name                             | Active | LDA | GPU Memory | Vendor-ID | LUID       |
|     |                                  |        |     |            | Device-ID | UUID       |
|     |                                  |        |     |            | Bus-ID    |            |
|---------------------------------------------------------------------------------------------|
| 0   | NVIDIA GeForce RTX 5060 Ti       |        |     | 16557   MB | 10de      | 0          |
|     |                                  |        |     |            | 2d04      | 2b74a472.. |
|     |                                  |        |     |            | 1         |            |
|---------------------------------------------------------------------------------------------|
| 1   | NVIDIA GeForce RTX 5060 Ti       | Yes: 0 |     | 16557   MB | 10de      | 0          |
|     |                                  |        |     |            | 2d04      | 7c6496a1.. |
|     |                                  |        |     |            | 5         |            |
|=============================================================================================|
| OS: 24.04.3 LTS (Noble Numbat) ubuntu, Version: 24.04.3, Kernel: 6.14.0-37-generic
| Processor: Intel(R) Core(TM) i5-14400F
| Bare Metal Cores: 10 | Bare Metal Logical Cores: 20
| Available Cores:  16 
|---------------------------------------------------------------------------------------------|
| Total Memory (MB): 64136 | Free Memory: 54203
| Total Page/Swap (MB): 8191 | Free Page/Swap: 7806
|---------------------------------------------------------------------------------------------|
2026-05-01T12:33:19Z [3,182ms] [Warning] [gpu.foundation.plugin] PCIe link width current (4) and maximum (16) for device 1 don't match.
2026-05-01T12:33:19Z [3,182ms] [Warning] [gpu.foundation.plugin] IOMMU is enabled.
2026-05-01T12:33:19Z [3,182ms] [Warning] [gpu.foundation.plugin] Detected IOMMU is enabled. Running CUDA peer-to-peer bandwidth and latency validation.
/home/anyone/miniforge3/envs/env_isaaclab/lib/python3.11/site-packages/gymnasium/envs/registration.py:636: UserWarning: [33mWARN: Overriding environment Unitree-G1-29dof-Velocity already in registry.[0m
  logger.warn(f"Overriding environment {new_spec.id} already in registry.")
/home/anyone/miniforge3/envs/env_isaaclab/lib/python3.11/site-packages/gymnasium/envs/registration.py:636: UserWarning: [33mWARN: Overriding environment Unitree-Go2-Velocity already in registry.[0m
  logger.warn(f"Overriding environment {new_spec.id} already in registry.")
/home/anyone/miniforge3/envs/env_isaaclab/lib/python3.11/site-packages/gymnasium/envs/registration.py:636: UserWarning: [33mWARN: Overriding environment Unitree-Go2-Velocity-Lidar already in registry.[0m
  logger.warn(f"Overriding environment {new_spec.id} already in registry.")
/home/anyone/miniforge3/envs/env_isaaclab/lib/python3.11/site-packages/gymnasium/envs/registration.py:636: UserWarning: [33mWARN: Overriding environment Unitree-H1-Velocity already in registry.[0m
  logger.warn(f"Overriding environment {new_spec.id} already in registry.")
/home/anyone/miniforge3/envs/env_isaaclab/lib/python3.11/site-packages/gymnasium/envs/registration.py:636: UserWarning: [33mWARN: Overriding environment Unitree-G1-29dof-Mimic-Dance-102 already in registry.[0m
  logger.warn(f"Overriding environment {new_spec.id} already in registry.")
/home/anyone/miniforge3/envs/env_isaaclab/lib/python3.11/site-packages/gymnasium/envs/registration.py:636: UserWarning: [33mWARN: Overriding environment Unitree-G1-29dof-Mimic-Gangnanm-Style already in registry.[0m
  logger.warn(f"Overriding environment {new_spec.id} already in registry.")
[INFO][AppLauncher]: Using device: cuda:0
[INFO][AppLauncher]: Loading experience file: /home/anyone/IsaacLab/apps/isaaclab.python.headless.kit
[INFO]: Parsing configuration from: unitree_rl_lab.tasks.locomotion.robots.go2.velocity_lidar_env_cfg:RobotLidarEnvCfg
[INFO]: Parsing configuration from: unitree_rl_lab.tasks.locomotion.agents.rsl_rl_ppo_cfg:BasePPORunnerCfg
[INFO] Logging experiment in directory: /home/anyone/projects/doga/logs/rsl_rl/unitree_go2_velocity_lidar
Exact experiment name requested from command line: 2026-05-02_00-33-21

[36m======================================================================================[0m
[36m[1m[INFO][IsaacLab]: Logging to file: /tmp/isaaclab/logs/isaaclab_2026-05-02_00-33-21.log[0m
[36m======================================================================================[0m

[33m00:33:21 [simulation_context.py] WARNING: The `enable_external_forces_every_iteration` parameter in the PhysxCfg is set to False. If you are experiencing noisy velocities, consider enabling this flag. You may need to slightly increase the number of velocity iterations (setting it to 1 or 2 rather than 0), together with this flag, to improve the accuracy of velocity updates.[0m
[INFO]: Base environment:
	Environment device    : cuda:0
	Environment seed      : 42
	Physics step-size     : 0.005
	Rendering step-size   : 0.02
	Environment step-size : 0.02
[INFO] Generating terrains based on curriculum took : 1.435291 seconds
[INFO]: Time taken for scene creation : 5.512396 seconds
[INFO]: Scene manager:  <class InteractiveScene>
	Number of environments: 4096
	Environment spacing   : 2.5
	Source prim name      : /World/envs/env_0
	Global prim paths     : ['/World/ground']
	Replicate physics     : True
[INFO]: Starting the simulation. This may take a few seconds. Please wait...
[INFO]: Time taken for simulation start : 4.914811 seconds
[INFO] Command Manager:  <CommandManager> contains 1 active terms.
+------------------------------------------------+
|              Active Command Terms              |
+-------+---------------+------------------------+
| Index | Name          |          Type          |
+-------+---------------+------------------------+
|   0   | base_velocity | UniformVelocityCommand |
+-------+---------------+------------------------+

[INFO] Event Manager:  <EventManager> contains 3 active terms.
+--------------------------------------+
| Active Event Terms in Mode: 'startup' |
+----------+---------------------------+
|  Index   | Name                      |
+----------+---------------------------+
|    0     | physics_material          |
|    1     | add_base_mass             |
+----------+---------------------------+
+---------------------------------------+
|  Active Event Terms in Mode: 'reset'  |
+--------+------------------------------+
| Index  | Name                         |
+--------+------------------------------+
|   0    | base_external_force_torque   |
|   1    | reset_base                   |
|   2    | reset_robot_joints           |
+--------+------------------------------+
+----------------------------------------------+
|    Active Event Terms in Mode: 'interval'    |
+-------+------------+-------------------------+
| Index | Name       | Interval time range (s) |
+-------+------------+-------------------------+
|   0   | push_robot |       (5.0, 10.0)       |
+-------+------------+-------------------------+

[INFO] Recorder Manager:  <RecorderManager> contains 0 active terms.
+---------------------+
| Active Recorder Terms |
+-----------+---------+
|   Index   | Name    |
+-----------+---------+
+-----------+---------+

[INFO] Action Manager:  <ActionManager> contains 1 active terms.
+-----------------------------------------+
|     Active Action Terms (shape: 12)     |
+-------+---------------------+-----------+
| Index | Name                | Dimension |
+-------+---------------------+-----------+
|   0   | JointPositionAction |        12 |
+-------+---------------------+-----------+

[33m00:33:32 [ray_caster.py] WARNING: Raycaster attribute 'attach_yaw_only' property will be deprecated in a future release. Please use the parameter 'ray_alignment' instead. Setting ray_alignment to 'base'.[0m
/home/anyone/miniforge3/envs/env_isaaclab/lib/python3.11/site-packages/rsl_rl/utils/utils.py:245: UserWarning: The observation configuration dictionary 'obs_groups' must contain the 'policy' key. As an observation group with the name 'policy' was found, this is assumed to be the observation set. Consider adding the 'policy' key to the 'obs_groups' dictionary for clarity. This behavior will be removed in a future version.
  warnings.warn(
/home/anyone/miniforge3/envs/env_isaaclab/lib/python3.11/site-packages/rsl_rl/utils/utils.py:283: UserWarning: The observation configuration dictionary 'obs_groups' must contain the 'critic' key. As an observation group with the name 'critic' was found, this is assumed to be the observation set. Consider adding the 'critic' key to the 'obs_groups' dictionary for clarity. This behavior will be removed in a future version.
  warnings.warn(
[INFO] Observation Manager: <ObservationManager> contains 2 groups.
+------------------------------------------------------------+
| Active Observation Terms in Group: 'policy' (shape: (2349,)) |
+-----------+--------------------------------+---------------+
|   Index   | Name                           |     Shape     |
+-----------+--------------------------------+---------------+
|     0     | base_ang_vel                   |      (3,)     |
|     1     | projected_gravity              |      (3,)     |
|     2     | velocity_commands              |      (3,)     |
|     3     | joint_pos_rel                  |     (12,)     |
|     4     | joint_vel_rel                  |     (12,)     |
|     5     | last_action                    |     (12,)     |
|     6     | lidar                          |    (2304,)    |
+-----------+--------------------------------+---------------+
+------------------------------------------------------------+
| Active Observation Terms in Group: 'critic' (shape: (2364,)) |
+-----------+--------------------------------+---------------+
|   Index   | Name                           |     Shape     |
+-----------+--------------------------------+---------------+
|     0     | base_lin_vel                   |      (3,)     |
|     1     | base_ang_vel                   |      (3,)     |
|     2     | projected_gravity              |      (3,)     |
|     3     | velocity_commands              |      (3,)     |
|     4     | joint_pos_rel                  |     (12,)     |
|     5     | joint_vel_rel                  |     (12,)     |
|     6     | joint_effort                   |     (12,)     |
|     7     | last_action                    |     (12,)     |
|     8     | lidar_clean                    |    (2304,)    |
+-----------+--------------------------------+---------------+

[INFO] Termination Manager:  <TerminationManager> contains 3 active terms.
+------------------------------------+
|      Active Termination Terms      |
+-------+-----------------+----------+
| Index | Name            | Time Out |
+-------+-----------------+----------+
|   0   | time_out        |   True   |
|   1   | base_contact    |  False   |
|   2   | bad_orientation |  False   |
+-------+-----------------+----------+

[INFO] Reward Manager:  <RewardManager> contains 16 active terms.
+------------------------------------------+
|           Active Reward Terms            |
+-------+-----------------------+----------+
| Index | Name                  |   Weight |
+-------+-----------------------+----------+
|   0   | track_lin_vel_xy      |      1.5 |
|   1   | track_ang_vel_z       |     0.75 |
|   2   | base_linear_velocity  |     -2.0 |
|   3   | base_angular_velocity |    -0.05 |
|   4   | joint_vel             |   -0.001 |
|   5   | joint_acc             | -2.5e-07 |
|   6   | joint_torques         |  -0.0002 |
|   7   | action_rate           |     -0.1 |
|   8   | dof_pos_limits        |    -10.0 |
|   9   | energy                |   -2e-05 |
|   10  | flat_orientation_l2   |     -2.5 |
|   11  | joint_pos             |     -0.7 |
|   12  | feet_air_time         |      0.1 |
|   13  | air_time_variance     |     -1.0 |
|   14  | feet_slide            |     -0.1 |
|   15  | undesired_contacts    |       -1 |
+-------+-----------------------+----------+

[INFO] Curriculum Manager:  <CurriculumManager> contains 2 active terms.
+----------------------------+
|  Active Curriculum Terms   |
+-------+--------------------+
| Index | Name               |
+-------+--------------------+
|   0   | terrain_levels     |
|   1   | lin_vel_cmd_levels |
+-------+--------------------+

[INFO]: Completed setting up the environment...
--------------------------------------------------------------------------------
Resolved observation sets: 
	 policy :  ['policy']
	 critic :  ['critic']
--------------------------------------------------------------------------------
Actor MLP: MLP(
  (0): Linear(in_features=2349, out_features=512, bias=True)
  (1): ELU(alpha=1.0)
  (2): Linear(in_features=512, out_features=256, bias=True)
  (3): ELU(alpha=1.0)
  (4): Linear(in_features=256, out_features=128, bias=True)
  (5): ELU(alpha=1.0)
  (6): Linear(in_features=128, out_features=12, bias=True)
)
Critic MLP: MLP(
  (0): Linear(in_features=2364, out_features=512, bias=True)
  (1): ELU(alpha=1.0)
  (2): Linear(in_features=512, out_features=256, bias=True)
  (3): ELU(alpha=1.0)
  (4): Linear(in_features=256, out_features=128, bias=True)
  (5): ELU(alpha=1.0)
  (6): Linear(in_features=128, out_features=1, bias=True)
)
[33m00:33:37 [ray_caster.py] WARNING: Raycaster attribute 'attach_yaw_only' property will be deprecated in a future release. Please use the parameter 'ray_alignment' instead. Setting ray_alignment to 'base'.[0m
################################################################################
                     [1m Learning iteration 0/100000 [0m                      

                       Computation: 10861 steps/s (collection: 8.481s, learning 0.570s)
             Mean action noise std: 1.00
          Mean value_function loss: 8.5536
               Mean surrogate loss: 0.3178
                 Mean entropy loss: 17.0096
                       Mean reward: -1.37
               Mean episode length: 14.83
   Episode_Reward/track_lin_vel_xy: 0.0164
    Episode_Reward/track_ang_vel_z: 0.0036
Episode_Reward/base_linear_velocity: -0.0152
Episode_Reward/base_angular_velocity: -0.0077
          Episode_Reward/joint_vel: -0.0047
          Episode_Reward/joint_acc: -0.0043
      Episode_Reward/joint_torques: -0.0017
        Episode_Reward/action_rate: -0.0291
     Episode_Reward/dof_pos_limits: -0.0001
             Episode_Reward/energy: -0.0001
Episode_Reward/flat_orientation_l2: -0.0008
          Episode_Reward/joint_pos: -0.0111
      Episode_Reward/feet_air_time: -0.0000
  Episode_Reward/air_time_variance: -0.0000
         Episode_Reward/feet_slide: -0.0012
 Episode_Reward/undesired_contacts: -0.0005
         Curriculum/terrain_levels: 1.4946
     Curriculum/lin_vel_cmd_levels: 0.1000
Metrics/base_velocity/error_vel_xy: 0.0035
Metrics/base_velocity/error_vel_yaw: 0.0148
      Episode_Termination/time_out: 0.0122
  Episode_Termination/base_contact: 0.0001
Episode_Termination/bad_orientation: 0.0001
--------------------------------------------------------------------------------
                   Total timesteps: 98304
                    Iteration time: 9.05s
                      Time elapsed: 00:00:09
                               ETA: 11:24:20

Could not find git repository in /home/anyone/miniforge3/envs/env_isaaclab/lib/python3.11/site-packages/rsl_rl/__init__.py. Skipping.
Storing git diff for 'unitree_rl_lab' in: /home/anyone/projects/doga/logs/rsl_rl/unitree_go2_velocity_lidar/2026-05-02_00-33-21/git/unitree_rl_lab.diff
[33m00:33:43 [ray_caster.py] WARNING: Raycaster attribute 'attach_yaw_only' property will be deprecated in a future release. Please use the parameter 'ray_alignment' instead. Setting ray_alignment to 'base'.[0m
[33m00:33:48 [ray_caster.py] WARNING: Raycaster attribute 'attach_yaw_only' property will be deprecated in a future release. Please use the parameter 'ray_alignment' instead. Setting ray_alignment to 'base'.[0m
################################################################################
                     [1m Learning iteration 1/100000 [0m                      

                       Computation: 13344 steps/s (collection: 6.932s, learning 0.435s)
             Mean action noise std: 1.00
          Mean value_function loss: 3.4681
               Mean surrogate loss: 0.0019
                 Mean entropy loss: 17.0094
                       Mean reward: -4.86
               Mean episode length: 16.54
   Episode_Reward/track_lin_vel_xy: 0.0239
    Episode_Reward/track_ang_vel_z: 0.0050
Episode_Reward/base_linear_velocity: -0.0187
Episode_Reward/base_angular_velocity: -0.0251
          Episode_Reward/joint_vel: -0.0131
          Episode_Reward/joint_acc: -0.0179
      Episode_Reward/joint_torques: -0.0062
        Episode_Reward/action_rate: -0.1048
     Episode_Reward/dof_pos_limits: -0.0346
             Episode_Reward/energy: -0.0002
Episode_Reward/flat_orientation_l2: -0.0080
          Episode_Reward/joint_pos: -0.0318
      Episode_Reward/feet_air_time: -0.0001
  Episode_Reward/air_time_variance: -0.0002
         Episode_Reward/feet_slide: -0.0036
 Episode_Reward/undesired_contacts: -0.0027
         Curriculum/terrain_levels: 0.9943
     Curriculum/lin_vel_cmd_levels: 0.1000
Metrics/base_velocity/error_vel_xy: 0.0118
Metrics/base_velocity/error_vel_yaw: 0.0424
      Episode_Termination/time_out: 0.0192
  Episode_Termination/base_contact: 0.0001
Episode_Termination/bad_orientation: 0.5622
--------------------------------------------------------------------------------
                   Total timesteps: 196608
                    Iteration time: 7.37s
                      Time elapsed: 00:00:16
                               ETA: 12:01:01

[33m00:33:53 [ray_caster.py] WARNING: Raycaster attribute 'attach_yaw_only' property will be deprecated in a future release. Please use the parameter 'ray_alignment' instead. Setting ray_alignment to 'base'.[0m
[33m00:33:58 [ray_caster.py] WARNING: Raycaster attribute 'attach_yaw_only' property will be deprecated in a future release. Please use the parameter 'ray_alignment' instead. Setting ray_alignment to 'base'.[0m
################################################################################
                     [1m Learning iteration 2/100000 [0m                      

                       Computation: 10285 steps/s (collection: 9.123s, learning 0.434s)
             Mean action noise std: 1.00
          Mean value_function loss: 4.7052
               Mean surrogate loss: 0.0134
                 Mean entropy loss: 17.0104
                       Mean reward: -4.86
               Mean episode length: 14.57
   Episode_Reward/track_lin_vel_xy: 0.0131
    Episode_Reward/track_ang_vel_z: 0.0022
Episode_Reward/base_linear_velocity: -0.0104
Episode_Reward/base_angular_velocity: -0.0160
          Episode_Reward/joint_vel: -0.0106
          Episode_Reward/joint_acc: -0.0204
      Episode_Reward/joint_torques: -0.0059
        Episode_Reward/action_rate: -0.0884
     Episode_Reward/dof_pos_limits: -0.0591
             Episode_Reward/energy: -0.0001
Episode_Reward/flat_orientation_l2: -0.0095
          Episode_Reward/joint_pos: -0.0335
      Episode_Reward/feet_air_time: -0.0000
  Episode_Reward/air_time_variance: -0.0001
         Episode_Reward/feet_slide: -0.0014
 Episode_Reward/undesired_contacts: -0.0049
         Curriculum/terrain_levels: 0.7226
     Curriculum/lin_vel_cmd_levels: 0.1000
Metrics/base_velocity/error_vel_xy: 0.0107
Metrics/base_velocity/error_vel_yaw: 0.0393
      Episode_Termination/time_out: 0.0165
  Episode_Termination/base_contact: 0.0000
Episode_Termination/bad_orientation: 0.7813
--------------------------------------------------------------------------------
                   Total timesteps: 294912
                    Iteration time: 9.56s
                      Time elapsed: 00:00:25
                               ETA: 00:30:02

[33m00:34:03 [ray_caster.py] WARNING: Raycaster attribute 'attach_yaw_only' property will be deprecated in a future release. Please use the parameter 'ray_alignment' instead. Setting ray_alignment to 'base'.[0m
[33m00:34:09 [ray_caster.py] WARNING: Raycaster attribute 'attach_yaw_only' property will be deprecated in a future release. Please use the parameter 'ray_alignment' instead. Setting ray_alignment to 'base'.[0m
################################################################################
                     [1m Learning iteration 3/100000 [0m                      

                       Computation: 9766 steps/s (collection: 9.631s, learning 0.434s)
             Mean action noise std: 1.00
          Mean value_function loss: 4.7129
               Mean surrogate loss: 0.0066
                 Mean entropy loss: 17.0110
                       Mean reward: -7.25
               Mean episode length: 24.74
   Episode_Reward/track_lin_vel_xy: 0.0242
    Episode_Reward/track_ang_vel_z: 0.0051
Episode_Reward/base_linear_velocity: -0.0132
Episode_Reward/base_angular_velocity: -0.0179
          Episode_Reward/joint_vel: -0.0119
          Episode_Reward/joint_acc: -0.0222
      Episode_Reward/joint_torques: -0.0097
        Episode_Reward/action_rate: -0.1097
     Episode_Reward/dof_pos_limits: -0.1015
             Episode_Reward/energy: -0.0002
Episode_Reward/flat_orientation_l2: -0.0157
          Episode_Reward/joint_pos: -0.0622
      Episode_Reward/feet_air_time: -0.0000
  Episode_Reward/air_time_variance: -0.0004
         Episode_Reward/feet_slide: -0.0023
 Episode_Reward/undesired_contacts: -0.0129
         Curriculum/terrain_levels: 0.7006
     Curriculum/lin_vel_cmd_levels: 0.1000
Metrics/base_velocity/error_vel_xy: 0.0142
Metrics/base_velocity/error_vel_yaw: 0.0499
      Episode_Termination/time_out: 0.0194
  Episode_Termination/base_contact: 0.0000
Episode_Termination/bad_orientation: 0.7966
--------------------------------------------------------------------------------
                   Total timesteps: 393216
                    Iteration time: 10.06s
                      Time elapsed: 00:00:36
                               ETA: 10:16:01

[33m00:34:14 [ray_caster.py] WARNING: Raycaster attribute 'attach_yaw_only' property will be deprecated in a future release. Please use the parameter 'ray_alignment' instead. Setting ray_alignment to 'base'.[0m
[33m00:34:19 [ray_caster.py] WARNING: Raycaster attribute 'attach_yaw_only' property will be deprecated in a future release. Please use the parameter 'ray_alignment' instead. Setting ray_alignment to 'base'.[0m
################################################################################
                     [1m Learning iteration 4/100000 [0m                      

                       Computation: 9520 steps/s (collection: 9.891s, learning 0.435s)
             Mean action noise std: 1.00
          Mean value_function loss: 4.8013
               Mean surrogate loss: 0.0189
                 Mean entropy loss: 17.0115
                       Mean reward: -11.65
               Mean episode length: 42.57
   Episode_Reward/track_lin_vel_xy: 0.0459
    Episode_Reward/track_ang_vel_z: 0.0092
Episode_Reward/base_linear_velocity: -0.0164
Episode_Reward/base_angular_velocity: -0.0201
          Episode_Reward/joint_vel: -0.0141
          Episode_Reward/joint_acc: -0.0263
      Episode_Reward/joint_torques: -0.0171
        Episode_Reward/action_rate: -0.1473
     Episode_Reward/dof_pos_limits: -0.1835
             Episode_Reward/energy: -0.0002
Episode_Reward/flat_orientation_l2: -0.0264
          Episode_Reward/joint_pos: -0.1209
      Episode_Reward/feet_air_time: -0.0001
  Episode_Reward/air_time_variance: -0.0008
         Episode_Reward/feet_slide: -0.0039
 Episode_Reward/undesired_contacts: -0.0286
         Curriculum/terrain_levels: 0.6907
     Curriculum/lin_vel_cmd_levels: 0.1000
Metrics/base_velocity/error_vel_xy: 0.0195
Metrics/base_velocity/error_vel_yaw: 0.0734
      Episode_Termination/time_out: 0.0225
  Episode_Termination/base_contact: 0.0000
Episode_Termination/bad_orientation: 0.8016
--------------------------------------------------------------------------------
                   Total timesteps: 491520
                    Iteration time: 10.33s
                      Time elapsed: 00:00:46
                               ETA: 17:34:31

[33m00:34:25 [ray_caster.py] WARNING: Raycaster attribute 'attach_yaw_only' property will be deprecated in a future release. Please use the parameter 'ray_alignment' instead. Setting ray_alignment to 'base'.[0m
################################################################################
                     [1m Learning iteration 5/100000 [0m                      

                       Computation: 9587 steps/s (collection: 9.819s, learning 0.434s)
             Mean action noise std: 1.00
          Mean value_function loss: 4.3680
               Mean surrogate loss: 0.0307
                 Mean entropy loss: 17.0120
                       Mean reward: -14.64
               Mean episode length: 58.83
   Episode_Reward/track_lin_vel_xy: 0.0727
    Episode_Reward/track_ang_vel_z: 0.0150
Episode_Reward/base_linear_velocity: -0.0173
Episode_Reward/base_angular_velocity: -0.0217
          Episode_Reward/joint_vel: -0.0162
          Episode_Reward/joint_acc: -0.0290
      Episode_Reward/joint_torques: -0.0266
        Episode_Reward/action_rate: -0.1951
     Episode_Reward/dof_pos_limits: -0.2916
             Episode_Reward/energy: -0.0002
Episode_Reward/flat_orientation_l2: -0.0394
          Episode_Reward/joint_pos: -0.1381
      Episode_Reward/feet_air_time: -0.0001
  Episode_Reward/air_time_variance: -0.0014
         Episode_Reward/feet_slide: -0.0050
 Episode_Reward/undesired_contacts: -0.0479
         Curriculum/terrain_levels: 0.6829
     Curriculum/lin_vel_cmd_levels: 0.1000
Metrics/base_velocity/error_vel_xy: 0.0258
Metrics/base_velocity/error_vel_yaw: 0.1013
      Episode_Termination/time_out: 0.0255
  Episode_Termination/base_contact: 0.0000
Episode_Termination/bad_orientation: 0.8057
--------------------------------------------------------------------------------
                   Total timesteps: 589824
                    Iteration time: 10.25s
                      Time elapsed: 00:00:56
                               ETA: 22:06:34

[33m00:34:30 [ray_caster.py] WARNING: Raycaster attribute 'attach_yaw_only' property will be deprecated in a future release. Please use the parameter 'ray_alignment' instead. Setting ray_alignment to 'base'.[0m
[33m00:34:36 [ray_caster.py] WARNING: Raycaster attribute 'attach_yaw_only' property will be deprecated in a future release. Please use the parameter 'ray_alignment' instead. Setting ray_alignment to 'base'.[0m
################################################################################
                     [1m Learning iteration 6/100000 [0m                      

                       Computation: 9597 steps/s (collection: 9.802s, learning 0.440s)
             Mean action noise std: 1.00
          Mean value_function loss: 4.1617
               Mean surrogate loss: 0.0354
                 Mean entropy loss: 17.0126
                       Mean reward: -18.32
               Mean episode length: 74.88
   Episode_Reward/track_lin_vel_xy: 0.0972
    Episode_Reward/track_ang_vel_z: 0.0205
Episode_Reward/base_linear_velocity: -0.0171
Episode_Reward/base_angular_velocity: -0.0208
          Episode_Reward/joint_vel: -0.0186
          Episode_Reward/joint_acc: -0.0310
      Episode_Reward/joint_torques: -0.0337
        Episode_Reward/action_rate: -0.2377
     Episode_Reward/dof_pos_limits: -0.3706
             Episode_Reward/energy: -0.0003
Episode_Reward/flat_orientation_l2: -0.0609
          Episode_Reward/joint_pos: -0.1918
      Episode_Reward/feet_air_time: -0.0002
  Episode_Reward/air_time_variance: -0.0017
         Episode_Reward/feet_slide: -0.0054
 Episode_Reward/undesired_contacts: -0.0707
         Curriculum/terrain_levels: 0.6726
     Curriculum/lin_vel_cmd_levels: 0.1000
Metrics/base_velocity/error_vel_xy: 0.0305
Metrics/base_velocity/error_vel_yaw: 0.1206
      Episode_Termination/time_out: 0.0277
  Episode_Termination/base_contact: 0.0000
Episode_Termination/bad_orientation: 0.8100
--------------------------------------------------------------------------------
                   Total timesteps: 688128
                    Iteration time: 10.24s
                      Time elapsed: 00:01:06
                               ETA: 01:18:16

[33m00:34:41 [ray_caster.py] WARNING: Raycaster attribute 'attach_yaw_only' property will be deprecated in a future release. Please use the parameter 'ray_alignment' instead. Setting ray_alignment to 'base'.[0m
[33m00:34:46 [ray_caster.py] WARNING: Raycaster attribute 'attach_yaw_only' property will be deprecated in a future release. Please use the parameter 'ray_alignment' instead. Setting ray_alignment to 'base'.[0m
################################################################################
                     [1m Learning iteration 7/100000 [0m                      

                       Computation: 9639 steps/s (collection: 9.761s, learning 0.437s)
             Mean action noise std: 1.00
          Mean value_function loss: 4.0101
               Mean surrogate loss: 0.0325
                 Mean entropy loss: 17.0130
                       Mean reward: -24.82
               Mean episode length: 100.01
   Episode_Reward/track_lin_vel_xy: 0.1235
    Episode_Reward/track_ang_vel_z: 0.0263
Episode_Reward/base_linear_velocity: -0.0191
Episode_Reward/base_angular_velocity: -0.0220
          Episode_Reward/joint_vel: -0.0208
          Episode_Reward/joint_acc: -0.0357
      Episode_Reward/joint_torques: -0.0438
        Episode_Reward/action_rate: -0.2872
     Episode_Reward/dof_pos_limits: -0.4995
             Episode_Reward/energy: -0.0003
Episode_Reward/flat_orientation_l2: -0.0691
          Episode_Reward/joint_pos: -0.2774
      Episode_Reward/feet_air_time: -0.0004
  Episode_Reward/air_time_variance: -0.0025
         Episode_Reward/feet_slide: -0.0074
 Episode_Reward/undesired_contacts: -0.0844
         Curriculum/terrain_levels: 0.6626
     Curriculum/lin_vel_cmd_levels: 0.1000
Metrics/base_velocity/error_vel_xy: 0.0359
Metrics/base_velocity/error_vel_yaw: 0.1490
      Episode_Termination/time_out: 0.0306
  Episode_Termination/base_contact: 0.0000
Episode_Termination/bad_orientation: 0.8141
--------------------------------------------------------------------------------
                   Total timesteps: 786432
                    Iteration time: 10.20s
                      Time elapsed: 00:01:17
                               ETA: 03:32:46

[33m00:34:52 [ray_caster.py] WARNING: Raycaster attribute 'attach_yaw_only' property will be deprecated in a future release. Please use the parameter 'ray_alignment' instead. Setting ray_alignment to 'base'.[0m
[33m00:34:57 [ray_caster.py] WARNING: Raycaster attribute 'attach_yaw_only' property will be deprecated in a future release. Please use the parameter 'ray_alignment' instead. Setting ray_alignment to 'base'.[0m
################################################################################
                     [1m Learning iteration 8/100000 [0m                      

                       Computation: 9672 steps/s (collection: 9.730s, learning 0.434s)
             Mean action noise std: 1.00
          Mean value_function loss: 3.8523
               Mean surrogate loss: 0.0147
                 Mean entropy loss: 17.0137
                       Mean reward: -26.53
               Mean episode length: 102.76
   Episode_Reward/track_lin_vel_xy: 0.1436
    Episode_Reward/track_ang_vel_z: 0.0323
Episode_Reward/base_linear_velocity: -0.0199
Episode_Reward/base_angular_velocity: -0.0221
          Episode_Reward/joint_vel: -0.0215
          Episode_Reward/joint_acc: -0.0388
      Episode_Reward/joint_torques: -0.0505
        Episode_Reward/action_rate: -0.3174
     Episode_Reward/dof_pos_limits: -0.5877
             Episode_Reward/energy: -0.0003
Episode_Reward/flat_orientation_l2: -0.0797
          Episode_Reward/joint_pos: -0.3899
      Episode_Reward/feet_air_time: -0.0002
  Episode_Reward/air_time_variance: -0.0027
         Episode_Reward/feet_slide: -0.0081
 Episode_Reward/undesired_contacts: -0.0992
         Curriculum/terrain_levels: 0.6509
     Curriculum/lin_vel_cmd_levels: 0.1000
Metrics/base_velocity/error_vel_xy: 0.0382
Metrics/base_velocity/error_vel_yaw: 0.1578
      Episode_Termination/time_out: 0.0345
  Episode_Termination/base_contact: 0.0000
Episode_Termination/bad_orientation: 0.8183
--------------------------------------------------------------------------------
                   Total timesteps: 884736
                    Iteration time: 10.16s
                      Time elapsed: 00:01:27
                               ETA: 05:10:58

[33m00:35:02 [ray_caster.py] WARNING: Raycaster attribute 'attach_yaw_only' property will be deprecated in a future release. Please use the parameter 'ray_alignment' instead. Setting ray_alignment to 'base'.[0m
[33m00:35:08 [ray_caster.py] WARNING: Raycaster attribute 'attach_yaw_only' property will be deprecated in a future release. Please use the parameter 'ray_alignment' instead. Setting ray_alignment to 'base'.[0m
################################################################################
                     [1m Learning iteration 9/100000 [0m                      

                       Computation: 9705 steps/s (collection: 9.690s, learning 0.439s)
             Mean action noise std: 1.00
          Mean value_function loss: 3.8164
               Mean surrogate loss: 0.0471
                 Mean entropy loss: 17.0149
                       Mean reward: -27.57
               Mean episode length: 112.14
   Episode_Reward/track_lin_vel_xy: 0.1369
    Episode_Reward/track_ang_vel_z: 0.0273
Episode_Reward/base_linear_velocity: -0.0180
Episode_Reward/base_angular_velocity: -0.0205
          Episode_Reward/joint_vel: -0.0210
          Episode_Reward/joint_acc: -0.0400
      Episode_Reward/joint_torques: -0.0488
        Episode_Reward/action_rate: -0.3088
     Episode_Reward/dof_pos_limits: -0.5616
             Episode_Reward/energy: -0.0003
Episode_Reward/flat_orientation_l2: -0.0807
          Episode_Reward/joint_pos: -0.2626
      Episode_Reward/feet_air_time: -0.0004
  Episode_Reward/air_time_variance: -0.0029
         Episode_Reward/feet_slide: -0.0076
 Episode_Reward/undesired_contacts: -0.0991
         Curriculum/terrain_levels: 0.6373
     Curriculum/lin_vel_cmd_levels: 0.1000
Metrics/base_velocity/error_vel_xy: 0.0379
Metrics/base_velocity/error_vel_yaw: 0.1649
      Episode_Termination/time_out: 0.0360
  Episode_Termination/base_contact: 0.0000
Episode_Termination/bad_orientation: 0.8245
--------------------------------------------------------------------------------
                   Total timesteps: 983040
                    Iteration time: 10.13s
                      Time elapsed: 00:01:37
                               ETA: 06:23:41

[33m00:35:13 [ray_caster.py] WARNING: Raycaster attribute 'attach_yaw_only' property will be deprecated in a future release. Please use the parameter 'ray_alignment' instead. Setting ray_alignment to 'base'.[0m
[33m00:35:18 [ray_caster.py] WARNING: Raycaster attribute 'attach_yaw_only' property will be deprecated in a future release. Please use the parameter 'ray_alignment' instead. Setting ray_alignment to 'base'.[0m
################################################################################
                     [1m Learning iteration 10/100000 [0m                     

                       Computation: 9657 steps/s (collection: 9.734s, learning 0.444s)
             Mean action noise std: 1.00
          Mean value_function loss: 3.7127
               Mean surrogate loss: 0.0075
                 Mean entropy loss: 17.0158
                       Mean reward: -30.67
               Mean episode length: 125.06
   Episode_Reward/track_lin_vel_xy: 0.1445
    Episode_Reward/track_ang_vel_z: 0.0327
Episode_Reward/base_linear_velocity: -0.0162
Episode_Reward/base_angular_velocity: -0.0198
          Episode_Reward/joint_vel: -0.0212
          Episode_Reward/joint_acc: -0.0403
      Episode_Reward/joint_torques: -0.0511
        Episode_Reward/action_rate: -0.3199
     Episode_Reward/dof_pos_limits: -0.5855
             Episode_Reward/energy: -0.0003
Episode_Reward/flat_orientation_l2: -0.0882
          Episode_Reward/joint_pos: -0.3161
      Episode_Reward/feet_air_time: -0.0003
  Episode_Reward/air_time_variance: -0.0028
         Episode_Reward/feet_slide: -0.0079
 Episode_Reward/undesired_contacts: -0.1069
         Curriculum/terrain_levels: 0.6241
     Curriculum/lin_vel_cmd_levels: 0.1000
Metrics/base_velocity/error_vel_xy: 0.0385
Metrics/base_velocity/error_vel_yaw: 0.1573
      Episode_Termination/time_out: 0.0375
  Episode_Termination/base_contact: 0.0000
Episode_Termination/bad_orientation: 0.8300
--------------------------------------------------------------------------------
                   Total timesteps: 1081344
                    Iteration time: 10.18s
                      Time elapsed: 00:01:47
                               ETA: 07:30:45

[33m00:35:23 [ray_caster.py] WARNING: Raycaster attribute 'attach_yaw_only' property will be deprecated in a future release. Please use the parameter 'ray_alignment' instead. Setting ray_alignment to 'base'.[0m
[33m00:35:29 [ray_caster.py] WARNING: Raycaster attribute 'attach_yaw_only' property will be deprecated in a future release. Please use the parameter 'ray_alignment' instead. Setting ray_alignment to 'base'.[0m
################################################################################
                     [1m Learning iteration 11/100000 [0m                     

                       Computation: 9753 steps/s (collection: 9.644s, learning 0.436s)
             Mean action noise std: 1.00
          Mean value_function loss: 3.7241
               Mean surrogate loss: 0.0082
                 Mean entropy loss: 17.0167
                       Mean reward: -24.68
               Mean episode length: 95.87
   Episode_Reward/track_lin_vel_xy: 0.1439
    Episode_Reward/track_ang_vel_z: 0.0302
Episode_Reward/base_linear_velocity: -0.0160
Episode_Reward/base_angular_velocity: -0.0195
          Episode_Reward/joint_vel: -0.0209
          Episode_Reward/joint_acc: -0.0397
      Episode_Reward/joint_torques: -0.0507
        Episode_Reward/action_rate: -0.3163
     Episode_Reward/dof_pos_limits: -0.5851
             Episode_Reward/energy: -0.0003
Episode_Reward/flat_orientation_l2: -0.0861
          Episode_Reward/joint_pos: -0.3125
      Episode_Reward/feet_air_time: -0.0003
  Episode_Reward/air_time_variance: -0.0030
         Episode_Reward/feet_slide: -0.0075
 Episode_Reward/undesired_contacts: -0.1045
         Curriculum/terrain_levels: 0.6007
     Curriculum/lin_vel_cmd_levels: 0.1000
Metrics/base_velocity/error_vel_xy: 0.0373
Metrics/base_velocity/error_vel_yaw: 0.1642
      Episode_Termination/time_out: 0.0380
  Episode_Termination/base_contact: 0.0000
Episode_Termination/bad_orientation: 0.8411
--------------------------------------------------------------------------------
                   Total timesteps: 1179648
                    Iteration time: 10.08s
                      Time elapsed: 00:01:57
                               ETA: 08:12:47

[33m00:35:34 [ray_caster.py] WARNING: Raycaster attribute 'attach_yaw_only' property will be deprecated in a future release. Please use the parameter 'ray_alignment' instead. Setting ray_alignment to 'base'.[0m
[33m00:35:39 [ray_caster.py] WARNING: Raycaster attribute 'attach_yaw_only' property will be deprecated in a future release. Please use the parameter 'ray_alignment' instead. Setting ray_alignment to 'base'.[0m
################################################################################
                     [1m Learning iteration 12/100000 [0m                     

                       Computation: 9721 steps/s (collection: 9.675s, learning 0.437s)
             Mean action noise std: 1.00
          Mean value_function loss: 3.9267
               Mean surrogate loss: 0.0080
                 Mean entropy loss: 17.0173
                       Mean reward: -33.38
               Mean episode length: 121.67
   Episode_Reward/track_lin_vel_xy: 0.1522
    Episode_Reward/track_ang_vel_z: 0.0354
Episode_Reward/base_linear_velocity: -0.0152
Episode_Reward/base_angular_velocity: -0.0179
          Episode_Reward/joint_vel: -0.0210
          Episode_Reward/joint_acc: -0.0414
      Episode_Reward/joint_torques: -0.0540
        Episode_Reward/action_rate: -0.3298
     Episode_Reward/dof_pos_limits: -0.6265
             Episode_Reward/energy: -0.0003
Episode_Reward/flat_orientation_l2: -0.0921
          Episode_Reward/joint_pos: -0.4154
      Episode_Reward/feet_air_time: -0.0004
  Episode_Reward/air_time_variance: -0.0034
         Episode_Reward/feet_slide: -0.0074
 Episode_Reward/undesired_contacts: -0.1145
         Curriculum/terrain_levels: 0.5735
     Curriculum/lin_vel_cmd_levels: 0.1000
Metrics/base_velocity/error_vel_xy: 0.0377
Metrics/base_velocity/error_vel_yaw: 0.1576
      Episode_Termination/time_out: 0.0399
  Episode_Termination/base_contact: 0.0000
Episode_Termination/bad_orientation: 0.8505
--------------------------------------------------------------------------------
                   Total timesteps: 1277952
                    Iteration time: 10.11s
                      Time elapsed: 00:02:07
                               ETA: 08:52:28

[33m00:35:44 [ray_caster.py] WARNING: Raycaster attribute 'attach_yaw_only' property will be deprecated in a future release. Please use the parameter 'ray_alignment' instead. Setting ray_alignment to 'base'.[0m
[33m00:35:50 [ray_caster.py] WARNING: Raycaster attribute 'attach_yaw_only' property will be deprecated in a future release. Please use the parameter 'ray_alignment' instead. Setting ray_alignment to 'base'.[0m
################################################################################
                     [1m Learning iteration 13/100000 [0m                     

                       Computation: 9735 steps/s (collection: 9.658s, learning 0.440s)
             Mean action noise std: 1.00
          Mean value_function loss: 4.0344
               Mean surrogate loss: 0.0050
                 Mean entropy loss: 17.0179
                       Mean reward: -22.82
               Mean episode length: 85.25
   Episode_Reward/track_lin_vel_xy: 0.1234
    Episode_Reward/track_ang_vel_z: 0.0276
Episode_Reward/base_linear_velocity: -0.0135
Episode_Reward/base_angular_velocity: -0.0178
          Episode_Reward/joint_vel: -0.0188
          Episode_Reward/joint_acc: -0.0362
      Episode_Reward/joint_torques: -0.0441
        Episode_Reward/action_rate: -0.2803
     Episode_Reward/dof_pos_limits: -0.5143
             Episode_Reward/energy: -0.0003
Episode_Reward/flat_orientation_l2: -0.0740
          Episode_Reward/joint_pos: -0.3272
      Episode_Reward/feet_air_time: -0.0002
  Episode_Reward/air_time_variance: -0.0027
         Episode_Reward/feet_slide: -0.0063
 Episode_Reward/undesired_contacts: -0.0883
         Curriculum/terrain_levels: 0.5481
     Curriculum/lin_vel_cmd_levels: 0.1000
Metrics/base_velocity/error_vel_xy: 0.0321
Metrics/base_velocity/error_vel_yaw: 0.1362
      Episode_Termination/time_out: 0.0393
  Episode_Termination/base_contact: 0.0001
Episode_Termination/bad_orientation: 0.8611
--------------------------------------------------------------------------------
                   Total timesteps: 1376256
                    Iteration time: 10.10s
                      Time elapsed: 00:02:17
                               ETA: 09:24:45

[33m00:35:55 [ray_caster.py] WARNING: Raycaster attribute 'attach_yaw_only' property will be deprecated in a future release. Please use the parameter 'ray_alignment' instead. Setting ray_alignment to 'base'.[0m
[33m00:36:00 [ray_caster.py] WARNING: Raycaster attribute 'attach_yaw_only' property will be deprecated in a future release. Please use the parameter 'ray_alignment' instead. Setting ray_alignment to 'base'.[0m
################################################################################
                     [1m Learning iteration 14/100000 [0m                     

                       Computation: 9674 steps/s (collection: 9.724s, learning 0.437s)
             Mean action noise std: 1.00
          Mean value_function loss: 4.0665
               Mean surrogate loss: 0.0093
                 Mean entropy loss: 17.0186
                       Mean reward: -27.39
               Mean episode length: 106.65
   Episode_Reward/track_lin_vel_xy: 0.1260
    Episode_Reward/track_ang_vel_z: 0.0261
Episode_Reward/base_linear_velocity: -0.0133
Episode_Reward/base_angular_velocity: -0.0175
          Episode_Reward/joint_vel: -0.0190
          Episode_Reward/joint_acc: -0.0367
      Episode_Reward/joint_torques: -0.0448
        Episode_Reward/action_rate: -0.2840
     Episode_Reward/dof_pos_limits: -0.5210
             Episode_Reward/energy: -0.0003
Episode_Reward/flat_orientation_l2: -0.0770
          Episode_Reward/joint_pos: -0.2795
      Episode_Reward/feet_air_time: -0.0002
  Episode_Reward/air_time_variance: -0.0026
         Episode_Reward/feet_slide: -0.0062
 Episode_Reward/undesired_contacts: -0.0938
         Curriculum/terrain_levels: 0.5226
     Curriculum/lin_vel_cmd_levels: 0.1000
Metrics/base_velocity/error_vel_xy: 0.0325
Metrics/base_velocity/error_vel_yaw: 0.1458
      Episode_Termination/time_out: 0.0371
  Episode_Termination/base_contact: 0.0000
Episode_Termination/bad_orientation: 0.8726
--------------------------------------------------------------------------------
                   Total timesteps: 1474560
                    Iteration time: 10.16s
                      Time elapsed: 00:02:27
                               ETA: 09:59:46

[33m00:36:06 [ray_caster.py] WARNING: Raycaster attribute 'attach_yaw_only' property will be deprecated in a future release. Please use the parameter 'ray_alignment' instead. Setting ray_alignment to 'base'.[0m
[33m00:36:11 [ray_caster.py] WARNING: Raycaster attribute 'attach_yaw_only' property will be deprecated in a future release. Please use the parameter 'ray_alignment' instead. Setting ray_alignment to 'base'.[0m
################################################################################
                     [1m Learning iteration 15/100000 [0m                     

                       Computation: 9689 steps/s (collection: 9.702s, learning 0.444s)
             Mean action noise std: 1.00
          Mean value_function loss: 3.8398
               Mean surrogate loss: 0.0019
                 Mean entropy loss: 17.0192
                       Mean reward: -22.78
               Mean episode length: 86.84
   Episode_Reward/track_lin_vel_xy: 0.1125
    Episode_Reward/track_ang_vel_z: 0.0258
Episode_Reward/base_linear_velocity: -0.0128
Episode_Reward/base_angular_velocity: -0.0166
          Episode_Reward/joint_vel: -0.0178
          Episode_Reward/joint_acc: -0.0346
      Episode_Reward/joint_torques: -0.0401
        Episode_Reward/action_rate: -0.2599
     Episode_Reward/dof_pos_limits: -0.4637
             Episode_Reward/energy: -0.0003
Episode_Reward/flat_orientation_l2: -0.0689
          Episode_Reward/joint_pos: -0.2984
      Episode_Reward/feet_air_time: -0.0002
  Episode_Reward/air_time_variance: -0.0024
         Episode_Reward/feet_slide: -0.0057
 Episode_Reward/undesired_contacts: -0.0860
         Curriculum/terrain_levels: 0.4992
     Curriculum/lin_vel_cmd_levels: 0.1000
Metrics/base_velocity/error_vel_xy: 0.0292
Metrics/base_velocity/error_vel_yaw: 0.1222
      Episode_Termination/time_out: 0.0350
  Episode_Termination/base_contact: 0.0000
Episode_Termination/bad_orientation: 0.8835
--------------------------------------------------------------------------------
                   Total timesteps: 1572864
                    Iteration time: 10.15s
                      Time elapsed: 00:02:38
                               ETA: 10:28:46

[33m00:36:16 [ray_caster.py] WARNING: Raycaster attribute 'attach_yaw_only' property will be deprecated in a future release. Please use the parameter 'ray_alignment' instead. Setting ray_alignment to 'base'.[0m
[33m00:36:21 [ray_caster.py] WARNING: Raycaster attribute 'attach_yaw_only' property will be deprecated in a future release. Please use the parameter 'ray_alignment' instead. Setting ray_alignment to 'base'.[0m
################################################################################
                     [1m Learning iteration 16/100000 [0m                     

                       Computation: 9673 steps/s (collection: 9.720s, learning 0.442s)
             Mean action noise std: 1.00
          Mean value_function loss: 3.7671
               Mean surrogate loss: 0.0120
                 Mean entropy loss: 17.0200
                       Mean reward: -15.49
               Mean episode length: 60.24
   Episode_Reward/track_lin_vel_xy: 0.1113
    Episode_Reward/track_ang_vel_z: 0.0235
Episode_Reward/base_linear_velocity: -0.0125
Episode_Reward/base_angular_velocity: -0.0169
          Episode_Reward/joint_vel: -0.0176
          Episode_Reward/joint_acc: -0.0349
      Episode_Reward/joint_torques: -0.0398
        Episode_Reward/action_rate: -0.2574
     Episode_Reward/dof_pos_limits: -0.4624
             Episode_Reward/energy: -0.0003
Episode_Reward/flat_orientation_l2: -0.0684
          Episode_Reward/joint_pos: -0.2480
      Episode_Reward/feet_air_time: -0.0002
  Episode_Reward/air_time_variance: -0.0025
         Episode_Reward/feet_slide: -0.0058
 Episode_Reward/undesired_contacts: -0.0835
         Curriculum/terrain_levels: 0.4794
     Curriculum/lin_vel_cmd_levels: 0.1000
Metrics/base_velocity/error_vel_xy: 0.0295
Metrics/base_velocity/error_vel_yaw: 0.1286
      Episode_Termination/time_out: 0.0345
  Episode_Termination/base_contact: 0.0000
Episode_Termination/bad_orientation: 0.8904
--------------------------------------------------------------------------------
                   Total timesteps: 1671168
                    Iteration time: 10.16s
                      Time elapsed: 00:02:48
                               ETA: 10:55:58

[33m00:36:27 [ray_caster.py] WARNING: Raycaster attribute 'attach_yaw_only' property will be deprecated in a future release. Please use the parameter 'ray_alignment' instead. Setting ray_alignment to 'base'.[0m
################################################################################
                     [1m Learning iteration 17/100000 [0m                     

                       Computation: 9656 steps/s (collection: 9.744s, learning 0.436s)
             Mean action noise std: 1.00
          Mean value_function loss: 3.9401
               Mean surrogate loss: 0.0112
                 Mean entropy loss: 17.0206
                       Mean reward: -19.07
               Mean episode length: 68.59
   Episode_Reward/track_lin_vel_xy: 0.0930
    Episode_Reward/track_ang_vel_z: 0.0201
Episode_Reward/base_linear_velocity: -0.0113
Episode_Reward/base_angular_velocity: -0.0162
          Episode_Reward/joint_vel: -0.0162
          Episode_Reward/joint_acc: -0.0321
      Episode_Reward/joint_torques: -0.0332
        Episode_Reward/action_rate: -0.2244
     Episode_Reward/dof_pos_limits: -0.3851
             Episode_Reward/energy: -0.0002
Episode_Reward/flat_orientation_l2: -0.0582
          Episode_Reward/joint_pos: -0.2067
      Episode_Reward/feet_air_time: -0.0002
  Episode_Reward/air_time_variance: -0.0019
         Episode_Reward/feet_slide: -0.0046
 Episode_Reward/undesired_contacts: -0.0700
         Curriculum/terrain_levels: 0.4628
     Curriculum/lin_vel_cmd_levels: 0.1000
Metrics/base_velocity/error_vel_xy: 0.0251
Metrics/base_velocity/error_vel_yaw: 0.1090
      Episode_Termination/time_out: 0.0336
  Episode_Termination/base_contact: 0.0000
Episode_Termination/bad_orientation: 0.8967
--------------------------------------------------------------------------------
                   Total timesteps: 1769472
                    Iteration time: 10.18s
                      Time elapsed: 00:02:58
                               ETA: 11:21:49

[33m00:36:32 [ray_caster.py] WARNING: Raycaster attribute 'attach_yaw_only' property will be deprecated in a future release. Please use the parameter 'ray_alignment' instead. Setting ray_alignment to 'base'.[0m
[33m00:36:38 [ray_caster.py] WARNING: Raycaster attribute 'attach_yaw_only' property will be deprecated in a future release. Please use the parameter 'ray_alignment' instead. Setting ray_alignment to 'base'.[0m
################################################################################
                     [1m Learning iteration 18/100000 [0m                     

                       Computation: 9624 steps/s (collection: 9.777s, learning 0.437s)
             Mean action noise std: 1.00
          Mean value_function loss: 3.9422
               Mean surrogate loss: 0.0166
                 Mean entropy loss: 17.0210
                       Mean reward: -22.93
               Mean episode length: 91.82
   Episode_Reward/track_lin_vel_xy: 0.0800
    Episode_Reward/track_ang_vel_z: 0.0166
Episode_Reward/base_linear_velocity: -0.0108
Episode_Reward/base_angular_velocity: -0.0156
          Episode_Reward/joint_vel: -0.0149
          Episode_Reward/joint_acc: -0.0300
      Episode_Reward/joint_torques: -0.0294
        Episode_Reward/action_rate: -0.2030
     Episode_Reward/dof_pos_limits: -0.3463
             Episode_Reward/energy: -0.0002
Episode_Reward/flat_orientation_l2: -0.0478
          Episode_Reward/joint_pos: -0.1888
      Episode_Reward/feet_air_time: -0.0002
  Episode_Reward/air_time_variance: -0.0018
         Episode_Reward/feet_slide: -0.0042
 Episode_Reward/undesired_contacts: -0.0574
         Curriculum/terrain_levels: 0.4492
     Curriculum/lin_vel_cmd_levels: 0.1000
Metrics/base_velocity/error_vel_xy: 0.0228
Metrics/base_velocity/error_vel_yaw: 0.0988
      Episode_Termination/time_out: 0.0339
  Episode_Termination/base_contact: 0.0000
Episode_Termination/bad_orientation: 0.9008
--------------------------------------------------------------------------------
                   Total timesteps: 1867776
                    Iteration time: 10.21s
                      Time elapsed: 00:03:08
                               ETA: 11:47:56

[33m00:36:43 [ray_caster.py] WARNING: Raycaster attribute 'attach_yaw_only' property will be deprecated in a future release. Please use the parameter 'ray_alignment' instead. Setting ray_alignment to 'base'.[0m
Unidirectional P2P=Enabled Bandwidth (P2P Writes) Matrix (GB/s)
   D\D     0 
     0 385.42 
P2P=Enabled Latency (P2P Writes) Matrix (us)
   GPU     0 
     0   2.28 

   CPU     0 
     0   3.55 
2026-05-01T12:33:19Z [3,222ms] [Warning] [omni.kvdb.plugin] Disabling key-value database because another kit process is locking it
2026-05-01T12:33:33Z [17,236ms] [Warning] [omni.physx.fabric.plugin] FabricManager::initializePointInstancer mismatched prototypes on point instancer: /Visuals/Command/velocity_current.
2026-05-01T12:33:33Z [17,236ms] [Warning] [omni.physx.fabric.plugin] FabricManager::initializePointInstancer mismatched prototypes on point instancer: /Visuals/Command/velocity_goal.
2026-05-01T12:36:46Z [210,641ms] [Error] [carb] 

../../../source/plugins/carb.tasking/Mutex.cpp(103): void carb::tasking::Mutex::lock()(): Assertion (m_recursive) failed: Recursion not allowed

Assertion Failed!
The following assertion condition failed in the process 798592:
	'm_recursive'

at the location:
	'../../../source/plugins/carb.tasking/Mutex.cpp'
	on line 103
	 in void carb::tasking::Mutex::lock()()

with the message:
	"Recursion not allowed"

Press ABORT to exit.
Press RETRY to debug (attach a debugger first).
Press IGNORE to attempt to continue.
