[3gH    H    H    H    H    H    H    H    H    H    H    H    H    H    H    H    H    H    H    H   [INFO] cmake is already installed.
[INFO] Installing extensions inside the Isaac Lab repository...
	 module: /home/anyone/IsaacLab/source/isaaclab_assets
Obtaining file:///home/anyone/IsaacLab/source/isaaclab_assets
  Installing build dependencies: started
  Installing build dependencies: finished with status 'done'
  Checking if build backend supports build_editable: started
  Checking if build backend supports build_editable: finished with status 'done'
  Getting requirements to build editable: started
  Getting requirements to build editable: finished with status 'done'
  Preparing editable metadata (pyproject.toml): started
  Preparing editable metadata (pyproject.toml): finished with status 'done'
Building wheels for collected packages: isaaclab_assets
  Building editable for isaaclab_assets (pyproject.toml): started
  Building editable for isaaclab_assets (pyproject.toml): finished with status 'done'
  Created wheel for isaaclab_assets: filename=isaaclab_assets-0.2.4-0.editable-py3-none-any.whl size=3029 sha256=461fbc8e909d8dbe4ae6aa2c9f29c7451569386b8f46526b442f8474c85c61f0
  Stored in directory: /tmp/pip-ephem-wheel-cache-_gxvqjp0/wheels/1a/f9/cd/e7742f1790b210b363c75ecc3dd22498d7f7cec0a54dabd2aa
Successfully built isaaclab_assets
Installing collected packages: isaaclab_assets
Successfully installed isaaclab_assets-0.2.4
	 module: /home/anyone/IsaacLab/source/isaaclab
Obtaining file:///home/anyone/IsaacLab/source/isaaclab
  Installing build dependencies: started
  Installing build dependencies: finished with status 'done'
  Checking if build backend supports build_editable: started
  Checking if build backend supports build_editable: finished with status 'done'
  Getting requirements to build editable: started
  Getting requirements to build editable: finished with status 'done'
  Preparing editable metadata (pyproject.toml): started
  Preparing editable metadata (pyproject.toml): finished with status 'done'
Requirement already satisfied: numpy<2 in /home/anyone/miniforge3/envs/env_isaaclab/lib/python3.11/site-packages (from isaaclab==0.54.2) (1.26.0)
Requirement already satisfied: torch>=2.7 in /home/anyone/miniforge3/envs/env_isaaclab/lib/python3.11/site-packages (from isaaclab==0.54.2) (2.7.0+cu128)
Collecting onnx>=1.18.0 (from isaaclab==0.54.2)
  Downloading onnx-1.21.0-cp311-cp311-manylinux_2_27_x86_64.manylinux_2_28_x86_64.whl.metadata (8.5 kB)
Collecting prettytable==3.3.0 (from isaaclab==0.54.2)
  Downloading prettytable-3.3.0-py3-none-any.whl.metadata (24 kB)
Requirement already satisfied: toml in /home/anyone/miniforge3/envs/env_isaaclab/lib/python3.11/site-packages (from isaaclab==0.54.2) (0.10.2)
Collecting hidapi==0.14.0.post2 (from isaaclab==0.54.2)
  Downloading hidapi-0.14.0.post2-cp311-cp311-manylinux_2_17_x86_64.manylinux2014_x86_64.whl.metadata (3.6 kB)
Collecting gymnasium==1.2.1 (from isaaclab==0.54.2)
  Downloading gymnasium-1.2.1-py3-none-any.whl.metadata (10.0 kB)
Requirement already satisfied: trimesh in /home/anyone/miniforge3/envs/env_isaaclab/lib/python3.11/site-packages (from isaaclab==0.54.2) (4.5.1)
Collecting pyglet<2 (from isaaclab==0.54.2)
  Downloading pyglet-1.5.31-py3-none-any.whl.metadata (7.6 kB)
Collecting transformers==4.57.6 (from isaaclab==0.54.2)
  Downloading transformers-4.57.6-py3-none-any.whl.metadata (43 kB)
Collecting einops (from isaaclab==0.54.2)
  Using cached einops-0.8.2-py3-none-any.whl.metadata (13 kB)
Collecting warp-lang (from isaaclab==0.54.2)
  Downloading warp_lang-1.12.1-py3-none-manylinux_2_28_x86_64.whl.metadata (23 kB)
Requirement already satisfied: pillow==11.3.0 in /home/anyone/miniforge3/envs/env_isaaclab/lib/python3.11/site-packages (from isaaclab==0.54.2) (11.3.0)
Collecting starlette==0.49.1 (from isaaclab==0.54.2)
  Downloading starlette-0.49.1-py3-none-any.whl.metadata (6.4 kB)
Collecting pytest (from isaaclab==0.54.2)
  Using cached pytest-9.0.3-py3-none-any.whl.metadata (7.6 kB)
Collecting pytest-mock (from isaaclab==0.54.2)
  Downloading pytest_mock-3.15.1-py3-none-any.whl.metadata (3.9 kB)
Collecting junitparser (from isaaclab==0.54.2)
  Downloading junitparser-5.0.0-py3-none-any.whl.metadata (9.6 kB)
Collecting flatdict==4.0.1 (from isaaclab==0.54.2)
  Downloading flatdict-4.0.1.tar.gz (8.3 kB)
  Installing build dependencies: started
  Installing build dependencies: finished with status 'done'
  Getting requirements to build wheel: started
  Getting requirements to build wheel: finished with status 'error'
  error: subprocess-exited-with-error
  
  × Getting requirements to build wheel did not run successfully.
  │ exit code: 1
  ╰─> [20 lines of output]
      Traceback (most recent call last):
        File "/home/anyone/miniforge3/envs/env_isaaclab/lib/python3.11/site-packages/pip/_vendor/pyproject_hooks/_in_process/_in_process.py", line 389, in <module>
          main()
        File "/home/anyone/miniforge3/envs/env_isaaclab/lib/python3.11/site-packages/pip/_vendor/pyproject_hooks/_in_process/_in_process.py", line 373, in main
          json_out["return_val"] = hook(**hook_input["kwargs"])
                                   ^^^^^^^^^^^^^^^^^^^^^^^^^^^^
        File "/home/anyone/miniforge3/envs/env_isaaclab/lib/python3.11/site-packages/pip/_vendor/pyproject_hooks/_in_process/_in_process.py", line 143, in get_requires_for_build_wheel
          return hook(config_settings)
                 ^^^^^^^^^^^^^^^^^^^^^
        File "/tmp/pip-build-env-beg9k_qd/overlay/lib/python3.11/site-packages/setuptools/build_meta.py", line 333, in get_requires_for_build_wheel
          return self._get_build_requires(config_settings, requirements=[])
                 ^^^^^^^^^^^^^^^^^^^^^^^^^^^^^^^^^^^^^^^^^^^^^^^^^^^^^^^^^^
        File "/tmp/pip-build-env-beg9k_qd/overlay/lib/python3.11/site-packages/setuptools/build_meta.py", line 301, in _get_build_requires
          self.run_setup()
        File "/tmp/pip-build-env-beg9k_qd/overlay/lib/python3.11/site-packages/setuptools/build_meta.py", line 520, in run_setup
          super().run_setup(setup_script=setup_script)
        File "/tmp/pip-build-env-beg9k_qd/overlay/lib/python3.11/site-packages/setuptools/build_meta.py", line 317, in run_setup
          exec(code, locals())
        File "<string>", line 1, in <module>
      ModuleNotFoundError: No module named 'pkg_resources'
      [end of output]
  
  note: This error originates from a subprocess, and is likely not a problem with pip.
ERROR: Failed to build 'flatdict' when getting requirements to build wheel
	 module: /home/anyone/IsaacLab/source/isaaclab_mimic
Obtaining file:///home/anyone/IsaacLab/source/isaaclab_mimic
  Installing build dependencies: started
  Installing build dependencies: finished with status 'done'
  Checking if build backend supports build_editable: started
  Checking if build backend supports build_editable: finished with status 'done'
  Getting requirements to build editable: started
  Getting requirements to build editable: finished with status 'done'
  Preparing editable metadata (pyproject.toml): started
  Preparing editable metadata (pyproject.toml): finished with status 'done'
Collecting tomli (from isaaclab_mimic==1.0.16)
  Downloading tomli-2.4.1-cp311-cp311-manylinux2014_x86_64.manylinux_2_17_x86_64.manylinux_2_28_x86_64.whl.metadata (10 kB)
Collecting ipywidgets==8.1.5 (from isaaclab_mimic==1.0.16)
  Downloading ipywidgets-8.1.5-py3-none-any.whl.metadata (2.3 kB)
Collecting comm>=0.1.3 (from ipywidgets==8.1.5->isaaclab_mimic==1.0.16)
  Using cached comm-0.2.3-py3-none-any.whl.metadata (3.7 kB)
Collecting ipython>=6.1.0 (from ipywidgets==8.1.5->isaaclab_mimic==1.0.16)
  Downloading ipython-9.13.0-py3-none-any.whl.metadata (4.6 kB)
Collecting traitlets>=4.3.1 (from ipywidgets==8.1.5->isaaclab_mimic==1.0.16)
  Using cached traitlets-5.14.3-py3-none-any.whl.metadata (10 kB)
Collecting widgetsnbextension~=4.0.12 (from ipywidgets==8.1.5->isaaclab_mimic==1.0.16)
  Using cached widgetsnbextension-4.0.15-py3-none-any.whl.metadata (1.6 kB)
Collecting jupyterlab-widgets~=3.0.12 (from ipywidgets==8.1.5->isaaclab_mimic==1.0.16)
  Using cached jupyterlab_widgets-3.0.16-py3-none-any.whl.metadata (20 kB)
Collecting decorator>=5.1.0 (from ipython>=6.1.0->ipywidgets==8.1.5->isaaclab_mimic==1.0.16)
  Using cached decorator-5.2.1-py3-none-any.whl.metadata (3.9 kB)
Collecting ipython-pygments-lexers>=1.0.0 (from ipython>=6.1.0->ipywidgets==8.1.5->isaaclab_mimic==1.0.16)
  Using cached ipython_pygments_lexers-1.1.1-py3-none-any.whl.metadata (1.1 kB)
Collecting jedi>=0.18.2 (from ipython>=6.1.0->ipywidgets==8.1.5->isaaclab_mimic==1.0.16)
  Using cached jedi-0.19.2-py2.py3-none-any.whl.metadata (22 kB)
Collecting matplotlib-inline>=0.1.6 (from ipython>=6.1.0->ipywidgets==8.1.5->isaaclab_mimic==1.0.16)
  Using cached matplotlib_inline-0.2.1-py3-none-any.whl.metadata (2.3 kB)
Collecting pexpect>4.6 (from ipython>=6.1.0->ipywidgets==8.1.5->isaaclab_mimic==1.0.16)
  Using cached pexpect-4.9.0-py2.py3-none-any.whl.metadata (2.5 kB)
Collecting prompt_toolkit<3.1.0,>=3.0.41 (from ipython>=6.1.0->ipywidgets==8.1.5->isaaclab_mimic==1.0.16)
  Using cached prompt_toolkit-3.0.52-py3-none-any.whl.metadata (6.4 kB)
Collecting psutil>=7 (from ipython>=6.1.0->ipywidgets==8.1.5->isaaclab_mimic==1.0.16)
  Downloading psutil-7.2.2-cp36-abi3-manylinux2010_x86_64.manylinux_2_12_x86_64.manylinux_2_28_x86_64.whl.metadata (22 kB)
Collecting pygments>=2.14.0 (from ipython>=6.1.0->ipywidgets==8.1.5->isaaclab_mimic==1.0.16)
  Using cached pygments-2.20.0-py3-none-any.whl.metadata (2.5 kB)
Collecting stack_data>=0.6.0 (from ipython>=6.1.0->ipywidgets==8.1.5->isaaclab_mimic==1.0.16)
  Using cached stack_data-0.6.3-py3-none-any.whl.metadata (18 kB)
Requirement already satisfied: typing_extensions>=4.6 in /home/anyone/miniforge3/envs/env_isaaclab/lib/python3.11/site-packages (from ipython>=6.1.0->ipywidgets==8.1.5->isaaclab_mimic==1.0.16) (4.12.2)
Collecting wcwidth (from prompt_toolkit<3.1.0,>=3.0.41->ipython>=6.1.0->ipywidgets==8.1.5->isaaclab_mimic==1.0.16)
  Using cached wcwidth-0.6.0-py3-none-any.whl.metadata (30 kB)
Collecting parso<0.9.0,>=0.8.4 (from jedi>=0.18.2->ipython>=6.1.0->ipywidgets==8.1.5->isaaclab_mimic==1.0.16)
  Using cached parso-0.8.6-py2.py3-none-any.whl.metadata (8.4 kB)
Collecting ptyprocess>=0.5 (from pexpect>4.6->ipython>=6.1.0->ipywidgets==8.1.5->isaaclab_mimic==1.0.16)
  Using cached ptyprocess-0.7.0-py2.py3-none-any.whl.metadata (1.3 kB)
Collecting executing>=1.2.0 (from stack_data>=0.6.0->ipython>=6.1.0->ipywidgets==8.1.5->isaaclab_mimic==1.0.16)
  Using cached executing-2.2.1-py2.py3-none-any.whl.metadata (8.9 kB)
Collecting asttokens>=2.1.0 (from stack_data>=0.6.0->ipython>=6.1.0->ipywidgets==8.1.5->isaaclab_mimic==1.0.16)
  Using cached asttokens-3.0.1-py3-none-any.whl.metadata (4.9 kB)
Collecting pure-eval (from stack_data>=0.6.0->ipython>=6.1.0->ipywidgets==8.1.5->isaaclab_mimic==1.0.16)
  Using cached pure_eval-0.2.3-py3-none-any.whl.metadata (6.3 kB)
Downloading ipywidgets-8.1.5-py3-none-any.whl (139 kB)
Using cached jupyterlab_widgets-3.0.16-py3-none-any.whl (914 kB)
Using cached widgetsnbextension-4.0.15-py3-none-any.whl (2.2 MB)
Using cached comm-0.2.3-py3-none-any.whl (7.3 kB)
Downloading ipython-9.13.0-py3-none-any.whl (627 kB)
   ━━━━━━━━━━━━━━━━━━━━━━━━━━━━━━━━━━━━━━━━ 627.3/627.3 kB 35.3 MB/s  0:00:00
Using cached prompt_toolkit-3.0.52-py3-none-any.whl (391 kB)
Using cached decorator-5.2.1-py3-none-any.whl (9.2 kB)
Using cached ipython_pygments_lexers-1.1.1-py3-none-any.whl (8.1 kB)
Using cached jedi-0.19.2-py2.py3-none-any.whl (1.6 MB)
Using cached parso-0.8.6-py2.py3-none-any.whl (106 kB)
Using cached matplotlib_inline-0.2.1-py3-none-any.whl (9.5 kB)
Using cached pexpect-4.9.0-py2.py3-none-any.whl (63 kB)
Downloading psutil-7.2.2-cp36-abi3-manylinux2010_x86_64.manylinux_2_12_x86_64.manylinux_2_28_x86_64.whl (155 kB)
Using cached ptyprocess-0.7.0-py2.py3-none-any.whl (13 kB)
Using cached pygments-2.20.0-py3-none-any.whl (1.2 MB)
Using cached stack_data-0.6.3-py3-none-any.whl (24 kB)
Using cached asttokens-3.0.1-py3-none-any.whl (27 kB)
Using cached executing-2.2.1-py2.py3-none-any.whl (28 kB)
Using cached traitlets-5.14.3-py3-none-any.whl (85 kB)
Using cached pure_eval-0.2.3-py3-none-any.whl (11 kB)
Downloading tomli-2.4.1-cp311-cp311-manylinux2014_x86_64.manylinux_2_17_x86_64.manylinux_2_28_x86_64.whl (243 kB)
Using cached wcwidth-0.6.0-py3-none-any.whl (94 kB)
Building wheels for collected packages: isaaclab_mimic
  Building editable for isaaclab_mimic (pyproject.toml): started
  Building editable for isaaclab_mimic (pyproject.toml): finished with status 'done'
  Created wheel for isaaclab_mimic: filename=isaaclab_mimic-1.0.16-0.editable-py3-none-any.whl size=3131 sha256=e0bd16d2db18d669875e39c01306faf6a46f125a338b68477613428a80193977
  Stored in directory: /tmp/pip-ephem-wheel-cache-jyrc1_b4/wheels/a0/29/45/942ce5162d1062a31be4a8de1d6b5ff9692e61571cfabf2530
Successfully built isaaclab_mimic
Installing collected packages: pure-eval, ptyprocess, widgetsnbextension, wcwidth, traitlets, tomli, pygments, psutil, pexpect, parso, jupyterlab-widgets, executing, decorator, comm, asttokens, stack_data, prompt_toolkit, matplotlib-inline, jedi, ipython-pygments-lexers, ipython, ipywidgets, isaaclab_mimic
  Attempting uninstall: psutil
    Found existing installation: psutil 5.9.8
    Uninstalling psutil-5.9.8:
      Successfully uninstalled psutil-5.9.8

ERROR: pip's dependency resolver does not currently take into account all the packages that are installed. This behaviour is the source of the following dependency conflicts.
isaacsim-kernel 5.1.0.0 requires psutil==5.9.8, but you have psutil 7.2.2 which is incompatible.
Successfully installed asttokens-3.0.1 comm-0.2.3 decorator-5.2.1 executing-2.2.1 ipython-9.13.0 ipython-pygments-lexers-1.1.1 ipywidgets-8.1.5 isaaclab_mimic-1.0.16 jedi-0.19.2 jupyterlab-widgets-3.0.16 matplotlib-inline-0.2.1 parso-0.8.6 pexpect-4.9.0 prompt_toolkit-3.0.52 psutil-7.2.2 ptyprocess-0.7.0 pure-eval-0.2.3 pygments-2.20.0 stack_data-0.6.3 tomli-2.4.1 traitlets-5.14.3 wcwidth-0.6.0 widgetsnbextension-4.0.15
	 module: /home/anyone/IsaacLab/source/isaaclab_rl
Obtaining file:///home/anyone/IsaacLab/source/isaaclab_rl
  Installing build dependencies: started
  Installing build dependencies: finished with status 'done'
  Checking if build backend supports build_editable: started
  Checking if build backend supports build_editable: finished with status 'done'
  Getting requirements to build editable: started
  Getting requirements to build editable: finished with status 'done'
  Preparing editable metadata (pyproject.toml): started
  Preparing editable metadata (pyproject.toml): finished with status 'done'
Requirement already satisfied: numpy<2 in /home/anyone/miniforge3/envs/env_isaaclab/lib/python3.11/site-packages (from isaaclab_rl==0.4.7) (1.26.0)
Requirement already satisfied: torch>=2.7 in /home/anyone/miniforge3/envs/env_isaaclab/lib/python3.11/site-packages (from isaaclab_rl==0.4.7) (2.7.0+cu128)
Requirement already satisfied: torchvision>=0.14.1 in /home/anyone/miniforge3/envs/env_isaaclab/lib/python3.11/site-packages (from isaaclab_rl==0.4.7) (0.22.0+cu128)
Collecting protobuf!=5.26.0,>=4.25.8 (from isaaclab_rl==0.4.7)
  Using cached protobuf-7.34.1-cp310-abi3-manylinux2014_x86_64.whl.metadata (595 bytes)
Collecting hydra-core (from isaaclab_rl==0.4.7)
  Downloading hydra_core-1.3.2-py3-none-any.whl.metadata (5.5 kB)
Collecting h5py (from isaaclab_rl==0.4.7)
  Downloading h5py-3.16.0-cp311-cp311-manylinux_2_28_x86_64.whl.metadata (3.0 kB)
Collecting tensorboard (from isaaclab_rl==0.4.7)
  Using cached tensorboard-2.20.0-py3-none-any.whl.metadata (1.8 kB)
Collecting moviepy (from isaaclab_rl==0.4.7)
  Downloading moviepy-2.2.1-py3-none-any.whl.metadata (6.9 kB)
Requirement already satisfied: pillow==11.3.0 in /home/anyone/miniforge3/envs/env_isaaclab/lib/python3.11/site-packages (from isaaclab_rl==0.4.7) (11.3.0)
Requirement already satisfied: packaging<24 in /home/anyone/miniforge3/envs/env_isaaclab/lib/python3.11/site-packages (from isaaclab_rl==0.4.7) (23.0)
Requirement already satisfied: filelock in /home/anyone/miniforge3/envs/env_isaaclab/lib/python3.11/site-packages (from torch>=2.7->isaaclab_rl==0.4.7) (3.13.1)
Requirement already satisfied: typing-extensions>=4.10.0 in /home/anyone/miniforge3/envs/env_isaaclab/lib/python3.11/site-packages (from torch>=2.7->isaaclab_rl==0.4.7) (4.12.2)
Requirement already satisfied: sympy>=1.13.3 in /home/anyone/miniforge3/envs/env_isaaclab/lib/python3.11/site-packages (from torch>=2.7->isaaclab_rl==0.4.7) (1.13.3)
Requirement already satisfied: networkx in /home/anyone/miniforge3/envs/env_isaaclab/lib/python3.11/site-packages (from torch>=2.7->isaaclab_rl==0.4.7) (3.3)
Requirement already satisfied: jinja2 in /home/anyone/miniforge3/envs/env_isaaclab/lib/python3.11/site-packages (from torch>=2.7->isaaclab_rl==0.4.7) (3.1.6)
Requirement already satisfied: fsspec in /home/anyone/miniforge3/envs/env_isaaclab/lib/python3.11/site-packages (from torch>=2.7->isaaclab_rl==0.4.7) (2024.6.1)
Requirement already satisfied: nvidia-cuda-nvrtc-cu12==12.8.61 in /home/anyone/miniforge3/envs/env_isaaclab/lib/python3.11/site-packages (from torch>=2.7->isaaclab_rl==0.4.7) (12.8.61)
Requirement already satisfied: nvidia-cuda-runtime-cu12==12.8.57 in /home/anyone/miniforge3/envs/env_isaaclab/lib/python3.11/site-packages (from torch>=2.7->isaaclab_rl==0.4.7) (12.8.57)
Requirement already satisfied: nvidia-cuda-cupti-cu12==12.8.57 in /home/anyone/miniforge3/envs/env_isaaclab/lib/python3.11/site-packages (from torch>=2.7->isaaclab_rl==0.4.7) (12.8.57)
Requirement already satisfied: nvidia-cudnn-cu12==9.7.1.26 in /home/anyone/miniforge3/envs/env_isaaclab/lib/python3.11/site-packages (from torch>=2.7->isaaclab_rl==0.4.7) (9.7.1.26)
Requirement already satisfied: nvidia-cublas-cu12==12.8.3.14 in /home/anyone/miniforge3/envs/env_isaaclab/lib/python3.11/site-packages (from torch>=2.7->isaaclab_rl==0.4.7) (12.8.3.14)
Requirement already satisfied: nvidia-cufft-cu12==11.3.3.41 in /home/anyone/miniforge3/envs/env_isaaclab/lib/python3.11/site-packages (from torch>=2.7->isaaclab_rl==0.4.7) (11.3.3.41)
Requirement already satisfied: nvidia-curand-cu12==10.3.9.55 in /home/anyone/miniforge3/envs/env_isaaclab/lib/python3.11/site-packages (from torch>=2.7->isaaclab_rl==0.4.7) (10.3.9.55)
Requirement already satisfied: nvidia-cusolver-cu12==11.7.2.55 in /home/anyone/miniforge3/envs/env_isaaclab/lib/python3.11/site-packages (from torch>=2.7->isaaclab_rl==0.4.7) (11.7.2.55)
Requirement already satisfied: nvidia-cusparse-cu12==12.5.7.53 in /home/anyone/miniforge3/envs/env_isaaclab/lib/python3.11/site-packages (from torch>=2.7->isaaclab_rl==0.4.7) (12.5.7.53)
Requirement already satisfied: nvidia-cusparselt-cu12==0.6.3 in /home/anyone/miniforge3/envs/env_isaaclab/lib/python3.11/site-packages (from torch>=2.7->isaaclab_rl==0.4.7) (0.6.3)
Requirement already satisfied: nvidia-nccl-cu12==2.26.2 in /home/anyone/miniforge3/envs/env_isaaclab/lib/python3.11/site-packages (from torch>=2.7->isaaclab_rl==0.4.7) (2.26.2)
Requirement already satisfied: nvidia-nvtx-cu12==12.8.55 in /home/anyone/miniforge3/envs/env_isaaclab/lib/python3.11/site-packages (from torch>=2.7->isaaclab_rl==0.4.7) (12.8.55)
Requirement already satisfied: nvidia-nvjitlink-cu12==12.8.61 in /home/anyone/miniforge3/envs/env_isaaclab/lib/python3.11/site-packages (from torch>=2.7->isaaclab_rl==0.4.7) (12.8.61)
Requirement already satisfied: nvidia-cufile-cu12==1.13.0.11 in /home/anyone/miniforge3/envs/env_isaaclab/lib/python3.11/site-packages (from torch>=2.7->isaaclab_rl==0.4.7) (1.13.0.11)
Requirement already satisfied: triton==3.3.0 in /home/anyone/miniforge3/envs/env_isaaclab/lib/python3.11/site-packages (from torch>=2.7->isaaclab_rl==0.4.7) (3.3.0)
Requirement already satisfied: setuptools>=40.8.0 in /home/anyone/miniforge3/envs/env_isaaclab/lib/python3.11/site-packages (from triton==3.3.0->torch>=2.7->isaaclab_rl==0.4.7) (82.0.1)
Requirement already satisfied: mpmath<1.4,>=1.1.0 in /home/anyone/miniforge3/envs/env_isaaclab/lib/python3.11/site-packages (from sympy>=1.13.3->torch>=2.7->isaaclab_rl==0.4.7) (1.3.0)
Collecting omegaconf<2.4,>=2.2 (from hydra-core->isaaclab_rl==0.4.7)
  Downloading omegaconf-2.3.0-py3-none-any.whl.metadata (3.9 kB)
Collecting antlr4-python3-runtime==4.9.* (from hydra-core->isaaclab_rl==0.4.7)
  Downloading antlr4-python3-runtime-4.9.3.tar.gz (117 kB)
  Installing build dependencies: started
  Installing build dependencies: finished with status 'done'
  Getting requirements to build wheel: started
  Getting requirements to build wheel: finished with status 'done'
  Preparing metadata (pyproject.toml): started
  Preparing metadata (pyproject.toml): finished with status 'done'
Requirement already satisfied: PyYAML>=5.1.0 in /home/anyone/miniforge3/envs/env_isaaclab/lib/python3.11/site-packages (from omegaconf<2.4,>=2.2->hydra-core->isaaclab_rl==0.4.7) (6.0.2)
Requirement already satisfied: MarkupSafe>=2.0 in /home/anyone/miniforge3/envs/env_isaaclab/lib/python3.11/site-packages (from jinja2->torch>=2.7->isaaclab_rl==0.4.7) (2.1.3)
Requirement already satisfied: decorator<6.0,>=4.0.2 in /home/anyone/miniforge3/envs/env_isaaclab/lib/python3.11/site-packages (from moviepy->isaaclab_rl==0.4.7) (5.2.1)
Requirement already satisfied: imageio<3.0,>=2.5 in /home/anyone/miniforge3/envs/env_isaaclab/lib/python3.11/site-packages (from moviepy->isaaclab_rl==0.4.7) (2.37.0)
Collecting imageio_ffmpeg>=0.2.0 (from moviepy->isaaclab_rl==0.4.7)
  Downloading imageio_ffmpeg-0.6.0-py3-none-manylinux2014_x86_64.whl.metadata (1.5 kB)
Collecting proglog<=1.0.0 (from moviepy->isaaclab_rl==0.4.7)
  Downloading proglog-0.1.12-py3-none-any.whl.metadata (794 bytes)
Collecting python-dotenv>=0.10 (from moviepy->isaaclab_rl==0.4.7)
  Downloading python_dotenv-1.2.2-py3-none-any.whl.metadata (27 kB)
Collecting tqdm (from proglog<=1.0.0->moviepy->isaaclab_rl==0.4.7)
  Using cached tqdm-4.67.3-py3-none-any.whl.metadata (57 kB)
Collecting absl-py>=0.4 (from tensorboard->isaaclab_rl==0.4.7)
  Using cached absl_py-2.4.0-py3-none-any.whl.metadata (3.3 kB)
Collecting grpcio>=1.48.2 (from tensorboard->isaaclab_rl==0.4.7)
  Downloading grpcio-1.80.0-cp311-cp311-manylinux2014_x86_64.manylinux_2_17_x86_64.whl.metadata (3.8 kB)
Collecting markdown>=2.6.8 (from tensorboard->isaaclab_rl==0.4.7)
  Using cached markdown-3.10.2-py3-none-any.whl.metadata (5.1 kB)
Collecting tensorboard-data-server<0.8.0,>=0.7.0 (from tensorboard->isaaclab_rl==0.4.7)
  Using cached tensorboard_data_server-0.7.2-py3-none-manylinux_2_31_x86_64.whl.metadata (1.1 kB)
Collecting werkzeug>=1.0.1 (from tensorboard->isaaclab_rl==0.4.7)
  Using cached werkzeug-3.1.8-py3-none-any.whl.metadata (4.0 kB)
Using cached protobuf-7.34.1-cp310-abi3-manylinux2014_x86_64.whl (324 kB)
Downloading h5py-3.16.0-cp311-cp311-manylinux_2_28_x86_64.whl (5.0 MB)
   ━━━━━━━━━━━━━━━━━━━━━━━━━━━━━━━━━━━━━━━━ 5.0/5.0 MB 28.0 MB/s  0:00:00
Downloading hydra_core-1.3.2-py3-none-any.whl (154 kB)
Downloading omegaconf-2.3.0-py3-none-any.whl (79 kB)
Downloading moviepy-2.2.1-py3-none-any.whl (129 kB)
Downloading proglog-0.1.12-py3-none-any.whl (6.3 kB)
Downloading imageio_ffmpeg-0.6.0-py3-none-manylinux2014_x86_64.whl (29.5 MB)
   ━━━━━━━━━━━━━━━━━━━━━━━━━━━━━━━━━━━━━━━━ 29.5/29.5 MB 25.4 MB/s  0:00:01
Downloading python_dotenv-1.2.2-py3-none-any.whl (22 kB)
Using cached tensorboard-2.20.0-py3-none-any.whl (5.5 MB)
Using cached tensorboard_data_server-0.7.2-py3-none-manylinux_2_31_x86_64.whl (6.6 MB)
Using cached absl_py-2.4.0-py3-none-any.whl (135 kB)
Downloading grpcio-1.80.0-cp311-cp311-manylinux2014_x86_64.manylinux_2_17_x86_64.whl (6.8 MB)
   ━━━━━━━━━━━━━━━━━━━━━━━━━━━━━━━━━━━━━━━━ 6.8/6.8 MB 21.6 MB/s  0:00:00
Using cached markdown-3.10.2-py3-none-any.whl (108 kB)
Using cached werkzeug-3.1.8-py3-none-any.whl (226 kB)
Using cached tqdm-4.67.3-py3-none-any.whl (78 kB)
Building wheels for collected packages: isaaclab_rl, antlr4-python3-runtime
  Building editable for isaaclab_rl (pyproject.toml): started
  Building editable for isaaclab_rl (pyproject.toml): finished with status 'done'
  Created wheel for isaaclab_rl: filename=isaaclab_rl-0.4.7-0.editable-py3-none-any.whl size=3550 sha256=8856358c6647bfec14e7c3b6abc0969fa035ab41acab2f62105413731c08c726
  Stored in directory: /tmp/pip-ephem-wheel-cache-hc8iswlc/wheels/b0/b1/f6/08e435756c9a3d87878918c226ebed13b990cb3b8daad7bd70
  Building wheel for antlr4-python3-runtime (pyproject.toml): started
  Building wheel for antlr4-python3-runtime (pyproject.toml): finished with status 'done'
  Created wheel for antlr4-python3-runtime: filename=antlr4_python3_runtime-4.9.3-py3-none-any.whl size=144590 sha256=e450416a28f01e5a5b7305a9333eee709ccebe919b64a11e38cda8b02ee660fb
  Stored in directory: /home/anyone/.cache/pip/wheels/1a/97/32/461f837398029ad76911109f07047fde1d7b661a147c7c56d1
Successfully built isaaclab_rl antlr4-python3-runtime
Installing collected packages: antlr4-python3-runtime, werkzeug, tqdm, tensorboard-data-server, python-dotenv, protobuf, omegaconf, markdown, imageio_ffmpeg, h5py, grpcio, absl-py, tensorboard, proglog, hydra-core, moviepy, isaaclab_rl

Successfully installed absl-py-2.4.0 antlr4-python3-runtime-4.9.3 grpcio-1.80.0 h5py-3.16.0 hydra-core-1.3.2 imageio_ffmpeg-0.6.0 isaaclab_rl-0.4.7 markdown-3.10.2 moviepy-2.2.1 omegaconf-2.3.0 proglog-0.1.12 protobuf-7.34.1 python-dotenv-1.2.2 tensorboard-2.20.0 tensorboard-data-server-0.7.2 tqdm-4.67.3 werkzeug-3.1.8
	 module: /home/anyone/IsaacLab/source/isaaclab_contrib
Obtaining file:///home/anyone/IsaacLab/source/isaaclab_contrib
  Installing build dependencies: started
  Installing build dependencies: finished with status 'done'
  Checking if build backend supports build_editable: started
  Checking if build backend supports build_editable: finished with status 'done'
  Getting requirements to build editable: started
  Getting requirements to build editable: finished with status 'done'
  Preparing editable metadata (pyproject.toml): started
  Preparing editable metadata (pyproject.toml): finished with status 'done'
Building wheels for collected packages: isaaclab_contrib
  Building editable for isaaclab_contrib (pyproject.toml): started
  Building editable for isaaclab_contrib (pyproject.toml): finished with status 'done'
  Created wheel for isaaclab_contrib: filename=isaaclab_contrib-0.0.2-0.editable-py3-none-any.whl size=3053 sha256=4b4de1aed58c5b97896919050564028664f172531af1f493895745a30d5c3a8d
  Stored in directory: /tmp/pip-ephem-wheel-cache-_2b44wx0/wheels/03/e2/cf/0469b3d2510e478db2800b6b5c189982689d6c723262d0e802
Successfully built isaaclab_contrib
Installing collected packages: isaaclab_contrib
Successfully installed isaaclab_contrib-0.0.2
	 module: /home/anyone/IsaacLab/source/isaaclab_tasks
Obtaining file:///home/anyone/IsaacLab/source/isaaclab_tasks
  Installing build dependencies: started
  Installing build dependencies: finished with status 'done'
  Checking if build backend supports build_editable: started
  Checking if build backend supports build_editable: finished with status 'done'
  Getting requirements to build editable: started
  Getting requirements to build editable: finished with status 'done'
  Preparing editable metadata (pyproject.toml): started
  Preparing editable metadata (pyproject.toml): finished with status 'done'
Requirement already satisfied: numpy<2 in /home/anyone/miniforge3/envs/env_isaaclab/lib/python3.11/site-packages (from isaaclab_tasks==0.11.12) (1.26.0)
Requirement already satisfied: torch>=2.7 in /home/anyone/miniforge3/envs/env_isaaclab/lib/python3.11/site-packages (from isaaclab_tasks==0.11.12) (2.7.0+cu128)
Requirement already satisfied: torchvision>=0.14.1 in /home/anyone/miniforge3/envs/env_isaaclab/lib/python3.11/site-packages (from isaaclab_tasks==0.11.12) (0.22.0+cu128)
Requirement already satisfied: protobuf!=5.26.0,>=4.25.8 in /home/anyone/miniforge3/envs/env_isaaclab/lib/python3.11/site-packages (from isaaclab_tasks==0.11.12) (7.34.1)
Requirement already satisfied: tensorboard in /home/anyone/miniforge3/envs/env_isaaclab/lib/python3.11/site-packages (from isaaclab_tasks==0.11.12) (2.20.0)
Requirement already satisfied: numba in /home/anyone/miniforge3/envs/env_isaaclab/lib/python3.11/site-packages (from isaaclab_tasks==0.11.12) (0.59.1)
Requirement already satisfied: filelock in /home/anyone/miniforge3/envs/env_isaaclab/lib/python3.11/site-packages (from torch>=2.7->isaaclab_tasks==0.11.12) (3.13.1)
Requirement already satisfied: typing-extensions>=4.10.0 in /home/anyone/miniforge3/envs/env_isaaclab/lib/python3.11/site-packages (from torch>=2.7->isaaclab_tasks==0.11.12) (4.12.2)
Requirement already satisfied: sympy>=1.13.3 in /home/anyone/miniforge3/envs/env_isaaclab/lib/python3.11/site-packages (from torch>=2.7->isaaclab_tasks==0.11.12) (1.13.3)
Requirement already satisfied: networkx in /home/anyone/miniforge3/envs/env_isaaclab/lib/python3.11/site-packages (from torch>=2.7->isaaclab_tasks==0.11.12) (3.3)
Requirement already satisfied: jinja2 in /home/anyone/miniforge3/envs/env_isaaclab/lib/python3.11/site-packages (from torch>=2.7->isaaclab_tasks==0.11.12) (3.1.6)
Requirement already satisfied: fsspec in /home/anyone/miniforge3/envs/env_isaaclab/lib/python3.11/site-packages (from torch>=2.7->isaaclab_tasks==0.11.12) (2024.6.1)
Requirement already satisfied: nvidia-cuda-nvrtc-cu12==12.8.61 in /home/anyone/miniforge3/envs/env_isaaclab/lib/python3.11/site-packages (from torch>=2.7->isaaclab_tasks==0.11.12) (12.8.61)
Requirement already satisfied: nvidia-cuda-runtime-cu12==12.8.57 in /home/anyone/miniforge3/envs/env_isaaclab/lib/python3.11/site-packages (from torch>=2.7->isaaclab_tasks==0.11.12) (12.8.57)
Requirement already satisfied: nvidia-cuda-cupti-cu12==12.8.57 in /home/anyone/miniforge3/envs/env_isaaclab/lib/python3.11/site-packages (from torch>=2.7->isaaclab_tasks==0.11.12) (12.8.57)
Requirement already satisfied: nvidia-cudnn-cu12==9.7.1.26 in /home/anyone/miniforge3/envs/env_isaaclab/lib/python3.11/site-packages (from torch>=2.7->isaaclab_tasks==0.11.12) (9.7.1.26)
Requirement already satisfied: nvidia-cublas-cu12==12.8.3.14 in /home/anyone/miniforge3/envs/env_isaaclab/lib/python3.11/site-packages (from torch>=2.7->isaaclab_tasks==0.11.12) (12.8.3.14)
Requirement already satisfied: nvidia-cufft-cu12==11.3.3.41 in /home/anyone/miniforge3/envs/env_isaaclab/lib/python3.11/site-packages (from torch>=2.7->isaaclab_tasks==0.11.12) (11.3.3.41)
Requirement already satisfied: nvidia-curand-cu12==10.3.9.55 in /home/anyone/miniforge3/envs/env_isaaclab/lib/python3.11/site-packages (from torch>=2.7->isaaclab_tasks==0.11.12) (10.3.9.55)
Requirement already satisfied: nvidia-cusolver-cu12==11.7.2.55 in /home/anyone/miniforge3/envs/env_isaaclab/lib/python3.11/site-packages (from torch>=2.7->isaaclab_tasks==0.11.12) (11.7.2.55)
Requirement already satisfied: nvidia-cusparse-cu12==12.5.7.53 in /home/anyone/miniforge3/envs/env_isaaclab/lib/python3.11/site-packages (from torch>=2.7->isaaclab_tasks==0.11.12) (12.5.7.53)
Requirement already satisfied: nvidia-cusparselt-cu12==0.6.3 in /home/anyone/miniforge3/envs/env_isaaclab/lib/python3.11/site-packages (from torch>=2.7->isaaclab_tasks==0.11.12) (0.6.3)
Requirement already satisfied: nvidia-nccl-cu12==2.26.2 in /home/anyone/miniforge3/envs/env_isaaclab/lib/python3.11/site-packages (from torch>=2.7->isaaclab_tasks==0.11.12) (2.26.2)
Requirement already satisfied: nvidia-nvtx-cu12==12.8.55 in /home/anyone/miniforge3/envs/env_isaaclab/lib/python3.11/site-packages (from torch>=2.7->isaaclab_tasks==0.11.12) (12.8.55)
Requirement already satisfied: nvidia-nvjitlink-cu12==12.8.61 in /home/anyone/miniforge3/envs/env_isaaclab/lib/python3.11/site-packages (from torch>=2.7->isaaclab_tasks==0.11.12) (12.8.61)
Requirement already satisfied: nvidia-cufile-cu12==1.13.0.11 in /home/anyone/miniforge3/envs/env_isaaclab/lib/python3.11/site-packages (from torch>=2.7->isaaclab_tasks==0.11.12) (1.13.0.11)
Requirement already satisfied: triton==3.3.0 in /home/anyone/miniforge3/envs/env_isaaclab/lib/python3.11/site-packages (from torch>=2.7->isaaclab_tasks==0.11.12) (3.3.0)
Requirement already satisfied: setuptools>=40.8.0 in /home/anyone/miniforge3/envs/env_isaaclab/lib/python3.11/site-packages (from triton==3.3.0->torch>=2.7->isaaclab_tasks==0.11.12) (82.0.1)
Requirement already satisfied: mpmath<1.4,>=1.1.0 in /home/anyone/miniforge3/envs/env_isaaclab/lib/python3.11/site-packages (from sympy>=1.13.3->torch>=2.7->isaaclab_tasks==0.11.12) (1.3.0)
Requirement already satisfied: pillow!=8.3.*,>=5.3.0 in /home/anyone/miniforge3/envs/env_isaaclab/lib/python3.11/site-packages (from torchvision>=0.14.1->isaaclab_tasks==0.11.12) (11.3.0)
Requirement already satisfied: MarkupSafe>=2.0 in /home/anyone/miniforge3/envs/env_isaaclab/lib/python3.11/site-packages (from jinja2->torch>=2.7->isaaclab_tasks==0.11.12) (2.1.3)
Requirement already satisfied: llvmlite<0.43,>=0.42.0dev0 in /home/anyone/miniforge3/envs/env_isaaclab/lib/python3.11/site-packages (from numba->isaaclab_tasks==0.11.12) (0.42.0)
Requirement already satisfied: absl-py>=0.4 in /home/anyone/miniforge3/envs/env_isaaclab/lib/python3.11/site-packages (from tensorboard->isaaclab_tasks==0.11.12) (2.4.0)
Requirement already satisfied: grpcio>=1.48.2 in /home/anyone/miniforge3/envs/env_isaaclab/lib/python3.11/site-packages (from tensorboard->isaaclab_tasks==0.11.12) (1.80.0)
Requirement already satisfied: markdown>=2.6.8 in /home/anyone/miniforge3/envs/env_isaaclab/lib/python3.11/site-packages (from tensorboard->isaaclab_tasks==0.11.12) (3.10.2)
Requirement already satisfied: packaging in /home/anyone/miniforge3/envs/env_isaaclab/lib/python3.11/site-packages (from tensorboard->isaaclab_tasks==0.11.12) (23.0)
Requirement already satisfied: tensorboard-data-server<0.8.0,>=0.7.0 in /home/anyone/miniforge3/envs/env_isaaclab/lib/python3.11/site-packages (from tensorboard->isaaclab_tasks==0.11.12) (0.7.2)
Requirement already satisfied: werkzeug>=1.0.1 in /home/anyone/miniforge3/envs/env_isaaclab/lib/python3.11/site-packages (from tensorboard->isaaclab_tasks==0.11.12) (3.1.8)
Building wheels for collected packages: isaaclab_tasks
  Building editable for isaaclab_tasks (pyproject.toml): started
  Building editable for isaaclab_tasks (pyproject.toml): finished with status 'done'
  Created wheel for isaaclab_tasks: filename=isaaclab_tasks-0.11.12-0.editable-py3-none-any.whl size=3388 sha256=fca18b6eeccd6275d839933e5713d7d4508bb0b6af9084900309928a51843048
  Stored in directory: /tmp/pip-ephem-wheel-cache-i85fkef7/wheels/a6/35/01/66d0bc757df5944470ad58ccd38b0727f2a17113090c3f57fd
Successfully built isaaclab_tasks
Installing collected packages: isaaclab_tasks
Successfully installed isaaclab_tasks-0.11.12
[INFO] Installing extra requirements such as learning frameworks...
[INFO] Installing all rl-frameworks...
Obtaining file:///home/anyone/IsaacLab/source/isaaclab_rl
  Installing build dependencies: started
  Installing build dependencies: finished with status 'done'
  Checking if build backend supports build_editable: started
  Checking if build backend supports build_editable: finished with status 'done'
  Getting requirements to build editable: started
  Getting requirements to build editable: finished with status 'done'
  Preparing editable metadata (pyproject.toml): started
  Preparing editable metadata (pyproject.toml): finished with status 'done'
Requirement already satisfied: numpy<2 in /home/anyone/miniforge3/envs/env_isaaclab/lib/python3.11/site-packages (from isaaclab_rl==0.4.7) (1.26.0)
Requirement already satisfied: torch>=2.7 in /home/anyone/miniforge3/envs/env_isaaclab/lib/python3.11/site-packages (from isaaclab_rl==0.4.7) (2.7.0+cu128)
Requirement already satisfied: torchvision>=0.14.1 in /home/anyone/miniforge3/envs/env_isaaclab/lib/python3.11/site-packages (from isaaclab_rl==0.4.7) (0.22.0+cu128)
Requirement already satisfied: protobuf!=5.26.0,>=4.25.8 in /home/anyone/miniforge3/envs/env_isaaclab/lib/python3.11/site-packages (from isaaclab_rl==0.4.7) (7.34.1)
Requirement already satisfied: hydra-core in /home/anyone/miniforge3/envs/env_isaaclab/lib/python3.11/site-packages (from isaaclab_rl==0.4.7) (1.3.2)
Requirement already satisfied: h5py in /home/anyone/miniforge3/envs/env_isaaclab/lib/python3.11/site-packages (from isaaclab_rl==0.4.7) (3.16.0)
Requirement already satisfied: tensorboard in /home/anyone/miniforge3/envs/env_isaaclab/lib/python3.11/site-packages (from isaaclab_rl==0.4.7) (2.20.0)
Requirement already satisfied: moviepy in /home/anyone/miniforge3/envs/env_isaaclab/lib/python3.11/site-packages (from isaaclab_rl==0.4.7) (2.2.1)
Requirement already satisfied: pillow==11.3.0 in /home/anyone/miniforge3/envs/env_isaaclab/lib/python3.11/site-packages (from isaaclab_rl==0.4.7) (11.3.0)
Requirement already satisfied: packaging<24 in /home/anyone/miniforge3/envs/env_isaaclab/lib/python3.11/site-packages (from isaaclab_rl==0.4.7) (23.0)
Collecting gym (from isaaclab_rl==0.4.7)
  Downloading gym-0.26.2.tar.gz (721 kB)
     ━━━━━━━━━━━━━━━━━━━━━━━━━━━━━━━━━━━━━━━━ 721.7/721.7 kB 21.2 MB/s  0:00:00
  Installing build dependencies: started
  Installing build dependencies: finished with status 'done'
  Getting requirements to build wheel: started
  Getting requirements to build wheel: finished with status 'done'
  Preparing metadata (pyproject.toml): started
  Preparing metadata (pyproject.toml): finished with status 'done'
Collecting skrl>=1.4.3 (from isaaclab_rl==0.4.7)
  Downloading skrl-2.0.0-py3-none-any.whl.metadata (5.5 kB)
Collecting rich (from isaaclab_rl==0.4.7)
  Downloading rich-15.0.0-py3-none-any.whl.metadata (18 kB)
Collecting rsl-rl-lib==3.1.2 (from isaaclab_rl==0.4.7)
  Downloading rsl_rl_lib-3.1.2-py3-none-any.whl.metadata (5.0 kB)
Collecting stable-baselines3>=2.6 (from isaaclab_rl==0.4.7)
  Downloading stable_baselines3-2.8.0-py3-none-any.whl.metadata (4.9 kB)
Requirement already satisfied: tqdm in /home/anyone/miniforge3/envs/env_isaaclab/lib/python3.11/site-packages (from isaaclab_rl==0.4.7) (4.67.3)
Collecting onnxscript>=0.5 (from isaaclab_rl==0.4.7)
  Downloading onnxscript-0.7.0-py3-none-any.whl.metadata (13 kB)
Collecting rl-games @ git+https://github.com/isaac-sim/rl_games.git@python3.11 (from isaaclab_rl==0.4.7)
  Cloning https://github.com/isaac-sim/rl_games.git (to revision python3.11) to /tmp/pip-install-5hxal6lh/rl-games_9808a3351d2f4bb288fa0e08647934b8
  Running command git clone --filter=blob:none --quiet https://github.com/isaac-sim/rl_games.git /tmp/pip-install-5hxal6lh/rl-games_9808a3351d2f4bb288fa0e08647934b8
  Running command git checkout -b python3.11 --track origin/python3.11
  Switched to a new branch 'python3.11'
  branch 'python3.11' set up to track 'origin/python3.11'.
  Resolved https://github.com/isaac-sim/rl_games.git to commit 6b3534f29568158e9e29ec8bf83cc88fce5f0cae
  Installing build dependencies: started
  Installing build dependencies: finished with status 'done'
  Getting requirements to build wheel: started
  Getting requirements to build wheel: finished with status 'done'
  Preparing metadata (pyproject.toml): started
  Preparing metadata (pyproject.toml): finished with status 'done'
Requirement already satisfied: PyYAML<7.0,>=6.0 in /home/anyone/miniforge3/envs/env_isaaclab/lib/python3.11/site-packages (from rl-games @ git+https://github.com/isaac-sim/rl_games.git@python3.11->isaaclab_rl==0.4.7) (6.0.2)
Collecting gym (from isaaclab_rl==0.4.7)
  Downloading gym-0.23.1.tar.gz (626 kB)
     ━━━━━━━━━━━━━━━━━━━━━━━━━━━━━━━━━━━━━━━━ 626.2/626.2 kB 12.5 MB/s  0:00:00
  Installing build dependencies: started
  Installing build dependencies: finished with status 'done'
  Getting requirements to build wheel: started
  Getting requirements to build wheel: finished with status 'done'
  Preparing metadata (pyproject.toml): started
  Preparing metadata (pyproject.toml): finished with status 'done'
Collecting psutil<6.0.0,>=5.9.0 (from rl-games @ git+https://github.com/isaac-sim/rl_games.git@python3.11->isaaclab_rl==0.4.7)
  Using cached psutil-5.9.8-cp36-abi3-manylinux_2_12_x86_64.manylinux2010_x86_64.manylinux_2_17_x86_64.manylinux2014_x86_64.whl.metadata (21 kB)
Collecting ray<3.0.0,>=2.45.0 (from rl-games @ git+https://github.com/isaac-sim/rl_games.git@python3.11->isaaclab_rl==0.4.7)
  Downloading ray-2.55.1-cp311-cp311-manylinux2014_x86_64.whl.metadata (21 kB)
Collecting setproctitle<2.0.0,>=1.2.2 (from rl-games @ git+https://github.com/isaac-sim/rl_games.git@python3.11->isaaclab_rl==0.4.7)
  Downloading setproctitle-1.3.7-cp311-cp311-manylinux1_x86_64.manylinux_2_28_x86_64.manylinux_2_5_x86_64.whl.metadata (10 kB)
Collecting tensorboardX<3.0,>=2.5 (from rl-games @ git+https://github.com/isaac-sim/rl_games.git@python3.11->isaaclab_rl==0.4.7)
  Downloading tensorboardx-2.6.5-py3-none-any.whl.metadata (6.6 kB)
Collecting wandb>=0.13.11 (from rl-games @ git+https://github.com/isaac-sim/rl_games.git@python3.11->isaaclab_rl==0.4.7)
  Downloading wandb-0.26.1-py3-none-manylinux_2_28_x86_64.whl.metadata (11 kB)
Collecting tensordict>=0.7.0 (from rsl-rl-lib==3.1.2->isaaclab_rl==0.4.7)
  Downloading tensordict-0.12.2-cp311-cp311-manylinux_2_28_x86_64.whl.metadata (10 kB)
Collecting GitPython (from rsl-rl-lib==3.1.2->isaaclab_rl==0.4.7)
  Downloading gitpython-3.1.49-py3-none-any.whl.metadata (14 kB)
Collecting onnx (from rsl-rl-lib==3.1.2->isaaclab_rl==0.4.7)
  Using cached onnx-1.21.0-cp311-cp311-manylinux_2_27_x86_64.manylinux_2_28_x86_64.whl.metadata (8.5 kB)
Collecting cloudpickle>=1.2.0 (from gym->isaaclab_rl==0.4.7)
  Downloading cloudpickle-3.1.2-py3-none-any.whl.metadata (7.1 kB)
Collecting gym_notices>=0.0.4 (from gym->isaaclab_rl==0.4.7)
  Downloading gym_notices-0.1.0-py3-none-any.whl.metadata (1.2 kB)
Requirement already satisfied: click>=7.0 in /home/anyone/miniforge3/envs/env_isaaclab/lib/python3.11/site-packages (from ray<3.0.0,>=2.45.0->rl-games @ git+https://github.com/isaac-sim/rl_games.git@python3.11->isaaclab_rl==0.4.7) (8.1.7)
Requirement already satisfied: filelock in /home/anyone/miniforge3/envs/env_isaaclab/lib/python3.11/site-packages (from ray<3.0.0,>=2.45.0->rl-games @ git+https://github.com/isaac-sim/rl_games.git@python3.11->isaaclab_rl==0.4.7) (3.13.1)
Collecting jsonschema (from ray<3.0.0,>=2.45.0->rl-games @ git+https://github.com/isaac-sim/rl_games.git@python3.11->isaaclab_rl==0.4.7)
  Using cached jsonschema-4.26.0-py3-none-any.whl.metadata (7.6 kB)
Collecting msgpack<2.0.0,>=1.0.0 (from ray<3.0.0,>=2.45.0->rl-games @ git+https://github.com/isaac-sim/rl_games.git@python3.11->isaaclab_rl==0.4.7)
  Downloading msgpack-1.1.2-cp311-cp311-manylinux2014_x86_64.manylinux_2_17_x86_64.manylinux_2_28_x86_64.whl.metadata (8.1 kB)
INFO: pip is looking at multiple versions of ray to determine which version is compatible with other requirements. This could take a while.
Collecting ray<3.0.0,>=2.45.0 (from rl-games @ git+https://github.com/isaac-sim/rl_games.git@python3.11->isaaclab_rl==0.4.7)
  Downloading ray-2.55.0-cp311-cp311-manylinux2014_x86_64.whl.metadata (21 kB)
  Downloading ray-2.54.1-cp311-cp311-manylinux2014_x86_64.whl.metadata (21 kB)
  Downloading ray-2.54.0-cp311-cp311-manylinux2014_x86_64.whl.metadata (21 kB)
  Downloading ray-2.53.0-cp311-cp311-manylinux2014_x86_64.whl.metadata (22 kB)
  Downloading ray-2.52.1-cp311-cp311-manylinux2014_x86_64.whl.metadata (21 kB)
Requirement already satisfied: requests in /home/anyone/miniforge3/envs/env_isaaclab/lib/python3.11/site-packages (from ray<3.0.0,>=2.45.0->rl-games @ git+https://github.com/isaac-sim/rl_games.git@python3.11->isaaclab_rl==0.4.7) (2.32.3)
Requirement already satisfied: absl-py>=0.4 in /home/anyone/miniforge3/envs/env_isaaclab/lib/python3.11/site-packages (from tensorboard->isaaclab_rl==0.4.7) (2.4.0)
Requirement already satisfied: grpcio>=1.48.2 in /home/anyone/miniforge3/envs/env_isaaclab/lib/python3.11/site-packages (from tensorboard->isaaclab_rl==0.4.7) (1.80.0)
Requirement already satisfied: markdown>=2.6.8 in /home/anyone/miniforge3/envs/env_isaaclab/lib/python3.11/site-packages (from tensorboard->isaaclab_rl==0.4.7) (3.10.2)
Requirement already satisfied: setuptools>=41.0.0 in /home/anyone/miniforge3/envs/env_isaaclab/lib/python3.11/site-packages (from tensorboard->isaaclab_rl==0.4.7) (82.0.1)
Requirement already satisfied: tensorboard-data-server<0.8.0,>=0.7.0 in /home/anyone/miniforge3/envs/env_isaaclab/lib/python3.11/site-packages (from tensorboard->isaaclab_rl==0.4.7) (0.7.2)
Requirement already satisfied: werkzeug>=1.0.1 in /home/anyone/miniforge3/envs/env_isaaclab/lib/python3.11/site-packages (from tensorboard->isaaclab_rl==0.4.7) (3.1.8)
Requirement already satisfied: typing-extensions~=4.12 in /home/anyone/miniforge3/envs/env_isaaclab/lib/python3.11/site-packages (from grpcio>=1.48.2->tensorboard->isaaclab_rl==0.4.7) (4.12.2)
Collecting ml_dtypes (from onnxscript>=0.5->isaaclab_rl==0.4.7)
  Downloading ml_dtypes-0.5.4-cp311-cp311-manylinux_2_27_x86_64.manylinux_2_28_x86_64.whl.metadata (8.9 kB)
Collecting onnx_ir<2,>=0.1.16 (from onnxscript>=0.5->isaaclab_rl==0.4.7)
  Downloading onnx_ir-0.2.1-py3-none-any.whl.metadata (3.3 kB)
Requirement already satisfied: sympy>=1.13 in /home/anyone/miniforge3/envs/env_isaaclab/lib/python3.11/site-packages (from onnx_ir<2,>=0.1.16->onnxscript>=0.5->isaaclab_rl==0.4.7) (1.13.3)
Collecting gymnasium (from skrl>=1.4.3->isaaclab_rl==0.4.7)
  Downloading gymnasium-1.3.0-py3-none-any.whl.metadata (10 kB)
  Downloading gymnasium-1.2.3-py3-none-any.whl.metadata (10 kB)
Collecting pandas (from stable-baselines3>=2.6->isaaclab_rl==0.4.7)
  Downloading pandas-3.0.2-cp311-cp311-manylinux_2_24_x86_64.manylinux_2_28_x86_64.whl.metadata (79 kB)
Requirement already satisfied: matplotlib in /home/anyone/miniforge3/envs/env_isaaclab/lib/python3.11/site-packages (from stable-baselines3>=2.6->isaaclab_rl==0.4.7) (3.10.3)
Collecting farama-notifications>=0.0.1 (from gymnasium->skrl>=1.4.3->isaaclab_rl==0.4.7)
  Downloading farama_notifications-0.0.6-py3-none-any.whl.metadata (729 bytes)
Requirement already satisfied: networkx in /home/anyone/miniforge3/envs/env_isaaclab/lib/python3.11/site-packages (from torch>=2.7->isaaclab_rl==0.4.7) (3.3)
Requirement already satisfied: jinja2 in /home/anyone/miniforge3/envs/env_isaaclab/lib/python3.11/site-packages (from torch>=2.7->isaaclab_rl==0.4.7) (3.1.6)
Requirement already satisfied: fsspec in /home/anyone/miniforge3/envs/env_isaaclab/lib/python3.11/site-packages (from torch>=2.7->isaaclab_rl==0.4.7) (2024.6.1)
Requirement already satisfied: nvidia-cuda-nvrtc-cu12==12.8.61 in /home/anyone/miniforge3/envs/env_isaaclab/lib/python3.11/site-packages (from torch>=2.7->isaaclab_rl==0.4.7) (12.8.61)
Requirement already satisfied: nvidia-cuda-runtime-cu12==12.8.57 in /home/anyone/miniforge3/envs/env_isaaclab/lib/python3.11/site-packages (from torch>=2.7->isaaclab_rl==0.4.7) (12.8.57)
Requirement already satisfied: nvidia-cuda-cupti-cu12==12.8.57 in /home/anyone/miniforge3/envs/env_isaaclab/lib/python3.11/site-packages (from torch>=2.7->isaaclab_rl==0.4.7) (12.8.57)
Requirement already satisfied: nvidia-cudnn-cu12==9.7.1.26 in /home/anyone/miniforge3/envs/env_isaaclab/lib/python3.11/site-packages (from torch>=2.7->isaaclab_rl==0.4.7) (9.7.1.26)
Requirement already satisfied: nvidia-cublas-cu12==12.8.3.14 in /home/anyone/miniforge3/envs/env_isaaclab/lib/python3.11/site-packages (from torch>=2.7->isaaclab_rl==0.4.7) (12.8.3.14)
Requirement already satisfied: nvidia-cufft-cu12==11.3.3.41 in /home/anyone/miniforge3/envs/env_isaaclab/lib/python3.11/site-packages (from torch>=2.7->isaaclab_rl==0.4.7) (11.3.3.41)
Requirement already satisfied: nvidia-curand-cu12==10.3.9.55 in /home/anyone/miniforge3/envs/env_isaaclab/lib/python3.11/site-packages (from torch>=2.7->isaaclab_rl==0.4.7) (10.3.9.55)
Requirement already satisfied: nvidia-cusolver-cu12==11.7.2.55 in /home/anyone/miniforge3/envs/env_isaaclab/lib/python3.11/site-packages (from torch>=2.7->isaaclab_rl==0.4.7) (11.7.2.55)
Requirement already satisfied: nvidia-cusparse-cu12==12.5.7.53 in /home/anyone/miniforge3/envs/env_isaaclab/lib/python3.11/site-packages (from torch>=2.7->isaaclab_rl==0.4.7) (12.5.7.53)
Requirement already satisfied: nvidia-cusparselt-cu12==0.6.3 in /home/anyone/miniforge3/envs/env_isaaclab/lib/python3.11/site-packages (from torch>=2.7->isaaclab_rl==0.4.7) (0.6.3)
Requirement already satisfied: nvidia-nccl-cu12==2.26.2 in /home/anyone/miniforge3/envs/env_isaaclab/lib/python3.11/site-packages (from torch>=2.7->isaaclab_rl==0.4.7) (2.26.2)
Requirement already satisfied: nvidia-nvtx-cu12==12.8.55 in /home/anyone/miniforge3/envs/env_isaaclab/lib/python3.11/site-packages (from torch>=2.7->isaaclab_rl==0.4.7) (12.8.55)
Requirement already satisfied: nvidia-nvjitlink-cu12==12.8.61 in /home/anyone/miniforge3/envs/env_isaaclab/lib/python3.11/site-packages (from torch>=2.7->isaaclab_rl==0.4.7) (12.8.61)
Requirement already satisfied: nvidia-cufile-cu12==1.13.0.11 in /home/anyone/miniforge3/envs/env_isaaclab/lib/python3.11/site-packages (from torch>=2.7->isaaclab_rl==0.4.7) (1.13.0.11)
Requirement already satisfied: triton==3.3.0 in /home/anyone/miniforge3/envs/env_isaaclab/lib/python3.11/site-packages (from torch>=2.7->isaaclab_rl==0.4.7) (3.3.0)
Requirement already satisfied: mpmath<1.4,>=1.1.0 in /home/anyone/miniforge3/envs/env_isaaclab/lib/python3.11/site-packages (from sympy>=1.13->onnx_ir<2,>=0.1.16->onnxscript>=0.5->isaaclab_rl==0.4.7) (1.3.0)
Collecting importlib_metadata (from tensordict>=0.7.0->rsl-rl-lib==3.1.2->isaaclab_rl==0.4.7)
  Using cached importlib_metadata-9.0.0-py3-none-any.whl.metadata (4.5 kB)
Collecting orjson (from tensordict>=0.7.0->rsl-rl-lib==3.1.2->isaaclab_rl==0.4.7)
  Downloading orjson-3.11.8-cp311-cp311-manylinux_2_17_x86_64.manylinux2014_x86_64.whl.metadata (41 kB)
Collecting pyvers<0.3.0,>=0.2.0 (from tensordict>=0.7.0->rsl-rl-lib==3.1.2->isaaclab_rl==0.4.7)
  Downloading pyvers-0.2.2-py3-none-any.whl.metadata (5.8 kB)
Collecting platformdirs (from wandb>=0.13.11->rl-games @ git+https://github.com/isaac-sim/rl_games.git@python3.11->isaaclab_rl==0.4.7)
  Using cached platformdirs-4.9.6-py3-none-any.whl.metadata (4.7 kB)
Requirement already satisfied: pydantic<3 in /home/anyone/miniforge3/envs/env_isaaclab/lib/python3.11/site-packages (from wandb>=0.13.11->rl-games @ git+https://github.com/isaac-sim/rl_games.git@python3.11->isaaclab_rl==0.4.7) (2.11.10)
Requirement already satisfied: sentry-sdk>=2.0.0 in /home/anyone/miniforge3/envs/env_isaaclab/lib/python3.11/site-packages (from wandb>=0.13.11->rl-games @ git+https://github.com/isaac-sim/rl_games.git@python3.11->isaaclab_rl==0.4.7) (2.29.1)
Requirement already satisfied: annotated-types>=0.6.0 in /home/anyone/miniforge3/envs/env_isaaclab/lib/python3.11/site-packages (from pydantic<3->wandb>=0.13.11->rl-games @ git+https://github.com/isaac-sim/rl_games.git@python3.11->isaaclab_rl==0.4.7) (0.7.0)
Requirement already satisfied: pydantic-core==2.33.2 in /home/anyone/miniforge3/envs/env_isaaclab/lib/python3.11/site-packages (from pydantic<3->wandb>=0.13.11->rl-games @ git+https://github.com/isaac-sim/rl_games.git@python3.11->isaaclab_rl==0.4.7) (2.33.2)
Requirement already satisfied: typing-inspection>=0.4.0 in /home/anyone/miniforge3/envs/env_isaaclab/lib/python3.11/site-packages (from pydantic<3->wandb>=0.13.11->rl-games @ git+https://github.com/isaac-sim/rl_games.git@python3.11->isaaclab_rl==0.4.7) (0.4.2)
Requirement already satisfied: charset-normalizer<4,>=2 in /home/anyone/miniforge3/envs/env_isaaclab/lib/python3.11/site-packages (from requests->ray<3.0.0,>=2.45.0->rl-games @ git+https://github.com/isaac-sim/rl_games.git@python3.11->isaaclab_rl==0.4.7) (3.3.2)
Requirement already satisfied: idna<4,>=2.5 in /home/anyone/miniforge3/envs/env_isaaclab/lib/python3.11/site-packages (from requests->ray<3.0.0,>=2.45.0->rl-games @ git+https://github.com/isaac-sim/rl_games.git@python3.11->isaaclab_rl==0.4.7) (3.10)
Requirement already satisfied: urllib3<3,>=1.21.1 in /home/anyone/miniforge3/envs/env_isaaclab/lib/python3.11/site-packages (from requests->ray<3.0.0,>=2.45.0->rl-games @ git+https://github.com/isaac-sim/rl_games.git@python3.11->isaaclab_rl==0.4.7) (2.6.3)
Requirement already satisfied: certifi>=2017.4.17 in /home/anyone/miniforge3/envs/env_isaaclab/lib/python3.11/site-packages (from requests->ray<3.0.0,>=2.45.0->rl-games @ git+https://github.com/isaac-sim/rl_games.git@python3.11->isaaclab_rl==0.4.7) (2026.4.22)
Collecting gitdb<5,>=4.0.1 (from GitPython->rsl-rl-lib==3.1.2->isaaclab_rl==0.4.7)
  Downloading gitdb-4.0.12-py3-none-any.whl.metadata (1.2 kB)
Collecting smmap<6,>=3.0.1 (from gitdb<5,>=4.0.1->GitPython->rsl-rl-lib==3.1.2->isaaclab_rl==0.4.7)
  Downloading smmap-5.0.3-py3-none-any.whl.metadata (4.6 kB)
Requirement already satisfied: markupsafe>=2.1.1 in /home/anyone/miniforge3/envs/env_isaaclab/lib/python3.11/site-packages (from werkzeug>=1.0.1->tensorboard->isaaclab_rl==0.4.7) (2.1.3)
Requirement already satisfied: omegaconf<2.4,>=2.2 in /home/anyone/miniforge3/envs/env_isaaclab/lib/python3.11/site-packages (from hydra-core->isaaclab_rl==0.4.7) (2.3.0)
Requirement already satisfied: antlr4-python3-runtime==4.9.* in /home/anyone/miniforge3/envs/env_isaaclab/lib/python3.11/site-packages (from hydra-core->isaaclab_rl==0.4.7) (4.9.3)
Collecting zipp>=3.20 (from importlib_metadata->tensordict>=0.7.0->rsl-rl-lib==3.1.2->isaaclab_rl==0.4.7)
  Using cached zipp-3.23.1-py3-none-any.whl.metadata (3.6 kB)
Requirement already satisfied: attrs>=22.2.0 in /home/anyone/miniforge3/envs/env_isaaclab/lib/python3.11/site-packages (from jsonschema->ray<3.0.0,>=2.45.0->rl-games @ git+https://github.com/isaac-sim/rl_games.git@python3.11->isaaclab_rl==0.4.7) (25.1.0)
Collecting jsonschema-specifications>=2023.03.6 (from jsonschema->ray<3.0.0,>=2.45.0->rl-games @ git+https://github.com/isaac-sim/rl_games.git@python3.11->isaaclab_rl==0.4.7)
  Using cached jsonschema_specifications-2025.9.1-py3-none-any.whl.metadata (2.9 kB)
Collecting referencing>=0.28.4 (from jsonschema->ray<3.0.0,>=2.45.0->rl-games @ git+https://github.com/isaac-sim/rl_games.git@python3.11->isaaclab_rl==0.4.7)
  Using cached referencing-0.37.0-py3-none-any.whl.metadata (2.8 kB)
Collecting rpds-py>=0.25.0 (from jsonschema->ray<3.0.0,>=2.45.0->rl-games @ git+https://github.com/isaac-sim/rl_games.git@python3.11->isaaclab_rl==0.4.7)
  Downloading rpds_py-0.30.0-cp311-cp311-manylinux_2_17_x86_64.manylinux2014_x86_64.whl.metadata (4.1 kB)
Requirement already satisfied: contourpy>=1.0.1 in /home/anyone/miniforge3/envs/env_isaaclab/lib/python3.11/site-packages (from matplotlib->stable-baselines3>=2.6->isaaclab_rl==0.4.7) (1.3.1)
Requirement already satisfied: cycler>=0.10 in /home/anyone/miniforge3/envs/env_isaaclab/lib/python3.11/site-packages (from matplotlib->stable-baselines3>=2.6->isaaclab_rl==0.4.7) (0.11.0)
Requirement already satisfied: fonttools>=4.22.0 in /home/anyone/miniforge3/envs/env_isaaclab/lib/python3.11/site-packages (from matplotlib->stable-baselines3>=2.6->isaaclab_rl==0.4.7) (4.55.3)
Requirement already satisfied: kiwisolver>=1.3.1 in /home/anyone/miniforge3/envs/env_isaaclab/lib/python3.11/site-packages (from matplotlib->stable-baselines3>=2.6->isaaclab_rl==0.4.7) (1.4.4)
Requirement already satisfied: pyparsing>=2.3.1 in /home/anyone/miniforge3/envs/env_isaaclab/lib/python3.11/site-packages (from matplotlib->stable-baselines3>=2.6->isaaclab_rl==0.4.7) (3.0.9)
Requirement already satisfied: python-dateutil>=2.7 in /home/anyone/miniforge3/envs/env_isaaclab/lib/python3.11/site-packages (from matplotlib->stable-baselines3>=2.6->isaaclab_rl==0.4.7) (2.9.0.post0)
Requirement already satisfied: six>=1.5 in /home/anyone/miniforge3/envs/env_isaaclab/lib/python3.11/site-packages (from python-dateutil>=2.7->matplotlib->stable-baselines3>=2.6->isaaclab_rl==0.4.7) (1.17.0)
Requirement already satisfied: decorator<6.0,>=4.0.2 in /home/anyone/miniforge3/envs/env_isaaclab/lib/python3.11/site-packages (from moviepy->isaaclab_rl==0.4.7) (5.2.1)
Requirement already satisfied: imageio<3.0,>=2.5 in /home/anyone/miniforge3/envs/env_isaaclab/lib/python3.11/site-packages (from moviepy->isaaclab_rl==0.4.7) (2.37.0)
Requirement already satisfied: imageio_ffmpeg>=0.2.0 in /home/anyone/miniforge3/envs/env_isaaclab/lib/python3.11/site-packages (from moviepy->isaaclab_rl==0.4.7) (0.6.0)
Requirement already satisfied: proglog<=1.0.0 in /home/anyone/miniforge3/envs/env_isaaclab/lib/python3.11/site-packages (from moviepy->isaaclab_rl==0.4.7) (0.1.12)
Requirement already satisfied: python-dotenv>=0.10 in /home/anyone/miniforge3/envs/env_isaaclab/lib/python3.11/site-packages (from moviepy->isaaclab_rl==0.4.7) (1.2.2)
Collecting markdown-it-py>=2.2.0 (from rich->isaaclab_rl==0.4.7)
  Using cached markdown_it_py-4.0.0-py3-none-any.whl.metadata (7.3 kB)
Requirement already satisfied: pygments<3.0.0,>=2.13.0 in /home/anyone/miniforge3/envs/env_isaaclab/lib/python3.11/site-packages (from rich->isaaclab_rl==0.4.7) (2.20.0)
Collecting mdurl~=0.1 (from markdown-it-py>=2.2.0->rich->isaaclab_rl==0.4.7)
  Using cached mdurl-0.1.2-py3-none-any.whl.metadata (1.6 kB)
Downloading rsl_rl_lib-3.1.2-py3-none-any.whl (50 kB)
Using cached psutil-5.9.8-cp36-abi3-manylinux_2_12_x86_64.manylinux2010_x86_64.manylinux_2_17_x86_64.manylinux2014_x86_64.whl (288 kB)
Downloading ray-2.52.1-cp311-cp311-manylinux2014_x86_64.whl (72.2 MB)
   ━━━━━━━━━━━━━━━━━━━━━━━━━━━━━━━━━━━━━━━━ 72.2/72.2 MB 8.8 MB/s  0:00:08
Downloading msgpack-1.1.2-cp311-cp311-manylinux2014_x86_64.manylinux_2_17_x86_64.manylinux_2_28_x86_64.whl (426 kB)
Downloading setproctitle-1.3.7-cp311-cp311-manylinux1_x86_64.manylinux_2_28_x86_64.manylinux_2_5_x86_64.whl (32 kB)
Downloading tensorboardx-2.6.5-py3-none-any.whl (87 kB)
Downloading cloudpickle-3.1.2-py3-none-any.whl (22 kB)
Downloading gym_notices-0.1.0-py3-none-any.whl (3.3 kB)
Downloading onnxscript-0.7.0-py3-none-any.whl (714 kB)
   ━━━━━━━━━━━━━━━━━━━━━━━━━━━━━━━━━━━━━━━━ 714.8/714.8 kB 29.8 MB/s  0:00:00
Downloading onnx_ir-0.2.1-py3-none-any.whl (166 kB)
Downloading ml_dtypes-0.5.4-cp311-cp311-manylinux_2_27_x86_64.manylinux_2_28_x86_64.whl (5.0 MB)
   ━━━━━━━━━━━━━━━━━━━━━━━━━━━━━━━━━━━━━━━━ 5.0/5.0 MB 26.5 MB/s  0:00:00
Downloading onnx-1.21.0-cp311-cp311-manylinux_2_27_x86_64.manylinux_2_28_x86_64.whl (17.6 MB)
   ━━━━━━━━━━━━━━━━━━━━━━━━━━━━━━━━━━━━━━━━ 17.6/17.6 MB 27.6 MB/s  0:00:00
Downloading skrl-2.0.0-py3-none-any.whl (456 kB)
Downloading stable_baselines3-2.8.0-py3-none-any.whl (187 kB)
Downloading gymnasium-1.2.3-py3-none-any.whl (952 kB)
   ━━━━━━━━━━━━━━━━━━━━━━━━━━━━━━━━━━━━━━━━ 952.1/952.1 kB 33.2 MB/s  0:00:00
Downloading farama_notifications-0.0.6-py3-none-any.whl (2.9 kB)
Downloading tensordict-0.12.2-cp311-cp311-manylinux_2_28_x86_64.whl (536 kB)
   ━━━━━━━━━━━━━━━━━━━━━━━━━━━━━━━━━━━━━━━━ 536.4/536.4 kB 28.2 MB/s  0:00:00
Downloading pyvers-0.2.2-py3-none-any.whl (11 kB)
Downloading wandb-0.26.1-py3-none-manylinux_2_28_x86_64.whl (27.2 MB)
   ━━━━━━━━━━━━━━━━━━━━━━━━━━━━━━━━━━━━━━━━ 27.2/27.2 MB 26.3 MB/s  0:00:01
Downloading gitpython-3.1.49-py3-none-any.whl (212 kB)
Downloading gitdb-4.0.12-py3-none-any.whl (62 kB)
Downloading smmap-5.0.3-py3-none-any.whl (24 kB)
Using cached importlib_metadata-9.0.0-py3-none-any.whl (27 kB)
Using cached zipp-3.23.1-py3-none-any.whl (10 kB)
Using cached jsonschema-4.26.0-py3-none-any.whl (90 kB)
Using cached jsonschema_specifications-2025.9.1-py3-none-any.whl (18 kB)
Using cached referencing-0.37.0-py3-none-any.whl (26 kB)
Downloading rpds_py-0.30.0-cp311-cp311-manylinux_2_17_x86_64.manylinux2014_x86_64.whl (390 kB)
Downloading orjson-3.11.8-cp311-cp311-manylinux_2_17_x86_64.manylinux2014_x86_64.whl (133 kB)
Downloading pandas-3.0.2-cp311-cp311-manylinux_2_24_x86_64.manylinux_2_28_x86_64.whl (11.3 MB)
   ━━━━━━━━━━━━━━━━━━━━━━━━━━━━━━━━━━━━━━━━ 11.3/11.3 MB 20.0 MB/s  0:00:00
Using cached platformdirs-4.9.6-py3-none-any.whl (21 kB)
Downloading rich-15.0.0-py3-none-any.whl (310 kB)
Using cached markdown_it_py-4.0.0-py3-none-any.whl (87 kB)
Using cached mdurl-0.1.2-py3-none-any.whl (10.0 kB)
Building wheels for collected packages: isaaclab_rl, rl-games, gym
  Building editable for isaaclab_rl (pyproject.toml): started
  Building editable for isaaclab_rl (pyproject.toml): finished with status 'done'
  Created wheel for isaaclab_rl: filename=isaaclab_rl-0.4.7-0.editable-py3-none-any.whl size=3549 sha256=dfef0f8c7990d5cf6e4ce9948b1363f5367384d0dbb16383750c3698fb94a223
  Stored in directory: /tmp/pip-ephem-wheel-cache-b90yk5br/wheels/b0/b1/f6/08e435756c9a3d87878918c226ebed13b990cb3b8daad7bd70
  Building wheel for rl-games (pyproject.toml): started
  Building wheel for rl-games (pyproject.toml): finished with status 'done'
  Created wheel for rl-games: filename=rl_games-1.6.1-py3-none-any.whl size=240677 sha256=87909f5bc48f2fc93d35c5e012129f772832ff8bcb838fa50aa94d7df08ad0da
  Stored in directory: /tmp/pip-ephem-wheel-cache-b90yk5br/wheels/ba/77/85/f1971abd678dd4497840b00e6b7716ee1f3b8a34e90dd9d681
  Building wheel for gym (pyproject.toml): started
  Building wheel for gym (pyproject.toml): finished with status 'done'
  Created wheel for gym: filename=gym-0.23.1-py3-none-any.whl size=701457 sha256=7dcbb18277153b668695765f5f45b022dee7d9ad080a54ee14cf30b7f7673027
  Stored in directory: /home/anyone/.cache/pip/wheels/5b/dd/a4/b1860cec4c1751b5a84c31e2abc3b88bd71e11c1df79b73986
Successfully built isaaclab_rl rl-games gym
Installing collected packages: gym_notices, farama-notifications, zipp, tensorboardX, smmap, setproctitle, rpds-py, pyvers, psutil, platformdirs, orjson, msgpack, ml_dtypes, mdurl, cloudpickle, referencing, pandas, onnx, markdown-it-py, importlib_metadata, gymnasium, gym, gitdb, skrl, rich, onnx_ir, jsonschema-specifications, GitPython, wandb, tensordict, stable-baselines3, onnxscript, jsonschema, rsl-rl-lib, ray, isaaclab_rl, rl-games
  Attempting uninstall: psutil
    Found existing installation: psutil 7.2.2
    Uninstalling psutil-7.2.2:
      Successfully uninstalled psutil-7.2.2
  Attempting uninstall: isaaclab_rl
    Found existing installation: isaaclab_rl 0.4.7
    Uninstalling isaaclab_rl-0.4.7:
      Successfully uninstalled isaaclab_rl-0.4.7

ERROR: pip's dependency resolver does not currently take into account all the packages that are installed. This behaviour is the source of the following dependency conflicts.
ipython 9.13.0 requires psutil>=7, but you have psutil 5.9.8 which is incompatible.
Successfully installed GitPython-3.1.49 cloudpickle-3.1.2 farama-notifications-0.0.6 gitdb-4.0.12 gym-0.23.1 gym_notices-0.1.0 gymnasium-1.2.3 importlib_metadata-9.0.0 isaaclab_rl-0.4.7 jsonschema-4.26.0 jsonschema-specifications-2025.9.1 markdown-it-py-4.0.0 mdurl-0.1.2 ml_dtypes-0.5.4 msgpack-1.1.2 onnx-1.21.0 onnx_ir-0.2.1 onnxscript-0.7.0 orjson-3.11.8 pandas-3.0.2 platformdirs-4.9.6 psutil-5.9.8 pyvers-0.2.2 ray-2.52.1 referencing-0.37.0 rich-15.0.0 rl-games-1.6.1 rpds-py-0.30.0 rsl-rl-lib-3.1.2 setproctitle-1.3.7 skrl-2.0.0 smmap-5.0.3 stable-baselines3-2.8.0 tensorboardX-2.6.5 tensordict-0.12.2 wandb-0.26.1 zipp-3.23.1
Obtaining file:///home/anyone/IsaacLab/source/isaaclab_mimic
  Installing build dependencies: started
  Installing build dependencies: finished with status 'done'
  Checking if build backend supports build_editable: started
  Checking if build backend supports build_editable: finished with status 'done'
  Getting requirements to build editable: started
  Getting requirements to build editable: finished with status 'done'
  Preparing editable metadata (pyproject.toml): started
  Preparing editable metadata (pyproject.toml): finished with status 'done'
Requirement already satisfied: tomli in /home/anyone/miniforge3/envs/env_isaaclab/lib/python3.11/site-packages (from isaaclab_mimic==1.0.16) (2.4.1)
Requirement already satisfied: ipywidgets==8.1.5 in /home/anyone/miniforge3/envs/env_isaaclab/lib/python3.11/site-packages (from isaaclab_mimic==1.0.16) (8.1.5)
Collecting robomimic @ git+https://github.com/ARISE-Initiative/robomimic.git@v0.4.0 (from isaaclab_mimic==1.0.16)
  Cloning https://github.com/ARISE-Initiative/robomimic.git (to revision v0.4.0) to /tmp/pip-install-9nvl8jlh/robomimic_3478af23f7754b50b67e917b6dd5b02f
  Running command git clone --filter=blob:none --quiet https://github.com/ARISE-Initiative/robomimic.git /tmp/pip-install-9nvl8jlh/robomimic_3478af23f7754b50b67e917b6dd5b02f
  Running command git checkout -q 7c66e7a41b5d9dcc905b1a68346bfee1b49b79c9
  Resolved https://github.com/ARISE-Initiative/robomimic.git to commit 7c66e7a41b5d9dcc905b1a68346bfee1b49b79c9
  Installing build dependencies: started
  Installing build dependencies: finished with status 'done'
  Getting requirements to build wheel: started
  Getting requirements to build wheel: finished with status 'done'
  Preparing metadata (pyproject.toml): started
  Preparing metadata (pyproject.toml): finished with status 'done'
Requirement already satisfied: numpy>=1.13.3 in /home/anyone/miniforge3/envs/env_isaaclab/lib/python3.11/site-packages (from robomimic @ git+https://github.com/ARISE-Initiative/robomimic.git@v0.4.0->isaaclab_mimic==1.0.16) (1.26.0)
Requirement already satisfied: h5py in /home/anyone/miniforge3/envs/env_isaaclab/lib/python3.11/site-packages (from robomimic @ git+https://github.com/ARISE-Initiative/robomimic.git@v0.4.0->isaaclab_mimic==1.0.16) (3.16.0)
Requirement already satisfied: psutil in /home/anyone/miniforge3/envs/env_isaaclab/lib/python3.11/site-packages (from robomimic @ git+https://github.com/ARISE-Initiative/robomimic.git@v0.4.0->isaaclab_mimic==1.0.16) (5.9.8)
Requirement already satisfied: tqdm in /home/anyone/miniforge3/envs/env_isaaclab/lib/python3.11/site-packages (from robomimic @ git+https://github.com/ARISE-Initiative/robomimic.git@v0.4.0->isaaclab_mimic==1.0.16) (4.67.3)
Collecting termcolor (from robomimic @ git+https://github.com/ARISE-Initiative/robomimic.git@v0.4.0->isaaclab_mimic==1.0.16)
  Downloading termcolor-3.3.0-py3-none-any.whl.metadata (6.5 kB)
Requirement already satisfied: tensorboard in /home/anyone/miniforge3/envs/env_isaaclab/lib/python3.11/site-packages (from robomimic @ git+https://github.com/ARISE-Initiative/robomimic.git@v0.4.0->isaaclab_mimic==1.0.16) (2.20.0)
Requirement already satisfied: tensorboardX in /home/anyone/miniforge3/envs/env_isaaclab/lib/python3.11/site-packages (from robomimic @ git+https://github.com/ARISE-Initiative/robomimic.git@v0.4.0->isaaclab_mimic==1.0.16) (2.6.5)
Requirement already satisfied: imageio in /home/anyone/miniforge3/envs/env_isaaclab/lib/python3.11/site-packages (from robomimic @ git+https://github.com/ARISE-Initiative/robomimic.git@v0.4.0->isaaclab_mimic==1.0.16) (2.37.0)
Requirement already satisfied: imageio-ffmpeg in /home/anyone/miniforge3/envs/env_isaaclab/lib/python3.11/site-packages (from robomimic @ git+https://github.com/ARISE-Initiative/robomimic.git@v0.4.0->isaaclab_mimic==1.0.16) (0.6.0)
Requirement already satisfied: matplotlib in /home/anyone/miniforge3/envs/env_isaaclab/lib/python3.11/site-packages (from robomimic @ git+https://github.com/ARISE-Initiative/robomimic.git@v0.4.0->isaaclab_mimic==1.0.16) (3.10.3)
Collecting egl_probe>=1.0.1 (from robomimic @ git+https://github.com/ARISE-Initiative/robomimic.git@v0.4.0->isaaclab_mimic==1.0.16)
  Downloading egl_probe-1.0.2.tar.gz (217 kB)
  Installing build dependencies: started
  Installing build dependencies: finished with status 'done'
  Getting requirements to build wheel: started
  Getting requirements to build wheel: finished with status 'done'
  Preparing metadata (pyproject.toml): started
  Preparing metadata (pyproject.toml): finished with status 'done'
Requirement already satisfied: torch in /home/anyone/miniforge3/envs/env_isaaclab/lib/python3.11/site-packages (from robomimic @ git+https://github.com/ARISE-Initiative/robomimic.git@v0.4.0->isaaclab_mimic==1.0.16) (2.7.0+cu128)
Requirement already satisfied: torchvision in /home/anyone/miniforge3/envs/env_isaaclab/lib/python3.11/site-packages (from robomimic @ git+https://github.com/ARISE-Initiative/robomimic.git@v0.4.0->isaaclab_mimic==1.0.16) (0.22.0+cu128)
Collecting huggingface_hub (from robomimic @ git+https://github.com/ARISE-Initiative/robomimic.git@v0.4.0->isaaclab_mimic==1.0.16)
  Downloading huggingface_hub-1.13.0-py3-none-any.whl.metadata (14 kB)
Requirement already satisfied: comm>=0.1.3 in /home/anyone/miniforge3/envs/env_isaaclab/lib/python3.11/site-packages (from ipywidgets==8.1.5->isaaclab_mimic==1.0.16) (0.2.3)
Requirement already satisfied: ipython>=6.1.0 in /home/anyone/miniforge3/envs/env_isaaclab/lib/python3.11/site-packages (from ipywidgets==8.1.5->isaaclab_mimic==1.0.16) (9.13.0)
Requirement already satisfied: traitlets>=4.3.1 in /home/anyone/miniforge3/envs/env_isaaclab/lib/python3.11/site-packages (from ipywidgets==8.1.5->isaaclab_mimic==1.0.16) (5.14.3)
Requirement already satisfied: widgetsnbextension~=4.0.12 in /home/anyone/miniforge3/envs/env_isaaclab/lib/python3.11/site-packages (from ipywidgets==8.1.5->isaaclab_mimic==1.0.16) (4.0.15)
Requirement already satisfied: jupyterlab-widgets~=3.0.12 in /home/anyone/miniforge3/envs/env_isaaclab/lib/python3.11/site-packages (from ipywidgets==8.1.5->isaaclab_mimic==1.0.16) (3.0.16)
Requirement already satisfied: decorator>=5.1.0 in /home/anyone/miniforge3/envs/env_isaaclab/lib/python3.11/site-packages (from ipython>=6.1.0->ipywidgets==8.1.5->isaaclab_mimic==1.0.16) (5.2.1)
Requirement already satisfied: ipython-pygments-lexers>=1.0.0 in /home/anyone/miniforge3/envs/env_isaaclab/lib/python3.11/site-packages (from ipython>=6.1.0->ipywidgets==8.1.5->isaaclab_mimic==1.0.16) (1.1.1)
Requirement already satisfied: jedi>=0.18.2 in /home/anyone/miniforge3/envs/env_isaaclab/lib/python3.11/site-packages (from ipython>=6.1.0->ipywidgets==8.1.5->isaaclab_mimic==1.0.16) (0.19.2)
Requirement already satisfied: matplotlib-inline>=0.1.6 in /home/anyone/miniforge3/envs/env_isaaclab/lib/python3.11/site-packages (from ipython>=6.1.0->ipywidgets==8.1.5->isaaclab_mimic==1.0.16) (0.2.1)
Requirement already satisfied: pexpect>4.6 in /home/anyone/miniforge3/envs/env_isaaclab/lib/python3.11/site-packages (from ipython>=6.1.0->ipywidgets==8.1.5->isaaclab_mimic==1.0.16) (4.9.0)
Requirement already satisfied: prompt_toolkit<3.1.0,>=3.0.41 in /home/anyone/miniforge3/envs/env_isaaclab/lib/python3.11/site-packages (from ipython>=6.1.0->ipywidgets==8.1.5->isaaclab_mimic==1.0.16) (3.0.52)
Collecting psutil (from robomimic @ git+https://github.com/ARISE-Initiative/robomimic.git@v0.4.0->isaaclab_mimic==1.0.16)
  Using cached psutil-7.2.2-cp36-abi3-manylinux2010_x86_64.manylinux_2_12_x86_64.manylinux_2_28_x86_64.whl.metadata (22 kB)
Requirement already satisfied: pygments>=2.14.0 in /home/anyone/miniforge3/envs/env_isaaclab/lib/python3.11/site-packages (from ipython>=6.1.0->ipywidgets==8.1.5->isaaclab_mimic==1.0.16) (2.20.0)
Requirement already satisfied: stack_data>=0.6.0 in /home/anyone/miniforge3/envs/env_isaaclab/lib/python3.11/site-packages (from ipython>=6.1.0->ipywidgets==8.1.5->isaaclab_mimic==1.0.16) (0.6.3)
Requirement already satisfied: typing_extensions>=4.6 in /home/anyone/miniforge3/envs/env_isaaclab/lib/python3.11/site-packages (from ipython>=6.1.0->ipywidgets==8.1.5->isaaclab_mimic==1.0.16) (4.12.2)
Requirement already satisfied: wcwidth in /home/anyone/miniforge3/envs/env_isaaclab/lib/python3.11/site-packages (from prompt_toolkit<3.1.0,>=3.0.41->ipython>=6.1.0->ipywidgets==8.1.5->isaaclab_mimic==1.0.16) (0.6.0)
Requirement already satisfied: parso<0.9.0,>=0.8.4 in /home/anyone/miniforge3/envs/env_isaaclab/lib/python3.11/site-packages (from jedi>=0.18.2->ipython>=6.1.0->ipywidgets==8.1.5->isaaclab_mimic==1.0.16) (0.8.6)
Requirement already satisfied: ptyprocess>=0.5 in /home/anyone/miniforge3/envs/env_isaaclab/lib/python3.11/site-packages (from pexpect>4.6->ipython>=6.1.0->ipywidgets==8.1.5->isaaclab_mimic==1.0.16) (0.7.0)
Requirement already satisfied: executing>=1.2.0 in /home/anyone/miniforge3/envs/env_isaaclab/lib/python3.11/site-packages (from stack_data>=0.6.0->ipython>=6.1.0->ipywidgets==8.1.5->isaaclab_mimic==1.0.16) (2.2.1)
Requirement already satisfied: asttokens>=2.1.0 in /home/anyone/miniforge3/envs/env_isaaclab/lib/python3.11/site-packages (from stack_data>=0.6.0->ipython>=6.1.0->ipywidgets==8.1.5->isaaclab_mimic==1.0.16) (3.0.1)
Requirement already satisfied: pure-eval in /home/anyone/miniforge3/envs/env_isaaclab/lib/python3.11/site-packages (from stack_data>=0.6.0->ipython>=6.1.0->ipywidgets==8.1.5->isaaclab_mimic==1.0.16) (0.2.3)
Requirement already satisfied: filelock>=3.10.0 in /home/anyone/miniforge3/envs/env_isaaclab/lib/python3.11/site-packages (from huggingface_hub->robomimic @ git+https://github.com/ARISE-Initiative/robomimic.git@v0.4.0->isaaclab_mimic==1.0.16) (3.13.1)
Requirement already satisfied: fsspec>=2023.5.0 in /home/anyone/miniforge3/envs/env_isaaclab/lib/python3.11/site-packages (from huggingface_hub->robomimic @ git+https://github.com/ARISE-Initiative/robomimic.git@v0.4.0->isaaclab_mimic==1.0.16) (2024.6.1)
Collecting hf-xet<2.0.0,>=1.4.3 (from huggingface_hub->robomimic @ git+https://github.com/ARISE-Initiative/robomimic.git@v0.4.0->isaaclab_mimic==1.0.16)
  Using cached hf_xet-1.4.3-cp37-abi3-manylinux2014_x86_64.manylinux_2_17_x86_64.whl.metadata (4.9 kB)
Collecting httpx<1,>=0.23.0 (from huggingface_hub->robomimic @ git+https://github.com/ARISE-Initiative/robomimic.git@v0.4.0->isaaclab_mimic==1.0.16)
  Using cached httpx-0.28.1-py3-none-any.whl.metadata (7.1 kB)
Requirement already satisfied: packaging>=20.9 in /home/anyone/miniforge3/envs/env_isaaclab/lib/python3.11/site-packages (from huggingface_hub->robomimic @ git+https://github.com/ARISE-Initiative/robomimic.git@v0.4.0->isaaclab_mimic==1.0.16) (23.0)
Requirement already satisfied: pyyaml>=5.1 in /home/anyone/miniforge3/envs/env_isaaclab/lib/python3.11/site-packages (from huggingface_hub->robomimic @ git+https://github.com/ARISE-Initiative/robomimic.git@v0.4.0->isaaclab_mimic==1.0.16) (6.0.2)
Collecting typer (from huggingface_hub->robomimic @ git+https://github.com/ARISE-Initiative/robomimic.git@v0.4.0->isaaclab_mimic==1.0.16)
  Downloading typer-0.25.1-py3-none-any.whl.metadata (15 kB)
Requirement already satisfied: anyio in /home/anyone/miniforge3/envs/env_isaaclab/lib/python3.11/site-packages (from httpx<1,>=0.23.0->huggingface_hub->robomimic @ git+https://github.com/ARISE-Initiative/robomimic.git@v0.4.0->isaaclab_mimic==1.0.16) (4.13.0)
Requirement already satisfied: certifi in /home/anyone/miniforge3/envs/env_isaaclab/lib/python3.11/site-packages (from httpx<1,>=0.23.0->huggingface_hub->robomimic @ git+https://github.com/ARISE-Initiative/robomimic.git@v0.4.0->isaaclab_mimic==1.0.16) (2026.4.22)
Collecting httpcore==1.* (from httpx<1,>=0.23.0->huggingface_hub->robomimic @ git+https://github.com/ARISE-Initiative/robomimic.git@v0.4.0->isaaclab_mimic==1.0.16)
  Using cached httpcore-1.0.9-py3-none-any.whl.metadata (21 kB)
Requirement already satisfied: idna in /home/anyone/miniforge3/envs/env_isaaclab/lib/python3.11/site-packages (from httpx<1,>=0.23.0->huggingface_hub->robomimic @ git+https://github.com/ARISE-Initiative/robomimic.git@v0.4.0->isaaclab_mimic==1.0.16) (3.10)
Requirement already satisfied: h11>=0.16 in /home/anyone/miniforge3/envs/env_isaaclab/lib/python3.11/site-packages (from httpcore==1.*->httpx<1,>=0.23.0->huggingface_hub->robomimic @ git+https://github.com/ARISE-Initiative/robomimic.git@v0.4.0->isaaclab_mimic==1.0.16) (0.16.0)
Requirement already satisfied: pillow>=8.3.2 in /home/anyone/miniforge3/envs/env_isaaclab/lib/python3.11/site-packages (from imageio->robomimic @ git+https://github.com/ARISE-Initiative/robomimic.git@v0.4.0->isaaclab_mimic==1.0.16) (11.3.0)
Requirement already satisfied: contourpy>=1.0.1 in /home/anyone/miniforge3/envs/env_isaaclab/lib/python3.11/site-packages (from matplotlib->robomimic @ git+https://github.com/ARISE-Initiative/robomimic.git@v0.4.0->isaaclab_mimic==1.0.16) (1.3.1)
Requirement already satisfied: cycler>=0.10 in /home/anyone/miniforge3/envs/env_isaaclab/lib/python3.11/site-packages (from matplotlib->robomimic @ git+https://github.com/ARISE-Initiative/robomimic.git@v0.4.0->isaaclab_mimic==1.0.16) (0.11.0)
Requirement already satisfied: fonttools>=4.22.0 in /home/anyone/miniforge3/envs/env_isaaclab/lib/python3.11/site-packages (from matplotlib->robomimic @ git+https://github.com/ARISE-Initiative/robomimic.git@v0.4.0->isaaclab_mimic==1.0.16) (4.55.3)
Requirement already satisfied: kiwisolver>=1.3.1 in /home/anyone/miniforge3/envs/env_isaaclab/lib/python3.11/site-packages (from matplotlib->robomimic @ git+https://github.com/ARISE-Initiative/robomimic.git@v0.4.0->isaaclab_mimic==1.0.16) (1.4.4)
Requirement already satisfied: pyparsing>=2.3.1 in /home/anyone/miniforge3/envs/env_isaaclab/lib/python3.11/site-packages (from matplotlib->robomimic @ git+https://github.com/ARISE-Initiative/robomimic.git@v0.4.0->isaaclab_mimic==1.0.16) (3.0.9)
Requirement already satisfied: python-dateutil>=2.7 in /home/anyone/miniforge3/envs/env_isaaclab/lib/python3.11/site-packages (from matplotlib->robomimic @ git+https://github.com/ARISE-Initiative/robomimic.git@v0.4.0->isaaclab_mimic==1.0.16) (2.9.0.post0)
Requirement already satisfied: six>=1.5 in /home/anyone/miniforge3/envs/env_isaaclab/lib/python3.11/site-packages (from python-dateutil>=2.7->matplotlib->robomimic @ git+https://github.com/ARISE-Initiative/robomimic.git@v0.4.0->isaaclab_mimic==1.0.16) (1.17.0)
Requirement already satisfied: absl-py>=0.4 in /home/anyone/miniforge3/envs/env_isaaclab/lib/python3.11/site-packages (from tensorboard->robomimic @ git+https://github.com/ARISE-Initiative/robomimic.git@v0.4.0->isaaclab_mimic==1.0.16) (2.4.0)
Requirement already satisfied: grpcio>=1.48.2 in /home/anyone/miniforge3/envs/env_isaaclab/lib/python3.11/site-packages (from tensorboard->robomimic @ git+https://github.com/ARISE-Initiative/robomimic.git@v0.4.0->isaaclab_mimic==1.0.16) (1.80.0)
Requirement already satisfied: markdown>=2.6.8 in /home/anyone/miniforge3/envs/env_isaaclab/lib/python3.11/site-packages (from tensorboard->robomimic @ git+https://github.com/ARISE-Initiative/robomimic.git@v0.4.0->isaaclab_mimic==1.0.16) (3.10.2)
Requirement already satisfied: protobuf!=4.24.0,>=3.19.6 in /home/anyone/miniforge3/envs/env_isaaclab/lib/python3.11/site-packages (from tensorboard->robomimic @ git+https://github.com/ARISE-Initiative/robomimic.git@v0.4.0->isaaclab_mimic==1.0.16) (7.34.1)
Requirement already satisfied: setuptools>=41.0.0 in /home/anyone/miniforge3/envs/env_isaaclab/lib/python3.11/site-packages (from tensorboard->robomimic @ git+https://github.com/ARISE-Initiative/robomimic.git@v0.4.0->isaaclab_mimic==1.0.16) (82.0.1)
Requirement already satisfied: tensorboard-data-server<0.8.0,>=0.7.0 in /home/anyone/miniforge3/envs/env_isaaclab/lib/python3.11/site-packages (from tensorboard->robomimic @ git+https://github.com/ARISE-Initiative/robomimic.git@v0.4.0->isaaclab_mimic==1.0.16) (0.7.2)
Requirement already satisfied: werkzeug>=1.0.1 in /home/anyone/miniforge3/envs/env_isaaclab/lib/python3.11/site-packages (from tensorboard->robomimic @ git+https://github.com/ARISE-Initiative/robomimic.git@v0.4.0->isaaclab_mimic==1.0.16) (3.1.8)
Requirement already satisfied: markupsafe>=2.1.1 in /home/anyone/miniforge3/envs/env_isaaclab/lib/python3.11/site-packages (from werkzeug>=1.0.1->tensorboard->robomimic @ git+https://github.com/ARISE-Initiative/robomimic.git@v0.4.0->isaaclab_mimic==1.0.16) (2.1.3)
Requirement already satisfied: sympy>=1.13.3 in /home/anyone/miniforge3/envs/env_isaaclab/lib/python3.11/site-packages (from torch->robomimic @ git+https://github.com/ARISE-Initiative/robomimic.git@v0.4.0->isaaclab_mimic==1.0.16) (1.13.3)
Requirement already satisfied: networkx in /home/anyone/miniforge3/envs/env_isaaclab/lib/python3.11/site-packages (from torch->robomimic @ git+https://github.com/ARISE-Initiative/robomimic.git@v0.4.0->isaaclab_mimic==1.0.16) (3.3)
Requirement already satisfied: jinja2 in /home/anyone/miniforge3/envs/env_isaaclab/lib/python3.11/site-packages (from torch->robomimic @ git+https://github.com/ARISE-Initiative/robomimic.git@v0.4.0->isaaclab_mimic==1.0.16) (3.1.6)
Requirement already satisfied: nvidia-cuda-nvrtc-cu12==12.8.61 in /home/anyone/miniforge3/envs/env_isaaclab/lib/python3.11/site-packages (from torch->robomimic @ git+https://github.com/ARISE-Initiative/robomimic.git@v0.4.0->isaaclab_mimic==1.0.16) (12.8.61)
Requirement already satisfied: nvidia-cuda-runtime-cu12==12.8.57 in /home/anyone/miniforge3/envs/env_isaaclab/lib/python3.11/site-packages (from torch->robomimic @ git+https://github.com/ARISE-Initiative/robomimic.git@v0.4.0->isaaclab_mimic==1.0.16) (12.8.57)
Requirement already satisfied: nvidia-cuda-cupti-cu12==12.8.57 in /home/anyone/miniforge3/envs/env_isaaclab/lib/python3.11/site-packages (from torch->robomimic @ git+https://github.com/ARISE-Initiative/robomimic.git@v0.4.0->isaaclab_mimic==1.0.16) (12.8.57)
Requirement already satisfied: nvidia-cudnn-cu12==9.7.1.26 in /home/anyone/miniforge3/envs/env_isaaclab/lib/python3.11/site-packages (from torch->robomimic @ git+https://github.com/ARISE-Initiative/robomimic.git@v0.4.0->isaaclab_mimic==1.0.16) (9.7.1.26)
Requirement already satisfied: nvidia-cublas-cu12==12.8.3.14 in /home/anyone/miniforge3/envs/env_isaaclab/lib/python3.11/site-packages (from torch->robomimic @ git+https://github.com/ARISE-Initiative/robomimic.git@v0.4.0->isaaclab_mimic==1.0.16) (12.8.3.14)
Requirement already satisfied: nvidia-cufft-cu12==11.3.3.41 in /home/anyone/miniforge3/envs/env_isaaclab/lib/python3.11/site-packages (from torch->robomimic @ git+https://github.com/ARISE-Initiative/robomimic.git@v0.4.0->isaaclab_mimic==1.0.16) (11.3.3.41)
Requirement already satisfied: nvidia-curand-cu12==10.3.9.55 in /home/anyone/miniforge3/envs/env_isaaclab/lib/python3.11/site-packages (from torch->robomimic @ git+https://github.com/ARISE-Initiative/robomimic.git@v0.4.0->isaaclab_mimic==1.0.16) (10.3.9.55)
Requirement already satisfied: nvidia-cusolver-cu12==11.7.2.55 in /home/anyone/miniforge3/envs/env_isaaclab/lib/python3.11/site-packages (from torch->robomimic @ git+https://github.com/ARISE-Initiative/robomimic.git@v0.4.0->isaaclab_mimic==1.0.16) (11.7.2.55)
Requirement already satisfied: nvidia-cusparse-cu12==12.5.7.53 in /home/anyone/miniforge3/envs/env_isaaclab/lib/python3.11/site-packages (from torch->robomimic @ git+https://github.com/ARISE-Initiative/robomimic.git@v0.4.0->isaaclab_mimic==1.0.16) (12.5.7.53)
Requirement already satisfied: nvidia-cusparselt-cu12==0.6.3 in /home/anyone/miniforge3/envs/env_isaaclab/lib/python3.11/site-packages (from torch->robomimic @ git+https://github.com/ARISE-Initiative/robomimic.git@v0.4.0->isaaclab_mimic==1.0.16) (0.6.3)
Requirement already satisfied: nvidia-nccl-cu12==2.26.2 in /home/anyone/miniforge3/envs/env_isaaclab/lib/python3.11/site-packages (from torch->robomimic @ git+https://github.com/ARISE-Initiative/robomimic.git@v0.4.0->isaaclab_mimic==1.0.16) (2.26.2)
Requirement already satisfied: nvidia-nvtx-cu12==12.8.55 in /home/anyone/miniforge3/envs/env_isaaclab/lib/python3.11/site-packages (from torch->robomimic @ git+https://github.com/ARISE-Initiative/robomimic.git@v0.4.0->isaaclab_mimic==1.0.16) (12.8.55)
Requirement already satisfied: nvidia-nvjitlink-cu12==12.8.61 in /home/anyone/miniforge3/envs/env_isaaclab/lib/python3.11/site-packages (from torch->robomimic @ git+https://github.com/ARISE-Initiative/robomimic.git@v0.4.0->isaaclab_mimic==1.0.16) (12.8.61)
Requirement already satisfied: nvidia-cufile-cu12==1.13.0.11 in /home/anyone/miniforge3/envs/env_isaaclab/lib/python3.11/site-packages (from torch->robomimic @ git+https://github.com/ARISE-Initiative/robomimic.git@v0.4.0->isaaclab_mimic==1.0.16) (1.13.0.11)
Requirement already satisfied: triton==3.3.0 in /home/anyone/miniforge3/envs/env_isaaclab/lib/python3.11/site-packages (from torch->robomimic @ git+https://github.com/ARISE-Initiative/robomimic.git@v0.4.0->isaaclab_mimic==1.0.16) (3.3.0)
Requirement already satisfied: mpmath<1.4,>=1.1.0 in /home/anyone/miniforge3/envs/env_isaaclab/lib/python3.11/site-packages (from sympy>=1.13.3->torch->robomimic @ git+https://github.com/ARISE-Initiative/robomimic.git@v0.4.0->isaaclab_mimic==1.0.16) (1.3.0)
Collecting click>=8.2.1 (from typer->huggingface_hub->robomimic @ git+https://github.com/ARISE-Initiative/robomimic.git@v0.4.0->isaaclab_mimic==1.0.16)
  Downloading click-8.3.3-py3-none-any.whl.metadata (2.6 kB)
Collecting shellingham>=1.3.0 (from typer->huggingface_hub->robomimic @ git+https://github.com/ARISE-Initiative/robomimic.git@v0.4.0->isaaclab_mimic==1.0.16)
  Using cached shellingham-1.5.4-py2.py3-none-any.whl.metadata (3.5 kB)
Requirement already satisfied: rich>=13.8.0 in /home/anyone/miniforge3/envs/env_isaaclab/lib/python3.11/site-packages (from typer->huggingface_hub->robomimic @ git+https://github.com/ARISE-Initiative/robomimic.git@v0.4.0->isaaclab_mimic==1.0.16) (15.0.0)
Collecting annotated-doc>=0.0.2 (from typer->huggingface_hub->robomimic @ git+https://github.com/ARISE-Initiative/robomimic.git@v0.4.0->isaaclab_mimic==1.0.16)
  Using cached annotated_doc-0.0.4-py3-none-any.whl.metadata (6.6 kB)
Requirement already satisfied: markdown-it-py>=2.2.0 in /home/anyone/miniforge3/envs/env_isaaclab/lib/python3.11/site-packages (from rich>=13.8.0->typer->huggingface_hub->robomimic @ git+https://github.com/ARISE-Initiative/robomimic.git@v0.4.0->isaaclab_mimic==1.0.16) (4.0.0)
Requirement already satisfied: mdurl~=0.1 in /home/anyone/miniforge3/envs/env_isaaclab/lib/python3.11/site-packages (from markdown-it-py>=2.2.0->rich>=13.8.0->typer->huggingface_hub->robomimic @ git+https://github.com/ARISE-Initiative/robomimic.git@v0.4.0->isaaclab_mimic==1.0.16) (0.1.2)
Using cached psutil-7.2.2-cp36-abi3-manylinux2010_x86_64.manylinux_2_12_x86_64.manylinux_2_28_x86_64.whl (155 kB)
Downloading huggingface_hub-1.13.0-py3-none-any.whl (660 kB)
   ━━━━━━━━━━━━━━━━━━━━━━━━━━━━━━━━━━━━━━━━ 660.6/660.6 kB 33.7 MB/s  0:00:00
Using cached hf_xet-1.4.3-cp37-abi3-manylinux2014_x86_64.manylinux_2_17_x86_64.whl (4.2 MB)
Using cached httpx-0.28.1-py3-none-any.whl (73 kB)
Using cached httpcore-1.0.9-py3-none-any.whl (78 kB)
Downloading termcolor-3.3.0-py3-none-any.whl (7.7 kB)
Downloading typer-0.25.1-py3-none-any.whl (58 kB)
Using cached annotated_doc-0.0.4-py3-none-any.whl (5.3 kB)
Downloading click-8.3.3-py3-none-any.whl (110 kB)
Using cached shellingham-1.5.4-py2.py3-none-any.whl (9.8 kB)
Building wheels for collected packages: isaaclab_mimic, robomimic, egl_probe
  Building editable for isaaclab_mimic (pyproject.toml): started
  Building editable for isaaclab_mimic (pyproject.toml): finished with status 'done'
  Created wheel for isaaclab_mimic: filename=isaaclab_mimic-1.0.16-0.editable-py3-none-any.whl size=3131 sha256=8cddba787770cb31b57eec1d00e09a43a120e0fe239c325f8cffb8c412cfbe5b
  Stored in directory: /tmp/pip-ephem-wheel-cache-ce949ndt/wheels/a0/29/45/942ce5162d1062a31be4a8de1d6b5ff9692e61571cfabf2530
  Building wheel for robomimic (pyproject.toml): started
  Building wheel for robomimic (pyproject.toml): finished with status 'done'
  Created wheel for robomimic: filename=robomimic-0.4.0-py3-none-any.whl size=257615 sha256=9a9a3feaf71ea1f7a8501c21137d7fcb6b1a37d26adbae7fe59f45bd3b809057
  Stored in directory: /tmp/pip-ephem-wheel-cache-ce949ndt/wheels/75/03/ee/bf8084201b458ed61e15d6f472d1d94d2e25b4d7a0be47e78c
  Building wheel for egl_probe (pyproject.toml): started
  Building wheel for egl_probe (pyproject.toml): finished with status 'done'
  Created wheel for egl_probe: filename=egl_probe-1.0.2-cp311-cp311-linux_x86_64.whl size=476902 sha256=5313d5e33319794b4a9c0b95b63eb573d426e022b518a55897dff30fb145e7ea
  Stored in directory: /home/anyone/.cache/pip/wheels/fa/fb/31/094ecd1938a964427d319a7960441dce49359675bc09af4615
Successfully built isaaclab_mimic robomimic egl_probe
Installing collected packages: egl_probe, termcolor, shellingham, psutil, httpcore, hf-xet, click, annotated-doc, httpx, typer, isaaclab_mimic, huggingface_hub, robomimic
  Attempting uninstall: psutil
    Found existing installation: psutil 5.9.8
    Uninstalling psutil-5.9.8:
      Successfully uninstalled psutil-5.9.8
  Attempting uninstall: click
    Found existing installation: click 8.1.7
    Uninstalling click-8.1.7:
      Successfully uninstalled click-8.1.7
  Attempting uninstall: isaaclab_mimic
    Found existing installation: isaaclab_mimic 1.0.16
    Uninstalling isaaclab_mimic-1.0.16:
      Successfully uninstalled isaaclab_mimic-1.0.16

ERROR: pip's dependency resolver does not currently take into account all the packages that are installed. This behaviour is the source of the following dependency conflicts.
isaacsim-kernel 5.1.0.0 requires click==8.1.7, but you have click 8.3.3 which is incompatible.
isaacsim-kernel 5.1.0.0 requires psutil==5.9.8, but you have psutil 7.2.2 which is incompatible.
ray 2.52.1 requires click!=8.3.*,>=7.0, but you have click 8.3.3 which is incompatible.
rl-games 1.6.1 requires psutil<6.0.0,>=5.9.0, but you have psutil 7.2.2 which is incompatible.
Successfully installed annotated-doc-0.0.4 click-8.3.3 egl_probe-1.0.2 hf-xet-1.4.3 httpcore-1.0.9 httpx-0.28.1 huggingface_hub-1.13.0 isaaclab_mimic-1.0.16 psutil-7.2.2 robomimic-0.4.0 shellingham-1.5.4 termcolor-3.3.0 typer-0.25.1
[INFO] Setting up vscode settings...
[WARN] Could not find Isaac Sim VSCode settings: /home/anyone/miniforge3/envs/env_isaaclab/lib/python3.11/site-packages/isaacsim/.vscode/settings.json.
	This will result in missing 'python.analysis.extraPaths' in the VSCode
	settings, which limits the functionality of the Python language server.
	However, it does not affect the functionality of the Isaac Lab project.
	We are working on a fix for this issue with the Isaac Sim team.
DONE Fri May  1 09:36:56 PM NZST 2026
