Loading user config located at: '/home/anyone/miniforge3/envs/env_isaaclab/lib/python3.11/site-packages/isaacsim/kit/data/Kit/Isaac-Sim/5.1/user.config.json'
[Info] [carb] Logging to file: /home/anyone/miniforge3/envs/env_isaaclab/lib/python3.11/site-packages/isaacsim/kit/logs/Kit/Isaac-Sim/5.1/kit_20260502_094549.log
2026-05-01T21:45:49Z [98ms] [Warning] [carb.windowing-glfw.plugin] GLFW initialization failed.
2026-05-01T21:45:49Z [98ms] [Warning] [carb] Failed to startup plugin carb.windowing-glfw.plugin (interfaces: [carb::windowing::IGLContext v1.0],[carb::windowing::IWindowing v1.5]) (impl: carb.windowing-glfw.plugin)
2026-05-01T21:45:49Z [105ms] [Warning] [omni.platforminfo.plugin] failed to open the default display.  Can't verify X Server version.
2026-05-01T21:45:49Z [108ms] [Warning] [carb.cudainterop.plugin] CUDA_VISIBLE_DEVICES environment variable is set.
2026-05-01T21:45:49Z [108ms] [Warning] [carb.cudainterop.plugin] Note CUDA device enumeration and Omniverse device enumeration are different.
2026-05-01T21:45:49Z [108ms] [Warning] [carb.cudainterop.plugin] Setting CUDA_VISIBLE_DEVICES can lead to undesired behavior or crashes.
2026-05-01T21:45:49Z [543ms] [Warning] [carb.windowing-glfw.plugin] GLFW initialization failed.
2026-05-01T21:45:49Z [543ms] [Warning] [carb] Failed to startup plugin carb.windowing-glfw.plugin (interfaces: [carb::windowing::IGLContext v1.0],[carb::windowing::IWindowing v1.5]) (impl: carb.windowing-glfw.plugin)
2026-05-01T21:45:49Z [715ms] [Warning] [gpu.foundation.plugin] Skipping NVIDIA GPU due CUDA being in bad state: NVIDIA GeForce RTX 5060 Ti
2026-05-01T21:45:49Z [715ms] [Warning] [gpu.foundation.plugin] Please restart your system if CUDA is known to work in your system.
2026-05-01T21:45:49Z [716ms] [Warning] [gpu.foundation.plugin] Skipping NVIDIA GPU due CUDA being in bad state: NVIDIA GeForce RTX 5060 Ti
2026-05-01T21:45:49Z [716ms] [Warning] [gpu.foundation.plugin] Please restart your system if CUDA is known to work in your system.

|---------------------------------------------------------------------------------------------|
| Driver Version: 580.126.09    | Graphics API: Vulkan
|=============================================================================================|
| GPU | Name                             | Active | LDA | GPU Memory | Vendor-ID | LUID       |
|     |                                  |        |     |            | Device-ID | UUID       |
|     |                                  |        |     |            | Bus-ID    |            |
|---------------------------------------------------------------------------------------------|
| 0   | NVIDIA GeForce RTX 5060 Ti       |        |     | 16557   MB | 10de      | 0          |
|     |                                  |        |     |            | 2d04      | 2b74a472.. |
|     |                                  |        |     |            | 1         |            |
|---------------------------------------------------------------------------------------------|
| 1   | NVIDIA GeForce RTX 5060 Ti       | Yes: 0 |     | 16557   MB | 10de      | 0          |
|     |                                  |        |     |            | 2d04      | 7c6496a1.. |
|     |                                  |        |     |            | 5         |            |
|=============================================================================================|
| OS: 24.04.3 LTS (Noble Numbat) ubuntu, Version: 24.04.3, Kernel: 6.14.0-37-generic
| Processor: Intel(R) Core(TM) i5-14400F
| Bare Metal Cores: 10 | Bare Metal Logical Cores: 20
| Available Cores:  16 
|---------------------------------------------------------------------------------------------|
| Total Memory (MB): 64136 | Free Memory: 54243
| Total Page/Swap (MB): 8191 | Free Page/Swap: 7898
|---------------------------------------------------------------------------------------------|
2026-05-01T21:45:50Z [1,005ms] [Warning] [gpu.foundation.plugin] PCIe link width current (4) and maximum (16) for device 1 don't match.
2026-05-01T21:45:50Z [1,005ms] [Warning] [gpu.foundation.plugin] IOMMU is enabled.
[INFO][AppLauncher]: Using device: cuda:0
[INFO][AppLauncher]: Loading experience file: /home/anyone/IsaacLab/apps/isaaclab.python.headless.rendering.kit
[INFO]: Parsing configuration from: unitree_rl_lab.tasks.locomotion.robots.go2.velocity_lidar_env_cfg:RobotLidarFlatPlayEnvCfg
[INFO]: Parsing configuration from: unitree_rl_lab.tasks.locomotion.agents.rsl_rl_ppo_cfg:BasePPORunnerCfg
[INFO] Loading experiment from directory: /home/anyone/projects/doga/logs/rsl_rl/unitree_go2_velocity_lidar_flatplay

[36m======================================================================================[0m
[36m[1m[INFO][IsaacLab]: Logging to file: /tmp/isaaclab/logs/isaaclab_2026-05-02_09-45-58.log[0m
[36m======================================================================================[0m

[33m09:45:58 [simulation_context.py] WARNING: The `enable_external_forces_every_iteration` parameter in the PhysxCfg is set to False. If you are experiencing noisy velocities, consider enabling this flag. You may need to slightly increase the number of velocity iterations (setting it to 1 or 2 rather than 0), together with this flag, to improve the accuracy of velocity updates.[0m
[INFO]: Base environment:
	Environment device    : cuda:0
	Environment seed      : None
	Physics step-size     : 0.005
	Rendering step-size   : 0.02
	Environment step-size : 0.02
[33m09:45:58 [terrain_importer.py] WARNING: Visual material specified for ground plane but no diffuse color found. Using default color: (0.0, 0.0, 0.0)[0m
2026-05-01T21:45:50Z [1,005ms] [Warning] [gpu.foundation.plugin] Detected IOMMU is enabled. Running CUDA peer-to-peer bandwidth and latency validation.
Unidirectional P2P=Enabled Bandwidth (P2P Writes) Matrix (GB/s)
   D\D     0 
     0 385.52 
P2P=Enabled Latency (P2P Writes) Matrix (us)
   GPU     0 
     0   2.27 

   CPU     0 
     0   2.23 
2026-05-01T21:45:50Z [1,676ms] [Warning] [carb.windowing-glfw.plugin] GLFW initialization failed.
2026-05-01T21:45:50Z [1,676ms] [Warning] [carb] Failed to startup plugin carb.windowing-glfw.plugin (interfaces: [carb::windowing::IGLContext v1.0],[carb::windowing::IWindowing v1.5]) (impl: carb.windowing-glfw.plugin)
2026-05-01T21:45:50Z [1,689ms] [Warning] [carb.windowing-glfw.plugin] GLFW initialization failed.
2026-05-01T21:45:50Z [1,690ms] [Warning] [carb] Failed to startup plugin carb.windowing-glfw.plugin (interfaces: [carb::windowing::IGLContext v1.0],[carb::windowing::IWindowing v1.5]) (impl: carb.windowing-glfw.plugin)
2026-05-01T21:45:50Z [1,697ms] [Warning] [carb.windowing-glfw.plugin] GLFW initialization failed.
2026-05-01T21:45:50Z [1,697ms] [Warning] [carb] Failed to startup plugin carb.windowing-glfw.plugin (interfaces: [carb::windowing::IGLContext v1.0],[carb::windowing::IWindowing v1.5]) (impl: carb.windowing-glfw.plugin)
2026-05-01T21:45:50Z [1,704ms] [Warning] [carb.windowing-glfw.plugin] GLFW initialization failed.
2026-05-01T21:45:50Z [1,704ms] [Warning] [carb] Failed to startup plugin carb.windowing-glfw.plugin (interfaces: [carb::windowing::IGLContext v1.0],[carb::windowing::IWindowing v1.5]) (impl: carb.windowing-glfw.plugin)
2026-05-01T21:45:50Z [1,705ms] [Warning] [carb.windowing-glfw.plugin] GLFW initialization failed.
2026-05-01T21:45:50Z [1,705ms] [Warning] [carb] Failed to startup plugin carb.windowing-glfw.plugin (interfaces: [carb::windowing::IGLContext v1.0],[carb::windowing::IWindowing v1.5]) (impl: carb.windowing-glfw.plugin)
2026-05-01T21:45:50Z [1,706ms] [Warning] [carb.windowing-glfw.plugin] GLFW initialization failed.
2026-05-01T21:45:50Z [1,706ms] [Warning] [carb] Failed to startup plugin carb.windowing-glfw.plugin (interfaces: [carb::windowing::IGLContext v1.0],[carb::windowing::IWindowing v1.5]) (impl: carb.windowing-glfw.plugin)
2026-05-01T21:45:51Z [1,878ms] [Warning] [omni.log] Source: omni.hydra was already registered.
2026-05-01T21:45:51Z [2,134ms] [Warning] [carb] Acquiring non optional plugin interface which is not listed as dependency: [omni::physx::IPhysxBenchmarks v1.0] (plugin: <default plugin>), by client: omni.physics.physx.plugin. Add it to CARB_PLUGIN_IMPL_DEPS() macro of a client.
2026-05-01T21:45:51Z [2,147ms] [Warning] [omni.isaac.dynamic_control] omni.isaac.dynamic_control is deprecated as of Isaac Sim 4.5. No action is needed from end-users.
2026-05-01T21:45:53Z [3,923ms] [Warning] [pxr.Semantics] pxr.Semantics is deprecated - please use Semantics instead
2026-05-01T21:45:53Z [4,038ms] [Warning] [omni.graph.core.plugin] Found duplicate of category 'Replicator' - was 'Annotators', adding 'Fabric Reader'
2026-05-01T21:45:53Z [4,038ms] [Warning] [omni.graph.core.plugin] Category 'Replicator' not accepted on node type 'omni.replicator.core.FabricReader' in extension 'omni.replicator.core'
2026-05-01T21:45:53Z [4,040ms] [Warning] [omni.replicator.core.scripts.extension] No material configuration file, adding configuration to material settings directly.
2026-05-01T21:45:54Z [5,226ms] [Warning] [omni.kvdb.plugin] Disabling key-value database because another kit process is locking it
2026-05-01T21:45:56Z [7,274ms] [Warning] [omni.fabric.plugin] Warning: attribute viewportHandle not found for bucket id 7

2026-05-01T21:45:58Z [8,852ms] [Warning] [isaaclab.envs.manager_based_env] Seed not set for the environment. The environment creation may not be deterministic.
2026-05-01T21:45:59Z [10,759ms] [Warning] [omni.fabric.plugin] getAttributeCount called on non-existent path /World/envs/env_3/Robot/base/collisions/mesh_0
2026-05-01T21:45:59Z [10,759ms] [Warning] [omni.fabric.plugin] getTypes called on non-existent path /World/envs/env_3/Robot/base/collisions/mesh_0
[INFO]: Time taken for scene creation : 1.291927 seconds
[INFO]: Scene manager:  <class InteractiveScene>
	Number of environments: 4
	Environment spacing   : 2.5
	Source prim name      : /World/envs/env_0
	Global prim paths     : ['/World/ground']
	Replicate physics     : True
[INFO]: Starting the simulation. This may take a few seconds. Please wait...
[INFO]: Time taken for simulation start : 1.534569 seconds
[INFO] Command Manager:  <CommandManager> contains 1 active terms.
+------------------------------------------------+
|              Active Command Terms              |
+-------+---------------+------------------------+
| Index | Name          |          Type          |
+-------+---------------+------------------------+
|   0   | base_velocity | UniformVelocityCommand |
+-------+---------------+------------------------+

[INFO] Event Manager:  <EventManager> contains 3 active terms.
+--------------------------------------+
| Active Event Terms in Mode: 'startup' |
+----------+---------------------------+
|  Index   | Name                      |
+----------+---------------------------+
|    0     | physics_material          |
|    1     | add_base_mass             |
+----------+---------------------------+
+---------------------------------------+
|  Active Event Terms in Mode: 'reset'  |
+--------+------------------------------+
| Index  | Name                         |
+--------+------------------------------+
|   0    | base_external_force_torque   |
|   1    | reset_base                   |
|   2    | reset_robot_joints           |
+--------+------------------------------+
+----------------------------------------------+
|    Active Event Terms in Mode: 'interval'    |
+-------+------------+-------------------------+
| Index | Name       | Interval time range (s) |
+-------+------------+-------------------------+
|   0   | push_robot |       (5.0, 10.0)       |
+-------+------------+-------------------------+

[INFO] Recorder Manager:  <RecorderManager> contains 0 active terms.
+---------------------+
| Active Recorder Terms |
+-----------+---------+
|   Index   | Name    |
+-----------+---------+
+-----------+---------+

[INFO] Action Manager:  <ActionManager> contains 1 active terms.
+-----------------------------------------+
|     Active Action Terms (shape: 12)     |
+-------+---------------------+-----------+
| Index | Name                | Dimension |
+-------+---------------------+-----------+
|   0   | JointPositionAction |        12 |
+-------+---------------------+-----------+

[33m09:46:01 [ray_caster.py] WARNING: Raycaster attribute 'attach_yaw_only' property will be deprecated in a future release. Please use the parameter 'ray_alignment' instead. Setting ray_alignment to 'base'.[0m
/home/anyone/miniforge3/envs/env_isaaclab/lib/python3.11/site-packages/gymnasium/wrappers/rendering.py:293: UserWarning: [33mWARN: Overwriting existing videos at /home/anyone/projects/doga/logs/rsl_rl/unitree_go2_velocity_lidar/2026-05-02_00-39-44/videos/play folder (try specifying a different `video_folder` for the `RecordVideo` wrapper if this is not desired)[0m
  logger.warn(
/home/anyone/miniforge3/envs/env_isaaclab/lib/python3.11/site-packages/rsl_rl/utils/utils.py:245: UserWarning: The observation configuration dictionary 'obs_groups' must contain the 'policy' key. As an observation group with the name 'policy' was found, this is assumed to be the observation set. Consider adding the 'policy' key to the 'obs_groups' dictionary for clarity. This behavior will be removed in a future version.
  warnings.warn(
/home/anyone/miniforge3/envs/env_isaaclab/lib/python3.11/site-packages/rsl_rl/utils/utils.py:283: UserWarning: The observation configuration dictionary 'obs_groups' must contain the 'critic' key. As an observation group with the name 'critic' was found, this is assumed to be the observation set. Consider adding the 'critic' key to the 'obs_groups' dictionary for clarity. This behavior will be removed in a future version.
  warnings.warn(
[INFO] Observation Manager: <ObservationManager> contains 2 groups.
+------------------------------------------------------------+
| Active Observation Terms in Group: 'policy' (shape: (2349,)) |
+-----------+--------------------------------+---------------+
|   Index   | Name                           |     Shape     |
+-----------+--------------------------------+---------------+
|     0     | base_ang_vel                   |      (3,)     |
|     1     | projected_gravity              |      (3,)     |
|     2     | velocity_commands              |      (3,)     |
|     3     | joint_pos_rel                  |     (12,)     |
|     4     | joint_vel_rel                  |     (12,)     |
|     5     | last_action                    |     (12,)     |
|     6     | lidar                          |    (2304,)    |
+-----------+--------------------------------+---------------+
+------------------------------------------------------------+
| Active Observation Terms in Group: 'critic' (shape: (2364,)) |
+-----------+--------------------------------+---------------+
|   Index   | Name                           |     Shape     |
+-----------+--------------------------------+---------------+
|     0     | base_lin_vel                   |      (3,)     |
|     1     | base_ang_vel                   |      (3,)     |
|     2     | projected_gravity              |      (3,)     |
|     3     | velocity_commands              |      (3,)     |
|     4     | joint_pos_rel                  |     (12,)     |
|     5     | joint_vel_rel                  |     (12,)     |
|     6     | joint_effort                   |     (12,)     |
|     7     | last_action                    |     (12,)     |
|     8     | lidar_clean                    |    (2304,)    |
+-----------+--------------------------------+---------------+

[INFO] Termination Manager:  <TerminationManager> contains 3 active terms.
+------------------------------------+
|      Active Termination Terms      |
+-------+-----------------+----------+
| Index | Name            | Time Out |
+-------+-----------------+----------+
|   0   | time_out        |   True   |
|   1   | base_contact    |  False   |
|   2   | bad_orientation |  False   |
+-------+-----------------+----------+

[INFO] Reward Manager:  <RewardManager> contains 16 active terms.
+------------------------------------------+
|           Active Reward Terms            |
+-------+-----------------------+----------+
| Index | Name                  |   Weight |
+-------+-----------------------+----------+
|   0   | track_lin_vel_xy      |      1.5 |
|   1   | track_ang_vel_z       |     0.75 |
|   2   | base_linear_velocity  |     -2.0 |
|   3   | base_angular_velocity |    -0.05 |
|   4   | joint_vel             |   -0.001 |
|   5   | joint_acc             | -2.5e-07 |
|   6   | joint_torques         |  -0.0002 |
|   7   | action_rate           |     -0.1 |
|   8   | dof_pos_limits        |    -10.0 |
|   9   | energy                |   -2e-05 |
|   10  | flat_orientation_l2   |     -2.5 |
|   11  | joint_pos             |     -0.7 |
|   12  | feet_air_time         |      0.1 |
|   13  | air_time_variance     |     -1.0 |
|   14  | feet_slide            |     -0.1 |
|   15  | undesired_contacts    |       -1 |
+-------+-----------------------+----------+

[INFO] Curriculum Manager:  <CurriculumManager> contains 1 active terms.
+----------------------------+
|  Active Curriculum Terms   |
+-------+--------------------+
| Index | Name               |
+-------+--------------------+
|   0   | lin_vel_cmd_levels |
+-------+--------------------+

[INFO]: Completed setting up the environment...
[INFO] Recording videos during training.
        video_folder: /home/anyone/projects/doga/logs/rsl_rl/unitree_go2_velocity_lidar/2026-05-02_00-39-44/videos/play
        step_trigger: lambda step: step == 0
        video_length: 3000
        disable_logger: True
[INFO]: Loading model checkpoint from: /home/anyone/projects/doga/logs/rsl_rl/unitree_go2_velocity_lidar/2026-05-02_00-39-44/model_7300.pt
--------------------------------------------------------------------------------
Resolved observation sets: 
	 policy :  ['policy']
	 critic :  ['critic']
--------------------------------------------------------------------------------
Actor MLP: MLP(
  (0): Linear(in_features=2349, out_features=512, bias=True)
  (1): ELU(alpha=1.0)
  (2): Linear(in_features=512, out_features=256, bias=True)
  (3): ELU(alpha=1.0)
  (4): Linear(in_features=256, out_features=128, bias=True)
  (5): ELU(alpha=1.0)
  (6): Linear(in_features=128, out_features=12, bias=True)
)
Critic MLP: MLP(
  (0): Linear(in_features=2364, out_features=512, bias=True)
  (1): ELU(alpha=1.0)
  (2): Linear(in_features=512, out_features=256, bias=True)
  (3): ELU(alpha=1.0)
  (4): Linear(in_features=256, out_features=128, bias=True)
  (5): ELU(alpha=1.0)
  (6): Linear(in_features=128, out_features=1, bias=True)
)
[33m09:46:06 [ray_caster.py] WARNING: Raycaster attribute 'attach_yaw_only' property will be deprecated in a future release. Please use the parameter 'ray_alignment' instead. Setting ray_alignment to 'base'.[0m
[33m09:46:11 [ray_caster.py] WARNING: Raycaster attribute 'attach_yaw_only' property will be deprecated in a future release. Please use the parameter 'ray_alignment' instead. Setting ray_alignment to 'base'.[0m
[33m09:46:16 [ray_caster.py] WARNING: Raycaster attribute 'attach_yaw_only' property will be deprecated in a future release. Please use the parameter 'ray_alignment' instead. Setting ray_alignment to 'base'.[0m
[33m09:46:21 [ray_caster.py] WARNING: Raycaster attribute 'attach_yaw_only' property will be deprecated in a future release. Please use the parameter 'ray_alignment' instead. Setting ray_alignment to 'base'.[0m
[33m09:46:26 [ray_caster.py] WARNING: Raycaster attribute 'attach_yaw_only' property will be deprecated in a future release. Please use the parameter 'ray_alignment' instead. Setting ray_alignment to 'base'.[0m
[33m09:46:31 [ray_caster.py] WARNING: Raycaster attribute 'attach_yaw_only' property will be deprecated in a future release. Please use the parameter 'ray_alignment' instead. Setting ray_alignment to 'base'.[0m
[33m09:46:37 [ray_caster.py] WARNING: Raycaster attribute 'attach_yaw_only' property will be deprecated in a future release. Please use the parameter 'ray_alignment' instead. Setting ray_alignment to 'base'.[0m
[33m09:46:42 [ray_caster.py] WARNING: Raycaster attribute 'attach_yaw_only' property will be deprecated in a future release. Please use the parameter 'ray_alignment' instead. Setting ray_alignment to 'base'.[0m
[33m09:46:47 [ray_caster.py] WARNING: Raycaster attribute 'attach_yaw_only' property will be deprecated in a future release. Please use the parameter 'ray_alignment' instead. Setting ray_alignment to 'base'.[0m
[33m09:46:52 [ray_caster.py] WARNING: Raycaster attribute 'attach_yaw_only' property will be deprecated in a future release. Please use the parameter 'ray_alignment' instead. Setting ray_alignment to 'base'.[0m
[33m09:46:57 [ray_caster.py] WARNING: Raycaster attribute 'attach_yaw_only' property will be deprecated in a future release. Please use the parameter 'ray_alignment' instead. Setting ray_alignment to 'base'.[0m
[33m09:47:02 [ray_caster.py] WARNING: Raycaster attribute 'attach_yaw_only' property will be deprecated in a future release. Please use the parameter 'ray_alignment' instead. Setting ray_alignment to 'base'.[0m
[33m09:47:07 [ray_caster.py] WARNING: Raycaster attribute 'attach_yaw_only' property will be deprecated in a future release. Please use the parameter 'ray_alignment' instead. Setting ray_alignment to 'base'.[0m
[33m09:47:12 [ray_caster.py] WARNING: Raycaster attribute 'attach_yaw_only' property will be deprecated in a future release. Please use the parameter 'ray_alignment' instead. Setting ray_alignment to 'base'.[0m
[33m09:47:17 [ray_caster.py] WARNING: Raycaster attribute 'attach_yaw_only' property will be deprecated in a future release. Please use the parameter 'ray_alignment' instead. Setting ray_alignment to 'base'.[0m
[33m09:47:22 [ray_caster.py] WARNING: Raycaster attribute 'attach_yaw_only' property will be deprecated in a future release. Please use the parameter 'ray_alignment' instead. Setting ray_alignment to 'base'.[0m
[33m09:47:27 [ray_caster.py] WARNING: Raycaster attribute 'attach_yaw_only' property will be deprecated in a future release. Please use the parameter 'ray_alignment' instead. Setting ray_alignment to 'base'.[0m
[33m09:47:32 [ray_caster.py] WARNING: Raycaster attribute 'attach_yaw_only' property will be deprecated in a future release. Please use the parameter 'ray_alignment' instead. Setting ray_alignment to 'base'.[0m
[33m09:47:37 [ray_caster.py] WARNING: Raycaster attribute 'attach_yaw_only' property will be deprecated in a future release. Please use the parameter 'ray_alignment' instead. Setting ray_alignment to 'base'.[0m
[33m09:47:42 [ray_caster.py] WARNING: Raycaster attribute 'attach_yaw_only' property will be deprecated in a future release. Please use the parameter 'ray_alignment' instead. Setting ray_alignment to 'base'.[0m
[33m09:47:47 [ray_caster.py] WARNING: Raycaster attribute 'attach_yaw_only' property will be deprecated in a future release. Please use the parameter 'ray_alignment' instead. Setting ray_alignment to 'base'.[0m
[33m09:47:52 [ray_caster.py] WARNING: Raycaster attribute 'attach_yaw_only' property will be deprecated in a future release. Please use the parameter 'ray_alignment' instead. Setting ray_alignment to 'base'.[0m
[33m09:47:57 [ray_caster.py] WARNING: Raycaster attribute 'attach_yaw_only' property will be deprecated in a future release. Please use the parameter 'ray_alignment' instead. Setting ray_alignment to 'base'.[0m
[33m09:48:02 [ray_caster.py] WARNING: Raycaster attribute 'attach_yaw_only' property will be deprecated in a future release. Please use the parameter 'ray_alignment' instead. Setting ray_alignment to 'base'.[0m
[33m09:48:08 [ray_caster.py] WARNING: Raycaster attribute 'attach_yaw_only' property will be deprecated in a future release. Please use the parameter 'ray_alignment' instead. Setting ray_alignment to 'base'.[0m
[33m09:48:13 [ray_caster.py] WARNING: Raycaster attribute 'attach_yaw_only' property will be deprecated in a future release. Please use the parameter 'ray_alignment' instead. Setting ray_alignment to 'base'.[0m
[33m09:48:18 [ray_caster.py] WARNING: Raycaster attribute 'attach_yaw_only' property will be deprecated in a future release. Please use the parameter 'ray_alignment' instead. Setting ray_alignment to 'base'.[0m
[33m09:48:23 [ray_caster.py] WARNING: Raycaster attribute 'attach_yaw_only' property will be deprecated in a future release. Please use the parameter 'ray_alignment' instead. Setting ray_alignment to 'base'.[0m
[33m09:48:28 [ray_caster.py] WARNING: Raycaster attribute 'attach_yaw_only' property will be deprecated in a future release. Please use the parameter 'ray_alignment' instead. Setting ray_alignment to 'base'.[0m
2026-05-01T21:46:01Z [12,725ms] [Warning] [omni.physx.fabric.plugin] FabricManager::initializePointInstancer mismatched prototypes on point instancer: /Visuals/Command/velocity_goal.
2026-05-01T21:46:01Z [12,725ms] [Warning] [omni.physx.fabric.plugin] FabricManager::initializePointInstancer mismatched prototypes on point instancer: /Visuals/Command/velocity_current.
2026-05-01T21:46:03Z [13,823ms] [Warning] [omni.physx.fabric.plugin] FabricManager::initializePointInstancer mismatched prototypes on point instancer: /Visuals/Command/velocity_current.
2026-05-01T21:46:03Z [13,823ms] [Warning] [omni.physx.fabric.plugin] FabricManager::initializePointInstancer mismatched prototypes on point instancer: /Visuals/Command/velocity_goal.
2026-05-01T21:46:03Z [13,893ms] [Warning] [omni.syntheticdata.plugin] OgnSdPostRenderVarToHost : rendervar copy from texture directly to host buffer is counter-performant. Please use copy from texture to device buffer first.
2026-05-01T21:46:05Z [16,335ms] [Warning] [carb] Client gpu.foundation.plugin has acquired [gpu::unstable::IMemoryBudgetManagerFactory v0.1] 100 times. Consider accessing this interface with carb::getCachedInterface() (Performance warning)
