Loading user config located at: '/home/anyone/miniforge3/envs/env_isaaclab/lib/python3.11/site-packages/isaacsim/kit/data/Kit/Isaac-Sim/5.1/user.config.json'
[Info] [carb] Logging to file: /home/anyone/miniforge3/envs/env_isaaclab/lib/python3.11/site-packages/isaacsim/kit/logs/Kit/Isaac-Sim/5.1/kit_20260504_222817.log
2026-05-04T10:28:17Z [160ms] [Warning] [carb.windowing-glfw.plugin] GLFW initialization failed.
2026-05-04T10:28:17Z [160ms] [Warning] [carb] Failed to startup plugin carb.windowing-glfw.plugin (interfaces: [carb::windowing::IGLContext v1.0],[carb::windowing::IWindowing v1.5]) (impl: carb.windowing-glfw.plugin)
2026-05-04T10:28:17Z [171ms] [Warning] [omni.platforminfo.plugin] failed to open the default display.  Can't verify X Server version.
2026-05-04T10:28:17Z [173ms] [Warning] [carb.cudainterop.plugin] CUDA_VISIBLE_DEVICES environment variable is set.
2026-05-04T10:28:17Z [173ms] [Warning] [carb.cudainterop.plugin] Note CUDA device enumeration and Omniverse device enumeration are different.
2026-05-04T10:28:17Z [173ms] [Warning] [carb.cudainterop.plugin] Setting CUDA_VISIBLE_DEVICES can lead to undesired behavior or crashes.
2026-05-04T10:28:17Z [594ms] [Warning] [carb.windowing-glfw.plugin] GLFW initialization failed.
2026-05-04T10:28:17Z [594ms] [Warning] [carb] Failed to startup plugin carb.windowing-glfw.plugin (interfaces: [carb::windowing::IGLContext v1.0],[carb::windowing::IWindowing v1.5]) (impl: carb.windowing-glfw.plugin)
2026-05-04T10:28:18Z [880ms] [Warning] [gpu.foundation.plugin] Skipping NVIDIA GPU due CUDA being in bad state: NVIDIA GeForce RTX 5060 Ti
2026-05-04T10:28:18Z [880ms] [Warning] [gpu.foundation.plugin] Please restart your system if CUDA is known to work in your system.
2026-05-04T10:28:18Z [881ms] [Warning] [gpu.foundation.plugin] Skipping NVIDIA GPU due CUDA being in bad state: NVIDIA GeForce RTX 5060 Ti
2026-05-04T10:28:18Z [881ms] [Warning] [gpu.foundation.plugin] Please restart your system if CUDA is known to work in your system.

|---------------------------------------------------------------------------------------------|
| Driver Version: 580.126.09    | Graphics API: Vulkan
|=============================================================================================|
| GPU | Name                             | Active | LDA | GPU Memory | Vendor-ID | LUID       |
|     |                                  |        |     |            | Device-ID | UUID       |
|     |                                  |        |     |            | Bus-ID    |            |
|---------------------------------------------------------------------------------------------|
| 0   | NVIDIA GeForce RTX 5060 Ti       |        |     | 16557   MB | 10de      | 0          |
|     |                                  |        |     |            | 2d04      | 2b74a472.. |
|     |                                  |        |     |            | 1         |            |
|---------------------------------------------------------------------------------------------|
| 1   | NVIDIA GeForce RTX 5060 Ti       | Yes: 0 |     | 16557   MB | 10de      | 0          |
|     |                                  |        |     |            | 2d04      | 7c6496a1.. |
|     |                                  |        |     |            | 5         |            |
|=============================================================================================|
| OS: 24.04.3 LTS (Noble Numbat) ubuntu, Version: 24.04.3, Kernel: 6.14.0-37-generic
| Processor: Intel(R) Core(TM) i5-14400F
| Bare Metal Cores: 10 | Bare Metal Logical Cores: 20
| Available Cores:  16 
|---------------------------------------------------------------------------------------------|
| Total Memory (MB): 64136 | Free Memory: 60362
| Total Page/Swap (MB): 8191 | Free Page/Swap: 7899
|---------------------------------------------------------------------------------------------|
2026-05-04T10:28:18Z [1,172ms] [Warning] [gpu.foundation.plugin] PCIe link width current (4) and maximum (16) for device 1 don't match.
2026-05-04T10:28:18Z [1,172ms] [Warning] [gpu.foundation.plugin] IOMMU is enabled.
[INFO][AppLauncher]: Using device: cuda:0
[INFO][AppLauncher]: Loading experience file: /home/anyone/IsaacLab/apps/isaaclab.python.headless.rendering.kit
[INFO]: Parsing configuration from: unitree_rl_lab.tasks.locomotion.robots.go2.velocity_env_cfg:RobotPlayEnvCfg
[INFO]: Parsing configuration from: unitree_rl_lab.tasks.locomotion.agents.rsl_rl_ppo_cfg:BasePPORunnerCfg
[INFO] Loading experiment from directory: /home/anyone/projects/doga/logs/rsl_rl/unitree_go2_velocity

[36m======================================================================================[0m
[36m[1m[INFO][IsaacLab]: Logging to file: /tmp/isaaclab/logs/isaaclab_2026-05-04_22-28-25.log[0m
[36m======================================================================================[0m

[33m22:28:25 [simulation_context.py] WARNING: The `enable_external_forces_every_iteration` parameter in the PhysxCfg is set to False. If you are experiencing noisy velocities, consider enabling this flag. You may need to slightly increase the number of velocity iterations (setting it to 1 or 2 rather than 0), together with this flag, to improve the accuracy of velocity updates.[0m
2026-05-04T10:28:18Z [1,172ms] [Warning] [gpu.foundation.plugin] Detected IOMMU is enabled. Running CUDA peer-to-peer bandwidth and latency validation.
Unidirectional P2P=Enabled Bandwidth (P2P Writes) Matrix (GB/s)
   D\D     0 
     0 385.42 
P2P=Enabled Latency (P2P Writes) Matrix (us)
   GPU     0 
     0   2.25 

   CPU     0 
     0   1.95 
2026-05-04T10:28:18Z [1,768ms] [Warning] [carb.windowing-glfw.plugin] GLFW initialization failed.
2026-05-04T10:28:18Z [1,768ms] [Warning] [carb] Failed to startup plugin carb.windowing-glfw.plugin (interfaces: [carb::windowing::IGLContext v1.0],[carb::windowing::IWindowing v1.5]) (impl: carb.windowing-glfw.plugin)
2026-05-04T10:28:18Z [1,781ms] [Warning] [carb.windowing-glfw.plugin] GLFW initialization failed.
2026-05-04T10:28:18Z [1,781ms] [Warning] [carb] Failed to startup plugin carb.windowing-glfw.plugin (interfaces: [carb::windowing::IGLContext v1.0],[carb::windowing::IWindowing v1.5]) (impl: carb.windowing-glfw.plugin)
2026-05-04T10:28:18Z [1,788ms] [Warning] [carb.windowing-glfw.plugin] GLFW initialization failed.
2026-05-04T10:28:18Z [1,788ms] [Warning] [carb] Failed to startup plugin carb.windowing-glfw.plugin (interfaces: [carb::windowing::IGLContext v1.0],[carb::windowing::IWindowing v1.5]) (impl: carb.windowing-glfw.plugin)
2026-05-04T10:28:18Z [1,793ms] [Warning] [carb.windowing-glfw.plugin] GLFW initialization failed.
2026-05-04T10:28:18Z [1,793ms] [Warning] [carb] Failed to startup plugin carb.windowing-glfw.plugin (interfaces: [carb::windowing::IGLContext v1.0],[carb::windowing::IWindowing v1.5]) (impl: carb.windowing-glfw.plugin)
2026-05-04T10:28:18Z [1,794ms] [Warning] [carb.windowing-glfw.plugin] GLFW initialization failed.
2026-05-04T10:28:18Z [1,794ms] [Warning] [carb] Failed to startup plugin carb.windowing-glfw.plugin (interfaces: [carb::windowing::IGLContext v1.0],[carb::windowing::IWindowing v1.5]) (impl: carb.windowing-glfw.plugin)
2026-05-04T10:28:18Z [1,795ms] [Warning] [carb.windowing-glfw.plugin] GLFW initialization failed.
2026-05-04T10:28:18Z [1,795ms] [Warning] [carb] Failed to startup plugin carb.windowing-glfw.plugin (interfaces: [carb::windowing::IGLContext v1.0],[carb::windowing::IWindowing v1.5]) (impl: carb.windowing-glfw.plugin)
2026-05-04T10:28:19Z [1,960ms] [Warning] [omni.log] Source: omni.hydra was already registered.
2026-05-04T10:28:19Z [2,195ms] [Warning] [carb] Acquiring non optional plugin interface which is not listed as dependency: [omni::physx::IPhysxBenchmarks v1.0] (plugin: <default plugin>), by client: omni.physics.physx.plugin. Add it to CARB_PLUGIN_IMPL_DEPS() macro of a client.
2026-05-04T10:28:19Z [2,204ms] [Warning] [omni.isaac.dynamic_control] omni.isaac.dynamic_control is deprecated as of Isaac Sim 4.5. No action is needed from end-users.
2026-05-04T10:28:21Z [3,907ms] [Warning] [pxr.Semantics] pxr.Semantics is deprecated - please use Semantics instead
2026-05-04T10:28:21Z [3,988ms] [Warning] [omni.graph.core.plugin] Found duplicate of category 'Replicator' - was 'Annotators', adding 'Fabric Reader'
2026-05-04T10:28:21Z [3,988ms] [Warning] [omni.graph.core.plugin] Category 'Replicator' not accepted on node type 'omni.replicator.core.FabricReader' in extension 'omni.replicator.core'
2026-05-04T10:28:21Z [3,989ms] [Warning] [omni.replicator.core.scripts.extension] No material configuration file, adding configuration to material settings directly.
2026-05-04T10:28:24Z [6,926ms] [Warning] [omni.fabric.plugin] Warning: attribute viewportHandle not found for bucket id 7

2026-05-04T10:28:25Z [8,369ms] [Warning] [isaaclab.envs.manager_based_env] Seed not set for the environment. The environment creation may not be deterministic.
2026-05-04T10:28:27Z [10,129ms] [Warning] [omni.fabric.plugin] getAttributeCount called on non-existent path /World/envs/env_3/Robot/RR_foot/collisions/mesh_0
2026-05-04T10:28:27Z [10,129ms] [Warning] [omni.fabric.plugin] getTypes called on non-existent path /World/envs/env_3/Robot/RR_foot/collisions/mesh_0
2026-05-04T10:28:29Z [11,879ms] [Warning] [omni.physx.fabric.plugin] FabricManager::initializePointInstancer mismatched prototypes on point instancer: /Visuals/Command/velocity_current.
/home/anyone/miniforge3/envs/env_isaaclab/lib/python3.11/site-packages/rsl_rl/utils/utils.py:245: UserWarning: The observation configuration dictionary 'obs_groups' must contain the 'policy' key. As an observation group with the name 'policy' was found, this is assumed to be the observation set. Consider adding the 'policy' key to the 'obs_groups' dictionary for clarity. This behavior will be removed in a future version.
  warnings.warn(
/home/anyone/miniforge3/envs/env_isaaclab/lib/python3.11/site-packages/rsl_rl/utils/utils.py:283: UserWarning: The observation configuration dictionary 'obs_groups' must contain the 'critic' key. As an observation group with the name 'critic' was found, this is assumed to be the observation set. Consider adding the 'critic' key to the 'obs_groups' dictionary for clarity. This behavior will be removed in a future version.
  warnings.warn(
2026-05-04T10:28:29Z [11,880ms] [Warning] [omni.physx.fabric.plugin] FabricManager::initializePointInstancer mismatched prototypes on point instancer: /Visuals/Command/velocity_goal.
2026-05-04T10:28:29Z [12,767ms] [Warning] [omni.physx.fabric.plugin] FabricManager::initializePointInstancer mismatched prototypes on point instancer: /Visuals/Command/velocity_current.
2026-05-04T10:28:29Z [12,767ms] [Warning] [omni.physx.fabric.plugin] FabricManager::initializePointInstancer mismatched prototypes on point instancer: /Visuals/Command/velocity_goal.
2026-05-04T10:28:29Z [12,828ms] [Warning] [omni.syntheticdata.plugin] OgnSdPostRenderVarToHost : rendervar copy from texture directly to host buffer is counter-performant. Please use copy from texture to device buffer first.
2026-05-04T10:28:32Z [14,861ms] [Warning] [carb] Client gpu.foundation.plugin has acquired [gpu::unstable::IMemoryBudgetManagerFactory v0.1] 100 times. Consider accessing this interface with carb::getCachedInterface() (Performance warning)
