[3gH    H    H    H    H    H    H    H    H    H    H    H    H    H    H    H    H    H    H    H   [INFO] Using python from: /home/anyone/miniforge3/envs/env_isaaclab/bin/python
Loading user config located at: '/home/anyone/miniforge3/envs/env_isaaclab/lib/python3.11/site-packages/isaacsim/kit/data/Kit/Isaac-Sim/5.1/user.config.json'
[Info] [carb] Logging to file: /home/anyone/miniforge3/envs/env_isaaclab/lib/python3.11/site-packages/isaacsim/kit/logs/Kit/Isaac-Sim/5.1/kit_20260501_214401.log
2026-05-01T09:44:01Z [77ms] [Warning] [omni.usd_config.extension] Enable omni.materialx.libs extension to use MaterialX
2026-05-01T09:44:01Z [369ms] [Warning] [omni.platforminfo.plugin] failed to open the default display.  Can't verify X Server version.
2026-05-01T09:44:02Z [527ms] [Warning] [carb] Acquiring non optional plugin interface which is not listed as dependency: [omni::physx::IPhysxBenchmarks v1.0] (plugin: <default plugin>), by client: omni.physics.physx.plugin. Add it to CARB_PLUGIN_IMPL_DEPS() macro of a client.
2026-05-01T09:44:02Z [534ms] [Warning] [omni.isaac.dynamic_control] omni.isaac.dynamic_control is deprecated as of Isaac Sim 4.5. No action is needed from end-users.
2026-05-01T09:44:04Z [3,018ms] [Warning] [carb.cudainterop.plugin] CUDA_VISIBLE_DEVICES environment variable is set.
2026-05-01T09:44:04Z [3,018ms] [Warning] [carb.cudainterop.plugin] Note CUDA device enumeration and Omniverse device enumeration are different.
2026-05-01T09:44:04Z [3,018ms] [Warning] [carb.cudainterop.plugin] Setting CUDA_VISIBLE_DEVICES can lead to undesired behavior or crashes.
2026-05-01T09:44:04Z [3,476ms] [Warning] [gpu.foundation.plugin] Skipping NVIDIA GPU due CUDA being in bad state: NVIDIA GeForce RTX 5060 Ti
2026-05-01T09:44:04Z [3,476ms] [Warning] [gpu.foundation.plugin] Please restart your system if CUDA is known to work in your system.
2026-05-01T09:44:04Z [3,477ms] [Warning] [gpu.foundation.plugin] Skipping NVIDIA GPU due CUDA being in bad state: NVIDIA GeForce RTX 5060 Ti
2026-05-01T09:44:04Z [3,477ms] [Warning] [gpu.foundation.plugin] Please restart your system if CUDA is known to work in your system.

|---------------------------------------------------------------------------------------------|
| Driver Version: 580.126.09    | Graphics API: Vulkan
|=============================================================================================|
| GPU | Name                             | Active | LDA | GPU Memory | Vendor-ID | LUID       |
|     |                                  |        |     |            | Device-ID | UUID       |
|     |                                  |        |     |            | Bus-ID    |            |
|---------------------------------------------------------------------------------------------|
| 0   | NVIDIA GeForce RTX 5060 Ti       |        |     | 16557   MB | 10de      | 0          |
|     |                                  |        |     |            | 2d04      | 2b74a472.. |
|     |                                  |        |     |            | 1         |            |
|---------------------------------------------------------------------------------------------|
| 1   | NVIDIA GeForce RTX 5060 Ti       | Yes: 0 |     | 16557   MB | 10de      | 0          |
|     |                                  |        |     |            | 2d04      | 7c6496a1.. |
|     |                                  |        |     |            | 5         |            |
|=============================================================================================|
| OS: 24.04.3 LTS (Noble Numbat) ubuntu, Version: 24.04.3, Kernel: 6.14.0-37-generic
| Processor: Intel(R) Core(TM) i5-14400F
| Bare Metal Cores: 10 | Bare Metal Logical Cores: 20
| Available Cores:  16 
|---------------------------------------------------------------------------------------------|
| Total Memory (MB): 64136 | Free Memory: 34569
| Total Page/Swap (MB): 8191 | Free Page/Swap: 7699
|---------------------------------------------------------------------------------------------|
2026-05-01T09:44:05Z [3,700ms] [Warning] [gpu.foundation.plugin] PCIe link width current (4) and maximum (16) for device 1 don't match.
2026-05-01T09:44:05Z [3,700ms] [Warning] [gpu.foundation.plugin] IOMMU is enabled.
2026-05-01T09:44:05Z [3,700ms] [Warning] [gpu.foundation.plugin] Detected IOMMU is enabled. Running CUDA peer-to-peer bandwidth and latency validation.
[WARN][AppLauncher]: There are no arguments attached to the ArgumentParser object. If you have your own arguments, please load your own arguments before calling the `AppLauncher.add_app_launcher_args` method. This allows the method to check the validity of the arguments and perform checks for argument names.
[INFO][AppLauncher]: Using device: cuda:0
[INFO][AppLauncher]: Loading experience file: /home/anyone/IsaacLab/apps/isaaclab.python.headless.kit

[36m======================================================================================[0m
[36m[1m[INFO][IsaacLab]: Logging to file: /tmp/isaaclab/logs/isaaclab_2026-05-01_21-44-05.log[0m
[36m======================================================================================[0m

[33m21:44:05 [simulation_context.py] WARNING: The `enable_external_forces_every_iteration` parameter in the PhysxCfg is set to False. If you are experiencing noisy velocities, consider enabling this flag. You may need to slightly increase the number of velocity iterations (setting it to 1 or 2 rather than 0), together with this flag, to improve the accuracy of velocity updates.[0m
